31-Jan-2023 13:41:56.725 INFO [main] org.apache.catalina.startup.VersionLoggerListener.log Server version name:   Apache Tomcat/10.0.27
31-Jan-2023 13:41:56.730 INFO [main] org.apache.catalina.startup.VersionLoggerListener.log Server built:          Oct 3 2022 14:18:31 UTC
31-Jan-2023 13:41:56.730 INFO [main] org.apache.catalina.startup.VersionLoggerListener.log Server version number: 10.0.27.0
31-Jan-2023 13:41:56.730 INFO [main] org.apache.catalina.startup.VersionLoggerListener.log OS Name:               Windows 10
31-Jan-2023 13:41:56.731 INFO [main] org.apache.catalina.startup.VersionLoggerListener.log OS Version:            10.0
31-Jan-2023 13:41:56.731 INFO [main] org.apache.catalina.startup.VersionLoggerListener.log Architecture:          amd64
31-Jan-2023 13:41:56.731 INFO [main] org.apache.catalina.startup.VersionLoggerListener.log Java Home:             C:\Program Files\Eclipse Adoptium\jdk-11.0.16.101-hotspot
31-Jan-2023 13:41:56.731 INFO [main] org.apache.catalina.startup.VersionLoggerListener.log JVM Version:           11.0.16.1+1
31-Jan-2023 13:41:56.732 INFO [main] org.apache.catalina.startup.VersionLoggerListener.log JVM Vendor:            Eclipse Adoptium
31-Jan-2023 13:41:56.732 INFO [main] org.apache.catalina.startup.VersionLoggerListener.log CATALINA_BASE:         C:\Users\Gabriel\Downloads\apache-tomcat-10.0.27\apache-tomcat-10.0.27
31-Jan-2023 13:41:56.732 INFO [main] org.apache.catalina.startup.VersionLoggerListener.log CATALINA_HOME:         C:\Users\Gabriel\Downloads\apache-tomcat-10.0.27\apache-tomcat-10.0.27
31-Jan-2023 13:41:56.756 INFO [main] org.apache.catalina.startup.VersionLoggerListener.log Command line argument: -Djava.util.logging.config.file=c:\Users\Gabriel\Downloads\apache-tomcat-10.0.27\apache-tomcat-10.0.27/conf/logging.properties
31-Jan-2023 13:41:56.757 INFO [main] org.apache.catalina.startup.VersionLoggerListener.log Command line argument: -Djava.util.logging.manager=org.apache.juli.ClassLoaderLogManager
31-Jan-2023 13:41:56.757 INFO [main] org.apache.catalina.startup.VersionLoggerListener.log Command line argument: -Djdk.tls.ephemeralDHKeySize=2048
31-Jan-2023 13:41:56.757 INFO [main] org.apache.catalina.startup.VersionLoggerListener.log Command line argument: -Djava.protocol.handler.pkgs=org.apache.catalina.webresources
31-Jan-2023 13:41:56.757 INFO [main] org.apache.catalina.startup.VersionLoggerListener.log Command line argument: -Dorg.apache.catalina.security.SecurityListener.UMASK=0027
31-Jan-2023 13:41:56.758 INFO [main] org.apache.catalina.startup.VersionLoggerListener.log Command line argument: -Dcatalina.base=c:\Users\Gabriel\Downloads\apache-tomcat-10.0.27\apache-tomcat-10.0.27
31-Jan-2023 13:41:56.758 INFO [main] org.apache.catalina.startup.VersionLoggerListener.log Command line argument: -Dcatalina.home=c:\Users\Gabriel\Downloads\apache-tomcat-10.0.27\apache-tomcat-10.0.27
31-Jan-2023 13:41:56.758 INFO [main] org.apache.catalina.startup.VersionLoggerListener.log Command line argument: -Djava.io.tmpdir=c:\Users\Gabriel\Downloads\apache-tomcat-10.0.27\apache-tomcat-10.0.27/temp
31-Jan-2023 13:41:56.780 INFO [main] org.apache.catalina.core.AprLifecycleListener.lifecycleEvent The Apache Tomcat Native library which allows using OpenSSL was not found on the java.library.path: [C:\Program Files\Eclipse Adoptium\jdk-11.0.16.101-hotspot\bin;C:\WINDOWS\Sun\Java\bin;C:\WINDOWS\system32;C:\WINDOWS;C:\Program Files\Microsoft\jdk-11.0.16.101-hotspot\bin;C:\Program Files\Microsoft\jdk-11.0.12.7-hotspot\bin;C:\Program Files\Eclipse Adoptium\jdk-17.0.5.8-hotspot\bin;C:\Program Files\Eclipse Adoptium\jdk-11.0.16.101-hotspot\bin;C:\Windows\system32;C:\Windows;C:\Windows\System32\Wbem;C:\Windows\System32\WindowsPowerShell\v1.0\;C:\Windows\System32\OpenSSH\;C:\Program Files\Microsoft VS Code\bin;C:\WINDOWS\system32;C:\WINDOWS;C:\WINDOWS\System32\Wbem;C:\WINDOWS\System32\WindowsPowerShell\v1.0\;C:\WINDOWS\System32\OpenSSH\;C:\Program Files\Git\cmd;C:\xampp\php;C:\Program Files\dotnet\;C:\Users\Gabriel\AppData\Local\Android\Sdk;;C:\Program Files\Docker\Docker\resources\bin;C:\ProgramData\ComposerSetup\bin;C:\Program Files\nodejs\;C:\Program Files\PowerShell\7\;C:\Users\Gabriel\scoop\apps\gcc\current\bin;C:\Users\Gabriel\scoop\shims;C:\Users\Gabriel\AppData\Local\Microsoft\WindowsApps;C:\Users\Gabriel\.dotnet\tools;C:\Users\Gabriel\AppData\Local\Programs\oh-my-posh\bin;C:\apache-maven-3.8.6\bin;C:\Users\Gabriel\AppData\Roaming\Composer\vendor\bin;C:\Users\Gabriel\.dotnet\tools;C:\Users\Gabriel\AppData\Roaming\npm;.]
31-Jan-2023 13:41:57.378 INFO [main] org.apache.coyote.AbstractProtocol.init Initializing ProtocolHandler ["http-nio-8080"]
31-Jan-2023 13:41:57.425 INFO [main] org.apache.catalina.startup.Catalina.load Server initialization in [951] milliseconds
31-Jan-2023 13:41:57.521 INFO [main] org.apache.catalina.core.StandardService.startInternal Starting service [Catalina]
31-Jan-2023 13:41:57.521 INFO [main] org.apache.catalina.core.StandardEngine.startInternal Starting Servlet engine: [Apache Tomcat/10.0.27]
31-Jan-2023 13:41:57.560 INFO [main] org.apache.catalina.startup.HostConfig.deployWAR Deploying web application archive [C:\Users\Gabriel\Downloads\apache-tomcat-10.0.27\apache-tomcat-10.0.27\webapps\demo.war]
31-Jan-2023 13:41:59.357 INFO [main] org.apache.jasper.servlet.TldScanner.scanJars At least one JAR was scanned for TLDs yet contained no TLDs. Enable debug logging for this logger for a complete list of JARs that were scanned but no TLDs were found in them. Skipping unneeded JARs during scanning can improve startup time and JSP compilation time.
31-Jan-2023 13:41:59.512 WARNING [main] org.apache.catalina.util.SessionIdGeneratorBase.createSecureRandom Creation of SecureRandom instance for session ID generation using [SHA1PRNG] took [115] milliseconds.
31-Jan-2023 13:42:01.897 INFO [main] org.apache.catalina.startup.HostConfig.deployWAR Deployment of web application archive [C:\Users\Gabriel\Downloads\apache-tomcat-10.0.27\apache-tomcat-10.0.27\webapps\demo.war] has finished in [4,337] ms
31-Jan-2023 13:42:01.898 INFO [main] org.apache.catalina.startup.HostConfig.deployDirectory Deploying web application directory [C:\Users\Gabriel\Downloads\apache-tomcat-10.0.27\apache-tomcat-10.0.27\webapps\docs]
31-Jan-2023 13:42:01.939 INFO [main] org.apache.catalina.startup.HostConfig.deployDirectory Deployment of web application directory [C:\Users\Gabriel\Downloads\apache-tomcat-10.0.27\apache-tomcat-10.0.27\webapps\docs] has finished in [40] ms
31-Jan-2023 13:42:01.939 INFO [main] org.apache.catalina.startup.HostConfig.deployDirectory Deploying web application directory [C:\Users\Gabriel\Downloads\apache-tomcat-10.0.27\apache-tomcat-10.0.27\webapps\examples]
31-Jan-2023 13:42:02.424 INFO [main] org.apache.catalina.startup.HostConfig.deployDirectory Deployment of web application directory [C:\Users\Gabriel\Downloads\apache-tomcat-10.0.27\apache-tomcat-10.0.27\webapps\examples] has finished in [484] ms
31-Jan-2023 13:42:02.425 INFO [main] org.apache.catalina.startup.HostConfig.deployDirectory Deploying web application directory [C:\Users\Gabriel\Downloads\apache-tomcat-10.0.27\apache-tomcat-10.0.27\webapps\host-manager]
31-Jan-2023 13:42:02.488 INFO [main] org.apache.catalina.startup.HostConfig.deployDirectory Deployment of web application directory [C:\Users\Gabriel\Downloads\apache-tomcat-10.0.27\apache-tomcat-10.0.27\webapps\host-manager] has finished in [64] ms
31-Jan-2023 13:42:02.489 INFO [main] org.apache.catalina.startup.HostConfig.deployDirectory Deploying web application directory [C:\Users\Gabriel\Downloads\apache-tomcat-10.0.27\apache-tomcat-10.0.27\webapps\manager]
31-Jan-2023 13:42:02.543 INFO [main] org.apache.catalina.startup.HostConfig.deployDirectory Deployment of web application directory [C:\Users\Gabriel\Downloads\apache-tomcat-10.0.27\apache-tomcat-10.0.27\webapps\manager] has finished in [54] ms
31-Jan-2023 13:42:02.544 INFO [main] org.apache.catalina.startup.HostConfig.deployDirectory Deploying web application directory [C:\Users\Gabriel\Downloads\apache-tomcat-10.0.27\apache-tomcat-10.0.27\webapps\ROOT]
31-Jan-2023 13:42:02.590 INFO [main] org.apache.catalina.startup.HostConfig.deployDirectory Deployment of web application directory [C:\Users\Gabriel\Downloads\apache-tomcat-10.0.27\apache-tomcat-10.0.27\webapps\ROOT] has finished in [46] ms
31-Jan-2023 13:42:02.597 INFO [main] org.apache.coyote.AbstractProtocol.start Starting ProtocolHandler ["http-nio-8080"]
31-Jan-2023 13:42:02.723 INFO [main] org.apache.catalina.startup.Catalina.start Server startup in [5296] milliseconds
31-Jan-2023 13:49:16.800 INFO [main] org.apache.catalina.startup.VersionLoggerListener.log Server version name:   Apache Tomcat/10.0.27
31-Jan-2023 13:49:16.804 INFO [main] org.apache.catalina.startup.VersionLoggerListener.log Server built:          Oct 3 2022 14:18:31 UTC
31-Jan-2023 13:49:16.805 INFO [main] org.apache.catalina.startup.VersionLoggerListener.log Server version number: 10.0.27.0
31-Jan-2023 13:49:16.805 INFO [main] org.apache.catalina.startup.VersionLoggerListener.log OS Name:               Windows 10
31-Jan-2023 13:49:16.805 INFO [main] org.apache.catalina.startup.VersionLoggerListener.log OS Version:            10.0
31-Jan-2023 13:49:16.805 INFO [main] org.apache.catalina.startup.VersionLoggerListener.log Architecture:          amd64
31-Jan-2023 13:49:16.806 INFO [main] org.apache.catalina.startup.VersionLoggerListener.log Java Home:             C:\Program Files\Eclipse Adoptium\jdk-11.0.16.101-hotspot
31-Jan-2023 13:49:16.806 INFO [main] org.apache.catalina.startup.VersionLoggerListener.log JVM Version:           11.0.16.1+1
31-Jan-2023 13:49:16.806 INFO [main] org.apache.catalina.startup.VersionLoggerListener.log JVM Vendor:            Eclipse Adoptium
31-Jan-2023 13:49:16.807 INFO [main] org.apache.catalina.startup.VersionLoggerListener.log CATALINA_BASE:         C:\Users\Gabriel\git\Data-Access\05-web-services\apache-tomcat-10.0.27
31-Jan-2023 13:49:16.807 INFO [main] org.apache.catalina.startup.VersionLoggerListener.log CATALINA_HOME:         C:\Users\Gabriel\git\Data-Access\05-web-services\apache-tomcat-10.0.27
31-Jan-2023 13:49:16.846 INFO [main] org.apache.catalina.startup.VersionLoggerListener.log Command line argument: -Djava.util.logging.config.file=c:\Users\Gabriel\git\Data-Access\05-web-services\apache-tomcat-10.0.27/conf/logging.properties
31-Jan-2023 13:49:16.846 INFO [main] org.apache.catalina.startup.VersionLoggerListener.log Command line argument: -Djava.util.logging.manager=org.apache.juli.ClassLoaderLogManager
31-Jan-2023 13:49:16.847 INFO [main] org.apache.catalina.startup.VersionLoggerListener.log Command line argument: -Djdk.tls.ephemeralDHKeySize=2048
31-Jan-2023 13:49:16.847 INFO [main] org.apache.catalina.startup.VersionLoggerListener.log Command line argument: -Djava.protocol.handler.pkgs=org.apache.catalina.webresources
31-Jan-2023 13:49:16.847 INFO [main] org.apache.catalina.startup.VersionLoggerListener.log Command line argument: -Dorg.apache.catalina.security.SecurityListener.UMASK=0027
31-Jan-2023 13:49:16.847 INFO [main] org.apache.catalina.startup.VersionLoggerListener.log Command line argument: -Dcatalina.base=c:\Users\Gabriel\git\Data-Access\05-web-services\apache-tomcat-10.0.27
31-Jan-2023 13:49:16.847 INFO [main] org.apache.catalina.startup.VersionLoggerListener.log Command line argument: -Dcatalina.home=c:\Users\Gabriel\git\Data-Access\05-web-services\apache-tomcat-10.0.27
31-Jan-2023 13:49:16.848 INFO [main] org.apache.catalina.startup.VersionLoggerListener.log Command line argument: -Djava.io.tmpdir=c:\Users\Gabriel\git\Data-Access\05-web-services\apache-tomcat-10.0.27/temp
31-Jan-2023 13:49:16.901 INFO [main] org.apache.catalina.core.AprLifecycleListener.lifecycleEvent The Apache Tomcat Native library which allows using OpenSSL was not found on the java.library.path: [C:\Program Files\Eclipse Adoptium\jdk-11.0.16.101-hotspot\bin;C:\WINDOWS\Sun\Java\bin;C:\WINDOWS\system32;C:\WINDOWS;C:\Program Files\Microsoft\jdk-11.0.16.101-hotspot\bin;C:\Program Files\Microsoft\jdk-11.0.12.7-hotspot\bin;C:\Program Files\Eclipse Adoptium\jdk-17.0.5.8-hotspot\bin;C:\Program Files\Eclipse Adoptium\jdk-11.0.16.101-hotspot\bin;C:\Windows\system32;C:\Windows;C:\Windows\System32\Wbem;C:\Windows\System32\WindowsPowerShell\v1.0\;C:\Windows\System32\OpenSSH\;C:\Program Files\Microsoft VS Code\bin;C:\WINDOWS\system32;C:\WINDOWS;C:\WINDOWS\System32\Wbem;C:\WINDOWS\System32\WindowsPowerShell\v1.0\;C:\WINDOWS\System32\OpenSSH\;C:\Program Files\Git\cmd;C:\xampp\php;C:\Program Files\dotnet\;C:\Users\Gabriel\AppData\Local\Android\Sdk;;C:\Program Files\Docker\Docker\resources\bin;C:\ProgramData\ComposerSetup\bin;C:\Program Files\nodejs\;C:\Program Files\PowerShell\7\;C:\Users\Gabriel\scoop\apps\gcc\current\bin;C:\Users\Gabriel\scoop\shims;C:\Users\Gabriel\AppData\Local\Microsoft\WindowsApps;C:\Users\Gabriel\.dotnet\tools;C:\Users\Gabriel\AppData\Local\Programs\oh-my-posh\bin;C:\apache-maven-3.8.6\bin;C:\Users\Gabriel\AppData\Roaming\Composer\vendor\bin;C:\Users\Gabriel\.dotnet\tools;C:\Users\Gabriel\AppData\Roaming\npm;.]
31-Jan-2023 13:49:17.669 INFO [main] org.apache.coyote.AbstractProtocol.init Initializing ProtocolHandler ["http-nio-8080"]
31-Jan-2023 13:49:17.745 INFO [main] org.apache.catalina.startup.Catalina.load Server initialization in [1198] milliseconds
31-Jan-2023 13:49:17.971 INFO [main] org.apache.catalina.core.StandardService.startInternal Starting service [Catalina]
31-Jan-2023 13:49:17.971 INFO [main] org.apache.catalina.core.StandardEngine.startInternal Starting Servlet engine: [Apache Tomcat/10.0.27]
31-Jan-2023 13:49:18.016 INFO [main] org.apache.catalina.startup.HostConfig.deployWAR Deploying web application archive [C:\Users\Gabriel\git\Data-Access\05-web-services\apache-tomcat-10.0.27\webapps\demo.war]
31-Jan-2023 13:49:20.259 INFO [main] org.apache.jasper.servlet.TldScanner.scanJars At least one JAR was scanned for TLDs yet contained no TLDs. Enable debug logging for this logger for a complete list of JARs that were scanned but no TLDs were found in them. Skipping unneeded JARs during scanning can improve startup time and JSP compilation time.
31-Jan-2023 13:49:20.465 WARNING [main] org.apache.catalina.util.SessionIdGeneratorBase.createSecureRandom Creation of SecureRandom instance for session ID generation using [SHA1PRNG] took [152] milliseconds.
31-Jan-2023 13:49:23.311 INFO [main] org.apache.catalina.startup.HostConfig.deployWAR Deployment of web application archive [C:\Users\Gabriel\git\Data-Access\05-web-services\apache-tomcat-10.0.27\webapps\demo.war] has finished in [5,295] ms
31-Jan-2023 13:49:23.316 INFO [main] org.apache.catalina.startup.HostConfig.deployWAR Deploying web application archive [C:\Users\Gabriel\git\Data-Access\05-web-services\apache-tomcat-10.0.27\webapps\web-service.war]
31-Jan-2023 13:49:24.817 INFO [main] org.apache.jasper.servlet.TldScanner.scanJars At least one JAR was scanned for TLDs yet contained no TLDs. Enable debug logging for this logger for a complete list of JARs that were scanned but no TLDs were found in them. Skipping unneeded JARs during scanning can improve startup time and JSP compilation time.
31-Jan-2023 13:49:27.026 INFO [main] org.apache.catalina.startup.HostConfig.deployWAR Deployment of web application archive [C:\Users\Gabriel\git\Data-Access\05-web-services\apache-tomcat-10.0.27\webapps\web-service.war] has finished in [3,709] ms
31-Jan-2023 13:49:27.027 INFO [main] org.apache.catalina.startup.HostConfig.deployDirectory Deploying web application directory [C:\Users\Gabriel\git\Data-Access\05-web-services\apache-tomcat-10.0.27\webapps\docs]
31-Jan-2023 13:49:27.086 INFO [main] org.apache.catalina.startup.HostConfig.deployDirectory Deployment of web application directory [C:\Users\Gabriel\git\Data-Access\05-web-services\apache-tomcat-10.0.27\webapps\docs] has finished in [59] ms
31-Jan-2023 13:49:27.087 INFO [main] org.apache.catalina.startup.HostConfig.deployDirectory Deploying web application directory [C:\Users\Gabriel\git\Data-Access\05-web-services\apache-tomcat-10.0.27\webapps\examples]
31-Jan-2023 13:49:27.804 INFO [main] org.apache.catalina.startup.HostConfig.deployDirectory Deployment of web application directory [C:\Users\Gabriel\git\Data-Access\05-web-services\apache-tomcat-10.0.27\webapps\examples] has finished in [715] ms
31-Jan-2023 13:49:27.804 INFO [main] org.apache.catalina.startup.HostConfig.deployDirectory Deploying web application directory [C:\Users\Gabriel\git\Data-Access\05-web-services\apache-tomcat-10.0.27\webapps\host-manager]
31-Jan-2023 13:49:27.991 INFO [main] org.apache.catalina.startup.HostConfig.deployDirectory Deployment of web application directory [C:\Users\Gabriel\git\Data-Access\05-web-services\apache-tomcat-10.0.27\webapps\host-manager] has finished in [187] ms
31-Jan-2023 13:49:27.992 INFO [main] org.apache.catalina.startup.HostConfig.deployDirectory Deploying web application directory [C:\Users\Gabriel\git\Data-Access\05-web-services\apache-tomcat-10.0.27\webapps\manager]
31-Jan-2023 13:49:28.088 INFO [main] org.apache.catalina.startup.HostConfig.deployDirectory Deployment of web application directory [C:\Users\Gabriel\git\Data-Access\05-web-services\apache-tomcat-10.0.27\webapps\manager] has finished in [94] ms
31-Jan-2023 13:49:28.090 INFO [main] org.apache.catalina.startup.HostConfig.deployDirectory Deploying web application directory [C:\Users\Gabriel\git\Data-Access\05-web-services\apache-tomcat-10.0.27\webapps\ROOT]
31-Jan-2023 13:49:28.160 INFO [main] org.apache.catalina.startup.HostConfig.deployDirectory Deployment of web application directory [C:\Users\Gabriel\git\Data-Access\05-web-services\apache-tomcat-10.0.27\webapps\ROOT] has finished in [72] ms
31-Jan-2023 13:49:28.176 INFO [main] org.apache.coyote.AbstractProtocol.start Starting ProtocolHandler ["http-nio-8080"]
31-Jan-2023 13:49:28.377 INFO [main] org.apache.catalina.startup.Catalina.start Server startup in [10631] milliseconds
31-Jan-2023 13:50:14.986 INFO [main] org.apache.catalina.core.StandardServer.await A valid shutdown command was received via the shutdown port. Stopping the Server instance.
31-Jan-2023 13:50:14.987 INFO [main] org.apache.coyote.AbstractProtocol.pause Pausing ProtocolHandler ["http-nio-8080"]
31-Jan-2023 13:50:15.076 INFO [main] org.apache.catalina.core.StandardService.stopInternal Stopping service [Catalina]
31-Jan-2023 13:50:15.129 INFO [main] org.apache.coyote.AbstractProtocol.stop Stopping ProtocolHandler ["http-nio-8080"]
31-Jan-2023 13:50:15.148 INFO [main] org.apache.coyote.AbstractProtocol.destroy Destroying ProtocolHandler ["http-nio-8080"]
31-Jan-2023 13:50:59.980 INFO [main] org.apache.catalina.startup.VersionLoggerListener.log Server version name:   Apache Tomcat/10.0.27
31-Jan-2023 13:50:59.984 INFO [main] org.apache.catalina.startup.VersionLoggerListener.log Server built:          Oct 3 2022 14:18:31 UTC
31-Jan-2023 13:50:59.984 INFO [main] org.apache.catalina.startup.VersionLoggerListener.log Server version number: 10.0.27.0
31-Jan-2023 13:50:59.984 INFO [main] org.apache.catalina.startup.VersionLoggerListener.log OS Name:               Windows 10
31-Jan-2023 13:50:59.985 INFO [main] org.apache.catalina.startup.VersionLoggerListener.log OS Version:            10.0
31-Jan-2023 13:50:59.985 INFO [main] org.apache.catalina.startup.VersionLoggerListener.log Architecture:          amd64
31-Jan-2023 13:50:59.985 INFO [main] org.apache.catalina.startup.VersionLoggerListener.log Java Home:             C:\Program Files\Eclipse Adoptium\jdk-11.0.16.101-hotspot
31-Jan-2023 13:50:59.985 INFO [main] org.apache.catalina.startup.VersionLoggerListener.log JVM Version:           11.0.16.1+1
31-Jan-2023 13:50:59.985 INFO [main] org.apache.catalina.startup.VersionLoggerListener.log JVM Vendor:            Eclipse Adoptium
31-Jan-2023 13:50:59.985 INFO [main] org.apache.catalina.startup.VersionLoggerListener.log CATALINA_BASE:         C:\Users\Gabriel\git\Data-Access\05-web-services\apache-tomcat-10.0.27
31-Jan-2023 13:50:59.986 INFO [main] org.apache.catalina.startup.VersionLoggerListener.log CATALINA_HOME:         C:\Users\Gabriel\git\Data-Access\05-web-services\apache-tomcat-10.0.27
31-Jan-2023 13:51:00.001 INFO [main] org.apache.catalina.startup.VersionLoggerListener.log Command line argument: -Djava.util.logging.config.file=c:\Users\Gabriel\git\Data-Access\05-web-services\apache-tomcat-10.0.27/conf/logging.properties
31-Jan-2023 13:51:00.002 INFO [main] org.apache.catalina.startup.VersionLoggerListener.log Command line argument: -Djava.util.logging.manager=org.apache.juli.ClassLoaderLogManager
31-Jan-2023 13:51:00.002 INFO [main] org.apache.catalina.startup.VersionLoggerListener.log Command line argument: -Djdk.tls.ephemeralDHKeySize=2048
31-Jan-2023 13:51:00.002 INFO [main] org.apache.catalina.startup.VersionLoggerListener.log Command line argument: -Djava.protocol.handler.pkgs=org.apache.catalina.webresources
31-Jan-2023 13:51:00.002 INFO [main] org.apache.catalina.startup.VersionLoggerListener.log Command line argument: -Dorg.apache.catalina.security.SecurityListener.UMASK=0027
31-Jan-2023 13:51:00.003 INFO [main] org.apache.catalina.startup.VersionLoggerListener.log Command line argument: -Dcatalina.base=c:\Users\Gabriel\git\Data-Access\05-web-services\apache-tomcat-10.0.27
31-Jan-2023 13:51:00.003 INFO [main] org.apache.catalina.startup.VersionLoggerListener.log Command line argument: -Dcatalina.home=c:\Users\Gabriel\git\Data-Access\05-web-services\apache-tomcat-10.0.27
31-Jan-2023 13:51:00.003 INFO [main] org.apache.catalina.startup.VersionLoggerListener.log Command line argument: -Djava.io.tmpdir=c:\Users\Gabriel\git\Data-Access\05-web-services\apache-tomcat-10.0.27/temp
31-Jan-2023 13:51:00.027 INFO [main] org.apache.catalina.core.AprLifecycleListener.lifecycleEvent The Apache Tomcat Native library which allows using OpenSSL was not found on the java.library.path: [C:\Program Files\Eclipse Adoptium\jdk-11.0.16.101-hotspot\bin;C:\WINDOWS\Sun\Java\bin;C:\WINDOWS\system32;C:\WINDOWS;C:\Program Files\Microsoft\jdk-11.0.16.101-hotspot\bin;C:\Program Files\Microsoft\jdk-11.0.12.7-hotspot\bin;C:\Program Files\Eclipse Adoptium\jdk-17.0.5.8-hotspot\bin;C:\Program Files\Eclipse Adoptium\jdk-11.0.16.101-hotspot\bin;C:\Windows\system32;C:\Windows;C:\Windows\System32\Wbem;C:\Windows\System32\WindowsPowerShell\v1.0\;C:\Windows\System32\OpenSSH\;C:\Program Files\Microsoft VS Code\bin;C:\WINDOWS\system32;C:\WINDOWS;C:\WINDOWS\System32\Wbem;C:\WINDOWS\System32\WindowsPowerShell\v1.0\;C:\WINDOWS\System32\OpenSSH\;C:\Program Files\Git\cmd;C:\xampp\php;C:\Program Files\dotnet\;C:\Users\Gabriel\AppData\Local\Android\Sdk;;C:\Program Files\Docker\Docker\resources\bin;C:\ProgramData\ComposerSetup\bin;C:\Program Files\nodejs\;C:\Program Files\PowerShell\7\;C:\Users\Gabriel\scoop\apps\gcc\current\bin;C:\Users\Gabriel\scoop\shims;C:\Users\Gabriel\AppData\Local\Microsoft\WindowsApps;C:\Users\Gabriel\.dotnet\tools;C:\Users\Gabriel\AppData\Local\Programs\oh-my-posh\bin;C:\apache-maven-3.8.6\bin;C:\Users\Gabriel\AppData\Roaming\Composer\vendor\bin;C:\Users\Gabriel\.dotnet\tools;C:\Users\Gabriel\AppData\Roaming\npm;.]
31-Jan-2023 13:51:00.581 INFO [main] org.apache.coyote.AbstractProtocol.init Initializing ProtocolHandler ["http-nio-8080"]
31-Jan-2023 13:51:00.620 INFO [main] org.apache.catalina.startup.Catalina.load Server initialization in [898] milliseconds
31-Jan-2023 13:51:00.713 INFO [main] org.apache.catalina.core.StandardService.startInternal Starting service [Catalina]
31-Jan-2023 13:51:00.713 INFO [main] org.apache.catalina.core.StandardEngine.startInternal Starting Servlet engine: [Apache Tomcat/10.0.27]
31-Jan-2023 13:51:00.742 INFO [main] org.apache.catalina.startup.HostConfig.deployWAR Deploying web application archive [C:\Users\Gabriel\git\Data-Access\05-web-services\apache-tomcat-10.0.27\webapps\demo.war]
31-Jan-2023 13:51:02.359 INFO [main] org.apache.jasper.servlet.TldScanner.scanJars At least one JAR was scanned for TLDs yet contained no TLDs. Enable debug logging for this logger for a complete list of JARs that were scanned but no TLDs were found in them. Skipping unneeded JARs during scanning can improve startup time and JSP compilation time.
31-Jan-2023 13:51:02.563 WARNING [main] org.apache.catalina.util.SessionIdGeneratorBase.createSecureRandom Creation of SecureRandom instance for session ID generation using [SHA1PRNG] took [153] milliseconds.
31-Jan-2023 13:51:04.908 INFO [main] org.apache.catalina.startup.HostConfig.deployWAR Deployment of web application archive [C:\Users\Gabriel\git\Data-Access\05-web-services\apache-tomcat-10.0.27\webapps\demo.war] has finished in [4,166] ms
31-Jan-2023 13:51:04.912 INFO [main] org.apache.catalina.startup.HostConfig.deployWAR Deploying web application archive [C:\Users\Gabriel\git\Data-Access\05-web-services\apache-tomcat-10.0.27\webapps\web-service.war]
31-Jan-2023 13:51:05.973 INFO [main] org.apache.jasper.servlet.TldScanner.scanJars At least one JAR was scanned for TLDs yet contained no TLDs. Enable debug logging for this logger for a complete list of JARs that were scanned but no TLDs were found in them. Skipping unneeded JARs during scanning can improve startup time and JSP compilation time.
31-Jan-2023 13:51:07.983 INFO [main] org.apache.catalina.startup.HostConfig.deployWAR Deployment of web application archive [C:\Users\Gabriel\git\Data-Access\05-web-services\apache-tomcat-10.0.27\webapps\web-service.war] has finished in [3,070] ms
31-Jan-2023 13:51:07.984 INFO [main] org.apache.catalina.startup.HostConfig.deployDirectory Deploying web application directory [C:\Users\Gabriel\git\Data-Access\05-web-services\apache-tomcat-10.0.27\webapps\docs]
31-Jan-2023 13:51:08.025 INFO [main] org.apache.catalina.startup.HostConfig.deployDirectory Deployment of web application directory [C:\Users\Gabriel\git\Data-Access\05-web-services\apache-tomcat-10.0.27\webapps\docs] has finished in [41] ms
31-Jan-2023 13:51:08.025 INFO [main] org.apache.catalina.startup.HostConfig.deployDirectory Deploying web application directory [C:\Users\Gabriel\git\Data-Access\05-web-services\apache-tomcat-10.0.27\webapps\examples]
31-Jan-2023 13:51:08.475 INFO [main] org.apache.catalina.startup.HostConfig.deployDirectory Deployment of web application directory [C:\Users\Gabriel\git\Data-Access\05-web-services\apache-tomcat-10.0.27\webapps\examples] has finished in [450] ms
31-Jan-2023 13:51:08.475 INFO [main] org.apache.catalina.startup.HostConfig.deployDirectory Deploying web application directory [C:\Users\Gabriel\git\Data-Access\05-web-services\apache-tomcat-10.0.27\webapps\host-manager]
31-Jan-2023 13:51:08.547 INFO [main] org.apache.catalina.startup.HostConfig.deployDirectory Deployment of web application directory [C:\Users\Gabriel\git\Data-Access\05-web-services\apache-tomcat-10.0.27\webapps\host-manager] has finished in [71] ms
31-Jan-2023 13:51:08.547 INFO [main] org.apache.catalina.startup.HostConfig.deployDirectory Deploying web application directory [C:\Users\Gabriel\git\Data-Access\05-web-services\apache-tomcat-10.0.27\webapps\manager]
31-Jan-2023 13:51:08.623 INFO [main] org.apache.catalina.startup.HostConfig.deployDirectory Deployment of web application directory [C:\Users\Gabriel\git\Data-Access\05-web-services\apache-tomcat-10.0.27\webapps\manager] has finished in [75] ms
31-Jan-2023 13:51:08.623 INFO [main] org.apache.catalina.startup.HostConfig.deployDirectory Deploying web application directory [C:\Users\Gabriel\git\Data-Access\05-web-services\apache-tomcat-10.0.27\webapps\ROOT]
31-Jan-2023 13:51:08.669 INFO [main] org.apache.catalina.startup.HostConfig.deployDirectory Deployment of web application directory [C:\Users\Gabriel\git\Data-Access\05-web-services\apache-tomcat-10.0.27\webapps\ROOT] has finished in [46] ms
31-Jan-2023 13:51:08.681 INFO [main] org.apache.coyote.AbstractProtocol.start Starting ProtocolHandler ["http-nio-8080"]
31-Jan-2023 13:51:08.842 INFO [main] org.apache.catalina.startup.Catalina.start Server startup in [8222] milliseconds
31-Jan-2023 13:51:28.717 INFO [Catalina-utility-1] org.apache.catalina.startup.HostConfig.undeploy Undeploying context [/web-service]
31-Jan-2023 13:51:28.804 INFO [Catalina-utility-1] org.apache.catalina.startup.HostConfig.deployWAR Deploying web application archive [C:\Users\Gabriel\git\Data-Access\05-web-services\apache-tomcat-10.0.27\webapps\web-service.war]
31-Jan-2023 13:51:31.072 INFO [Catalina-utility-1] org.apache.jasper.servlet.TldScanner.scanJars At least one JAR was scanned for TLDs yet contained no TLDs. Enable debug logging for this logger for a complete list of JARs that were scanned but no TLDs were found in them. Skipping unneeded JARs during scanning can improve startup time and JSP compilation time.
31-Jan-2023 13:51:33.695 INFO [Catalina-utility-1] org.apache.catalina.startup.HostConfig.deployWAR Deployment of web application archive [C:\Users\Gabriel\git\Data-Access\05-web-services\apache-tomcat-10.0.27\webapps\web-service.war] has finished in [4,891] ms
31-Jan-2023 13:51:53.735 INFO [Catalina-utility-2] org.apache.catalina.startup.HostConfig.undeploy Undeploying context [/web-service]
31-Jan-2023 13:51:53.805 INFO [Catalina-utility-2] org.apache.catalina.startup.HostConfig.deployWAR Deploying web application archive [C:\Users\Gabriel\git\Data-Access\05-web-services\apache-tomcat-10.0.27\webapps\web-service.war]
31-Jan-2023 13:51:54.925 INFO [Catalina-utility-2] org.apache.jasper.servlet.TldScanner.scanJars At least one JAR was scanned for TLDs yet contained no TLDs. Enable debug logging for this logger for a complete list of JARs that were scanned but no TLDs were found in them. Skipping unneeded JARs during scanning can improve startup time and JSP compilation time.
31-Jan-2023 13:51:57.147 INFO [Catalina-utility-2] org.apache.catalina.startup.HostConfig.deployWAR Deployment of web application archive [C:\Users\Gabriel\git\Data-Access\05-web-services\apache-tomcat-10.0.27\webapps\web-service.war] has finished in [3,342] ms
31-Jan-2023 13:52:17.688 INFO [Catalina-utility-2] org.apache.catalina.startup.HostConfig.undeploy Undeploying context [/web-service]
31-Jan-2023 13:52:37.758 INFO [Catalina-utility-1] org.apache.catalina.startup.HostConfig.deployWAR Deploying web application archive [C:\Users\Gabriel\git\Data-Access\05-web-services\apache-tomcat-10.0.27\webapps\web-service.war]
31-Jan-2023 13:52:38.988 INFO [Catalina-utility-1] org.apache.jasper.servlet.TldScanner.scanJars At least one JAR was scanned for TLDs yet contained no TLDs. Enable debug logging for this logger for a complete list of JARs that were scanned but no TLDs were found in them. Skipping unneeded JARs during scanning can improve startup time and JSP compilation time.
31-Jan-2023 13:52:40.940 INFO [Catalina-utility-1] org.apache.catalina.startup.HostConfig.deployWAR Deployment of web application archive [C:\Users\Gabriel\git\Data-Access\05-web-services\apache-tomcat-10.0.27\webapps\web-service.war] has finished in [3,182] ms
31-Jan-2023 13:56:11.757 INFO [Catalina-utility-1] org.apache.catalina.startup.HostConfig.undeploy Undeploying context [/web-service]
31-Jan-2023 13:56:31.849 INFO [Catalina-utility-1] org.apache.catalina.startup.HostConfig.deployWAR Deploying web application archive [C:\Users\Gabriel\git\Data-Access\05-web-services\apache-tomcat-10.0.27\webapps\web-service.war]
31-Jan-2023 13:56:33.056 INFO [Catalina-utility-1] org.apache.jasper.servlet.TldScanner.scanJars At least one JAR was scanned for TLDs yet contained no TLDs. Enable debug logging for this logger for a complete list of JARs that were scanned but no TLDs were found in them. Skipping unneeded JARs during scanning can improve startup time and JSP compilation time.
31-Jan-2023 13:56:35.091 INFO [Catalina-utility-1] org.apache.catalina.startup.HostConfig.deployWAR Deployment of web application archive [C:\Users\Gabriel\git\Data-Access\05-web-services\apache-tomcat-10.0.27\webapps\web-service.war] has finished in [3,242] ms
31-Jan-2023 13:56:45.149 INFO [main] org.apache.catalina.core.StandardServer.await A valid shutdown command was received via the shutdown port. Stopping the Server instance.
31-Jan-2023 13:56:45.149 INFO [main] org.apache.coyote.AbstractProtocol.pause Pausing ProtocolHandler ["http-nio-8080"]
31-Jan-2023 13:56:45.246 INFO [main] org.apache.catalina.core.StandardService.stopInternal Stopping service [Catalina]
31-Jan-2023 13:56:45.303 INFO [main] org.apache.coyote.AbstractProtocol.stop Stopping ProtocolHandler ["http-nio-8080"]
31-Jan-2023 13:56:45.323 INFO [main] org.apache.coyote.AbstractProtocol.destroy Destroying ProtocolHandler ["http-nio-8080"]
31-Jan-2023 13:56:46.024 INFO [main] org.apache.catalina.startup.VersionLoggerListener.log Server version name:   Apache Tomcat/10.0.27
31-Jan-2023 13:56:46.028 INFO [main] org.apache.catalina.startup.VersionLoggerListener.log Server built:          Oct 3 2022 14:18:31 UTC
31-Jan-2023 13:56:46.029 INFO [main] org.apache.catalina.startup.VersionLoggerListener.log Server version number: 10.0.27.0
31-Jan-2023 13:56:46.029 INFO [main] org.apache.catalina.startup.VersionLoggerListener.log OS Name:               Windows 10
31-Jan-2023 13:56:46.029 INFO [main] org.apache.catalina.startup.VersionLoggerListener.log OS Version:            10.0
31-Jan-2023 13:56:46.029 INFO [main] org.apache.catalina.startup.VersionLoggerListener.log Architecture:          amd64
31-Jan-2023 13:56:46.029 INFO [main] org.apache.catalina.startup.VersionLoggerListener.log Java Home:             C:\Program Files\Eclipse Adoptium\jdk-11.0.16.101-hotspot
31-Jan-2023 13:56:46.029 INFO [main] org.apache.catalina.startup.VersionLoggerListener.log JVM Version:           11.0.16.1+1
31-Jan-2023 13:56:46.030 INFO [main] org.apache.catalina.startup.VersionLoggerListener.log JVM Vendor:            Eclipse Adoptium
31-Jan-2023 13:56:46.030 INFO [main] org.apache.catalina.startup.VersionLoggerListener.log CATALINA_BASE:         C:\Users\Gabriel\git\Data-Access\05-web-services\apache-tomcat-10.0.27
31-Jan-2023 13:56:46.030 INFO [main] org.apache.catalina.startup.VersionLoggerListener.log CATALINA_HOME:         C:\Users\Gabriel\git\Data-Access\05-web-services\apache-tomcat-10.0.27
31-Jan-2023 13:56:46.052 INFO [main] org.apache.catalina.startup.VersionLoggerListener.log Command line argument: -Djava.util.logging.config.file=c:\Users\Gabriel\git\Data-Access\05-web-services\apache-tomcat-10.0.27/conf/logging.properties
31-Jan-2023 13:56:46.053 INFO [main] org.apache.catalina.startup.VersionLoggerListener.log Command line argument: -Djava.util.logging.manager=org.apache.juli.ClassLoaderLogManager
31-Jan-2023 13:56:46.054 INFO [main] org.apache.catalina.startup.VersionLoggerListener.log Command line argument: -Djdk.tls.ephemeralDHKeySize=2048
31-Jan-2023 13:56:46.054 INFO [main] org.apache.catalina.startup.VersionLoggerListener.log Command line argument: -Djava.protocol.handler.pkgs=org.apache.catalina.webresources
31-Jan-2023 13:56:46.055 INFO [main] org.apache.catalina.startup.VersionLoggerListener.log Command line argument: -Dorg.apache.catalina.security.SecurityListener.UMASK=0027
31-Jan-2023 13:56:46.055 INFO [main] org.apache.catalina.startup.VersionLoggerListener.log Command line argument: -Dcatalina.base=c:\Users\Gabriel\git\Data-Access\05-web-services\apache-tomcat-10.0.27
31-Jan-2023 13:56:46.057 INFO [main] org.apache.catalina.startup.VersionLoggerListener.log Command line argument: -Dcatalina.home=c:\Users\Gabriel\git\Data-Access\05-web-services\apache-tomcat-10.0.27
31-Jan-2023 13:56:46.058 INFO [main] org.apache.catalina.startup.VersionLoggerListener.log Command line argument: -Djava.io.tmpdir=c:\Users\Gabriel\git\Data-Access\05-web-services\apache-tomcat-10.0.27/temp
31-Jan-2023 13:56:46.087 INFO [main] org.apache.catalina.core.AprLifecycleListener.lifecycleEvent The Apache Tomcat Native library which allows using OpenSSL was not found on the java.library.path: [C:\Program Files\Eclipse Adoptium\jdk-11.0.16.101-hotspot\bin;C:\WINDOWS\Sun\Java\bin;C:\WINDOWS\system32;C:\WINDOWS;C:\Program Files\Microsoft\jdk-11.0.16.101-hotspot\bin;C:\Program Files\Microsoft\jdk-11.0.12.7-hotspot\bin;C:\Program Files\Eclipse Adoptium\jdk-17.0.5.8-hotspot\bin;C:\Program Files\Eclipse Adoptium\jdk-11.0.16.101-hotspot\bin;C:\Windows\system32;C:\Windows;C:\Windows\System32\Wbem;C:\Windows\System32\WindowsPowerShell\v1.0\;C:\Windows\System32\OpenSSH\;C:\Program Files\Microsoft VS Code\bin;C:\WINDOWS\system32;C:\WINDOWS;C:\WINDOWS\System32\Wbem;C:\WINDOWS\System32\WindowsPowerShell\v1.0\;C:\WINDOWS\System32\OpenSSH\;C:\Program Files\Git\cmd;C:\xampp\php;C:\Program Files\dotnet\;C:\Users\Gabriel\AppData\Local\Android\Sdk;;C:\Program Files\Docker\Docker\resources\bin;C:\ProgramData\ComposerSetup\bin;C:\Program Files\nodejs\;C:\Program Files\PowerShell\7\;C:\Users\Gabriel\scoop\apps\gcc\current\bin;C:\Users\Gabriel\scoop\shims;C:\Users\Gabriel\AppData\Local\Microsoft\WindowsApps;C:\Users\Gabriel\.dotnet\tools;C:\Users\Gabriel\AppData\Local\Programs\oh-my-posh\bin;C:\apache-maven-3.8.6\bin;C:\Users\Gabriel\AppData\Roaming\Composer\vendor\bin;C:\Users\Gabriel\.dotnet\tools;C:\Users\Gabriel\AppData\Roaming\npm;.]
31-Jan-2023 13:56:46.648 INFO [main] org.apache.coyote.AbstractProtocol.init Initializing ProtocolHandler ["http-nio-8080"]
31-Jan-2023 13:56:46.703 INFO [main] org.apache.catalina.startup.Catalina.load Server initialization in [923] milliseconds
31-Jan-2023 13:56:46.808 INFO [main] org.apache.catalina.core.StandardService.startInternal Starting service [Catalina]
31-Jan-2023 13:56:46.808 INFO [main] org.apache.catalina.core.StandardEngine.startInternal Starting Servlet engine: [Apache Tomcat/10.0.27]
31-Jan-2023 13:56:46.899 INFO [main] org.apache.catalina.startup.HostConfig.deployWAR Deploying web application archive [C:\Users\Gabriel\git\Data-Access\05-web-services\apache-tomcat-10.0.27\webapps\demo.war]
31-Jan-2023 13:56:48.526 INFO [main] org.apache.jasper.servlet.TldScanner.scanJars At least one JAR was scanned for TLDs yet contained no TLDs. Enable debug logging for this logger for a complete list of JARs that were scanned but no TLDs were found in them. Skipping unneeded JARs during scanning can improve startup time and JSP compilation time.
31-Jan-2023 13:56:48.732 WARNING [main] org.apache.catalina.util.SessionIdGeneratorBase.createSecureRandom Creation of SecureRandom instance for session ID generation using [SHA1PRNG] took [147] milliseconds.
31-Jan-2023 13:56:51.043 INFO [main] org.apache.catalina.startup.HostConfig.deployWAR Deployment of web application archive [C:\Users\Gabriel\git\Data-Access\05-web-services\apache-tomcat-10.0.27\webapps\demo.war] has finished in [4,144] ms
31-Jan-2023 13:56:51.046 INFO [main] org.apache.catalina.startup.HostConfig.deployWAR Deploying web application archive [C:\Users\Gabriel\git\Data-Access\05-web-services\apache-tomcat-10.0.27\webapps\web-service.war]
31-Jan-2023 13:56:52.174 INFO [main] org.apache.jasper.servlet.TldScanner.scanJars At least one JAR was scanned for TLDs yet contained no TLDs. Enable debug logging for this logger for a complete list of JARs that were scanned but no TLDs were found in them. Skipping unneeded JARs during scanning can improve startup time and JSP compilation time.
31-Jan-2023 13:56:54.345 INFO [main] org.apache.catalina.startup.HostConfig.deployWAR Deployment of web application archive [C:\Users\Gabriel\git\Data-Access\05-web-services\apache-tomcat-10.0.27\webapps\web-service.war] has finished in [3,299] ms
31-Jan-2023 13:56:54.346 INFO [main] org.apache.catalina.startup.HostConfig.deployDirectory Deploying web application directory [C:\Users\Gabriel\git\Data-Access\05-web-services\apache-tomcat-10.0.27\webapps\docs]
31-Jan-2023 13:56:54.406 INFO [main] org.apache.catalina.startup.HostConfig.deployDirectory Deployment of web application directory [C:\Users\Gabriel\git\Data-Access\05-web-services\apache-tomcat-10.0.27\webapps\docs] has finished in [60] ms
31-Jan-2023 13:56:54.407 INFO [main] org.apache.catalina.startup.HostConfig.deployDirectory Deploying web application directory [C:\Users\Gabriel\git\Data-Access\05-web-services\apache-tomcat-10.0.27\webapps\examples]
31-Jan-2023 13:56:54.898 INFO [main] org.apache.catalina.startup.HostConfig.deployDirectory Deployment of web application directory [C:\Users\Gabriel\git\Data-Access\05-web-services\apache-tomcat-10.0.27\webapps\examples] has finished in [491] ms
31-Jan-2023 13:56:54.898 INFO [main] org.apache.catalina.startup.HostConfig.deployDirectory Deploying web application directory [C:\Users\Gabriel\git\Data-Access\05-web-services\apache-tomcat-10.0.27\webapps\host-manager]
31-Jan-2023 13:56:54.993 INFO [main] org.apache.catalina.startup.HostConfig.deployDirectory Deployment of web application directory [C:\Users\Gabriel\git\Data-Access\05-web-services\apache-tomcat-10.0.27\webapps\host-manager] has finished in [95] ms
31-Jan-2023 13:56:54.994 INFO [main] org.apache.catalina.startup.HostConfig.deployDirectory Deploying web application directory [C:\Users\Gabriel\git\Data-Access\05-web-services\apache-tomcat-10.0.27\webapps\manager]
31-Jan-2023 13:56:55.069 INFO [main] org.apache.catalina.startup.HostConfig.deployDirectory Deployment of web application directory [C:\Users\Gabriel\git\Data-Access\05-web-services\apache-tomcat-10.0.27\webapps\manager] has finished in [74] ms
31-Jan-2023 13:56:55.070 INFO [main] org.apache.catalina.startup.HostConfig.deployDirectory Deploying web application directory [C:\Users\Gabriel\git\Data-Access\05-web-services\apache-tomcat-10.0.27\webapps\ROOT]
31-Jan-2023 13:56:55.155 INFO [main] org.apache.catalina.startup.HostConfig.deployDirectory Deployment of web application directory [C:\Users\Gabriel\git\Data-Access\05-web-services\apache-tomcat-10.0.27\webapps\ROOT] has finished in [86] ms
31-Jan-2023 13:56:55.171 INFO [main] org.apache.coyote.AbstractProtocol.start Starting ProtocolHandler ["http-nio-8080"]
31-Jan-2023 13:56:55.373 INFO [main] org.apache.catalina.startup.Catalina.start Server startup in [8669] milliseconds
31-Jan-2023 13:58:30.872 INFO [main] org.apache.catalina.core.StandardServer.await A valid shutdown command was received via the shutdown port. Stopping the Server instance.
31-Jan-2023 13:58:30.873 INFO [main] org.apache.coyote.AbstractProtocol.pause Pausing ProtocolHandler ["http-nio-8080"]
31-Jan-2023 13:58:30.951 INFO [main] org.apache.catalina.core.StandardService.stopInternal Stopping service [Catalina]
31-Jan-2023 13:58:30.999 INFO [main] org.apache.coyote.AbstractProtocol.stop Stopping ProtocolHandler ["http-nio-8080"]
31-Jan-2023 13:58:31.017 INFO [main] org.apache.coyote.AbstractProtocol.destroy Destroying ProtocolHandler ["http-nio-8080"]
