07-Feb-2023 09:39:52.680 INFO [main] org.apache.catalina.startup.VersionLoggerListener.log Server version name:   Apache Tomcat/10.0.27
07-Feb-2023 09:39:52.685 INFO [main] org.apache.catalina.startup.VersionLoggerListener.log Server built:          Oct 3 2022 14:18:31 UTC
07-Feb-2023 09:39:52.685 INFO [main] org.apache.catalina.startup.VersionLoggerListener.log Server version number: 10.0.27.0
07-Feb-2023 09:39:52.686 INFO [main] org.apache.catalina.startup.VersionLoggerListener.log OS Name:               Windows 10
07-Feb-2023 09:39:52.686 INFO [main] org.apache.catalina.startup.VersionLoggerListener.log OS Version:            10.0
07-Feb-2023 09:39:52.686 INFO [main] org.apache.catalina.startup.VersionLoggerListener.log Architecture:          amd64
07-Feb-2023 09:39:52.686 INFO [main] org.apache.catalina.startup.VersionLoggerListener.log Java Home:             C:\Program Files\Eclipse Adoptium\jdk-11.0.16.101-hotspot
07-Feb-2023 09:39:52.686 INFO [main] org.apache.catalina.startup.VersionLoggerListener.log JVM Version:           11.0.16.1+1
07-Feb-2023 09:39:52.686 INFO [main] org.apache.catalina.startup.VersionLoggerListener.log JVM Vendor:            Eclipse Adoptium
07-Feb-2023 09:39:52.687 INFO [main] org.apache.catalina.startup.VersionLoggerListener.log CATALINA_BASE:         C:\Users\Gabriel\git\Data-Access\05-web-services\apache-tomcat-10.0.27
07-Feb-2023 09:39:52.687 INFO [main] org.apache.catalina.startup.VersionLoggerListener.log CATALINA_HOME:         C:\Users\Gabriel\git\Data-Access\05-web-services\apache-tomcat-10.0.27
07-Feb-2023 09:39:52.714 INFO [main] org.apache.catalina.startup.VersionLoggerListener.log Command line argument: -Djava.util.logging.config.file=c:\Users\Gabriel\git\Data-Access\05-web-services\apache-tomcat-10.0.27/conf/logging.properties
07-Feb-2023 09:39:52.715 INFO [main] org.apache.catalina.startup.VersionLoggerListener.log Command line argument: -Djava.util.logging.manager=org.apache.juli.ClassLoaderLogManager
07-Feb-2023 09:39:52.715 INFO [main] org.apache.catalina.startup.VersionLoggerListener.log Command line argument: -Djdk.tls.ephemeralDHKeySize=2048
07-Feb-2023 09:39:52.715 INFO [main] org.apache.catalina.startup.VersionLoggerListener.log Command line argument: -Djava.protocol.handler.pkgs=org.apache.catalina.webresources
07-Feb-2023 09:39:52.715 INFO [main] org.apache.catalina.startup.VersionLoggerListener.log Command line argument: -Dorg.apache.catalina.security.SecurityListener.UMASK=0027
07-Feb-2023 09:39:52.715 INFO [main] org.apache.catalina.startup.VersionLoggerListener.log Command line argument: -Dcatalina.base=c:\Users\Gabriel\git\Data-Access\05-web-services\apache-tomcat-10.0.27
07-Feb-2023 09:39:52.716 INFO [main] org.apache.catalina.startup.VersionLoggerListener.log Command line argument: -Dcatalina.home=c:\Users\Gabriel\git\Data-Access\05-web-services\apache-tomcat-10.0.27
07-Feb-2023 09:39:52.716 INFO [main] org.apache.catalina.startup.VersionLoggerListener.log Command line argument: -Djava.io.tmpdir=c:\Users\Gabriel\git\Data-Access\05-web-services\apache-tomcat-10.0.27/temp
07-Feb-2023 09:39:52.743 INFO [main] org.apache.catalina.core.AprLifecycleListener.lifecycleEvent The Apache Tomcat Native library which allows using OpenSSL was not found on the java.library.path: [C:\Program Files\Eclipse Adoptium\jdk-11.0.16.101-hotspot\bin;C:\WINDOWS\Sun\Java\bin;C:\WINDOWS\system32;C:\WINDOWS;C:\Program Files\Microsoft\jdk-11.0.16.101-hotspot\bin;C:\Program Files\Microsoft\jdk-11.0.12.7-hotspot\bin;C:\Program Files\Eclipse Adoptium\jdk-17.0.5.8-hotspot\bin;C:\Program Files\Eclipse Adoptium\jdk-11.0.16.101-hotspot\bin;C:\Windows\system32;C:\Windows;C:\Windows\System32\Wbem;C:\Windows\System32\WindowsPowerShell\v1.0\;C:\Windows\System32\OpenSSH\;C:\Program Files\Microsoft VS Code\bin;C:\WINDOWS\system32;C:\WINDOWS;C:\WINDOWS\System32\Wbem;C:\WINDOWS\System32\WindowsPowerShell\v1.0\;C:\WINDOWS\System32\OpenSSH\;C:\Program Files\Git\cmd;C:\xampp\php;C:\Program Files\dotnet\;C:\Users\Gabriel\AppData\Local\Android\Sdk;;C:\Program Files\Docker\Docker\resources\bin;C:\ProgramData\ComposerSetup\bin;C:\Program Files\nodejs\;C:\Program Files\PowerShell\7\;C:\Users\Gabriel\scoop\apps\gcc\current\bin;C:\Users\Gabriel\scoop\shims;C:\Users\Gabriel\AppData\Local\Microsoft\WindowsApps;C:\Users\Gabriel\.dotnet\tools;C:\Users\Gabriel\AppData\Local\Programs\oh-my-posh\bin;C:\apache-maven-3.8.6\bin;C:\Users\Gabriel\AppData\Roaming\Composer\vendor\bin;C:\Users\Gabriel\.dotnet\tools;C:\Users\Gabriel\AppData\Roaming\npm;.]
07-Feb-2023 09:39:53.279 INFO [main] org.apache.coyote.AbstractProtocol.init Initializing ProtocolHandler ["http-nio-8080"]
07-Feb-2023 09:39:53.329 INFO [main] org.apache.catalina.startup.Catalina.load Server initialization in [982] milliseconds
07-Feb-2023 09:39:53.439 INFO [main] org.apache.catalina.core.StandardService.startInternal Starting service [Catalina]
07-Feb-2023 09:39:53.440 INFO [main] org.apache.catalina.core.StandardEngine.startInternal Starting Servlet engine: [Apache Tomcat/10.0.27]
07-Feb-2023 09:39:53.471 INFO [main] org.apache.catalina.startup.HostConfig.deployWAR Deploying web application archive [C:\Users\Gabriel\git\Data-Access\05-web-services\apache-tomcat-10.0.27\webapps\demo.war]
07-Feb-2023 09:39:55.302 INFO [main] org.apache.jasper.servlet.TldScanner.scanJars At least one JAR was scanned for TLDs yet contained no TLDs. Enable debug logging for this logger for a complete list of JARs that were scanned but no TLDs were found in them. Skipping unneeded JARs during scanning can improve startup time and JSP compilation time.
07-Feb-2023 09:39:57.861 INFO [main] org.apache.catalina.startup.HostConfig.deployWAR Deployment of web application archive [C:\Users\Gabriel\git\Data-Access\05-web-services\apache-tomcat-10.0.27\webapps\demo.war] has finished in [4,389] ms
07-Feb-2023 09:39:57.865 INFO [main] org.apache.catalina.startup.HostConfig.deployWAR Deploying web application archive [C:\Users\Gabriel\git\Data-Access\05-web-services\apache-tomcat-10.0.27\webapps\web-service.war]
07-Feb-2023 09:39:58.931 INFO [main] org.apache.jasper.servlet.TldScanner.scanJars At least one JAR was scanned for TLDs yet contained no TLDs. Enable debug logging for this logger for a complete list of JARs that were scanned but no TLDs were found in them. Skipping unneeded JARs during scanning can improve startup time and JSP compilation time.
07-Feb-2023 09:40:01.266 INFO [main] org.apache.catalina.startup.HostConfig.deployWAR Deployment of web application archive [C:\Users\Gabriel\git\Data-Access\05-web-services\apache-tomcat-10.0.27\webapps\web-service.war] has finished in [3,401] ms
07-Feb-2023 09:40:01.268 INFO [main] org.apache.catalina.startup.HostConfig.deployDirectory Deploying web application directory [C:\Users\Gabriel\git\Data-Access\05-web-services\apache-tomcat-10.0.27\webapps\docs]
07-Feb-2023 09:40:01.308 INFO [main] org.apache.catalina.startup.HostConfig.deployDirectory Deployment of web application directory [C:\Users\Gabriel\git\Data-Access\05-web-services\apache-tomcat-10.0.27\webapps\docs] has finished in [40] ms
07-Feb-2023 09:40:01.309 INFO [main] org.apache.catalina.startup.HostConfig.deployDirectory Deploying web application directory [C:\Users\Gabriel\git\Data-Access\05-web-services\apache-tomcat-10.0.27\webapps\examples]
07-Feb-2023 09:40:01.781 INFO [main] org.apache.catalina.startup.HostConfig.deployDirectory Deployment of web application directory [C:\Users\Gabriel\git\Data-Access\05-web-services\apache-tomcat-10.0.27\webapps\examples] has finished in [473] ms
07-Feb-2023 09:40:01.781 INFO [main] org.apache.catalina.startup.HostConfig.deployDirectory Deploying web application directory [C:\Users\Gabriel\git\Data-Access\05-web-services\apache-tomcat-10.0.27\webapps\host-manager]
07-Feb-2023 09:40:01.838 INFO [main] org.apache.catalina.startup.HostConfig.deployDirectory Deployment of web application directory [C:\Users\Gabriel\git\Data-Access\05-web-services\apache-tomcat-10.0.27\webapps\host-manager] has finished in [57] ms
07-Feb-2023 09:40:01.838 INFO [main] org.apache.catalina.startup.HostConfig.deployDirectory Deploying web application directory [C:\Users\Gabriel\git\Data-Access\05-web-services\apache-tomcat-10.0.27\webapps\manager]
07-Feb-2023 09:40:01.893 INFO [main] org.apache.catalina.startup.HostConfig.deployDirectory Deployment of web application directory [C:\Users\Gabriel\git\Data-Access\05-web-services\apache-tomcat-10.0.27\webapps\manager] has finished in [55] ms
07-Feb-2023 09:40:01.894 INFO [main] org.apache.catalina.startup.HostConfig.deployDirectory Deploying web application directory [C:\Users\Gabriel\git\Data-Access\05-web-services\apache-tomcat-10.0.27\webapps\ROOT]
07-Feb-2023 09:40:01.941 INFO [main] org.apache.catalina.startup.HostConfig.deployDirectory Deployment of web application directory [C:\Users\Gabriel\git\Data-Access\05-web-services\apache-tomcat-10.0.27\webapps\ROOT] has finished in [48] ms
07-Feb-2023 09:40:01.952 INFO [main] org.apache.coyote.AbstractProtocol.start Starting ProtocolHandler ["http-nio-8080"]
07-Feb-2023 09:40:02.135 INFO [main] org.apache.catalina.startup.Catalina.start Server startup in [8805] milliseconds
07-Feb-2023 09:42:02.156 INFO [Catalina-utility-2] org.apache.catalina.startup.HostConfig.undeploy Undeploying context [/web-service]
07-Feb-2023 09:42:02.288 INFO [Catalina-utility-2] org.apache.catalina.startup.HostConfig.deployWAR Deploying web application archive [C:\Users\Gabriel\git\Data-Access\05-web-services\apache-tomcat-10.0.27\webapps\web-service.war]
07-Feb-2023 09:42:03.452 INFO [Catalina-utility-2] org.apache.jasper.servlet.TldScanner.scanJars At least one JAR was scanned for TLDs yet contained no TLDs. Enable debug logging for this logger for a complete list of JARs that were scanned but no TLDs were found in them. Skipping unneeded JARs during scanning can improve startup time and JSP compilation time.
07-Feb-2023 09:42:05.527 INFO [Catalina-utility-2] org.apache.catalina.startup.HostConfig.deployWAR Deployment of web application archive [C:\Users\Gabriel\git\Data-Access\05-web-services\apache-tomcat-10.0.27\webapps\web-service.war] has finished in [3,239] ms
07-Feb-2023 09:48:26.068 INFO [Catalina-utility-1] org.apache.catalina.startup.HostConfig.undeploy Undeploying context [/web-service]
07-Feb-2023 09:48:26.175 INFO [Catalina-utility-1] org.apache.catalina.startup.HostConfig.deployWAR Deploying web application archive [C:\Users\Gabriel\git\Data-Access\05-web-services\apache-tomcat-10.0.27\webapps\web-service.war]
07-Feb-2023 09:48:27.268 INFO [Catalina-utility-1] org.apache.jasper.servlet.TldScanner.scanJars At least one JAR was scanned for TLDs yet contained no TLDs. Enable debug logging for this logger for a complete list of JARs that were scanned but no TLDs were found in them. Skipping unneeded JARs during scanning can improve startup time and JSP compilation time.
07-Feb-2023 09:48:29.271 INFO [Catalina-utility-1] org.apache.catalina.startup.HostConfig.deployWAR Deployment of web application archive [C:\Users\Gabriel\git\Data-Access\05-web-services\apache-tomcat-10.0.27\webapps\web-service.war] has finished in [3,095] ms
07-Feb-2023 13:01:16.496 INFO [Catalina-utility-2] org.apache.catalina.startup.HostConfig.undeploy Undeploying context [/web-service]
07-Feb-2023 13:01:16.598 INFO [Catalina-utility-2] org.apache.catalina.startup.HostConfig.deployWAR Deploying web application archive [C:\Users\Gabriel\git\Data-Access\05-web-services\apache-tomcat-10.0.27\webapps\web-service.war]
07-Feb-2023 13:01:17.814 INFO [Catalina-utility-2] org.apache.jasper.servlet.TldScanner.scanJars At least one JAR was scanned for TLDs yet contained no TLDs. Enable debug logging for this logger for a complete list of JARs that were scanned but no TLDs were found in them. Skipping unneeded JARs during scanning can improve startup time and JSP compilation time.
07-Feb-2023 13:01:19.840 SEVERE [Catalina-utility-2] org.glassfish.jersey.internal.Errors.logErrors Following issues have been detected: 
WARNING: A resource model has ambiguous (sub-)resource method for HTTP method GET and input mime-types as defined by"@Consumes" and "@Produces" annotations at Java methods public jakarta.ws.rs.core.Response exercises.People.show3(java.lang.String) and public jakarta.ws.rs.core.Response exercises.People.show2(java.lang.String) at matching regular expression /search. These two methods produces and consumes exactly the same mime-types and therefore their invocation as a resource methods will always fail.

07-Feb-2023 13:01:19.848 INFO [Catalina-utility-2] org.apache.catalina.startup.HostConfig.deployWAR Deployment of web application archive [C:\Users\Gabriel\git\Data-Access\05-web-services\apache-tomcat-10.0.27\webapps\web-service.war] has finished in [3,249] ms
07-Feb-2023 13:01:28.991 SEVERE [http-nio-8080-exec-21] org.glassfish.jersey.internal.Errors.logErrors Following issues have been detected: 
WARNING: A resource model has ambiguous (sub-)resource method for HTTP method GET and input mime-types as defined by"@Consumes" and "@Produces" annotations at Java methods public jakarta.ws.rs.core.Response exercises.People.show3(java.lang.String) and public jakarta.ws.rs.core.Response exercises.People.show2(java.lang.String) at matching regular expression /search. These two methods produces and consumes exactly the same mime-types and therefore their invocation as a resource methods will always fail.

07-Feb-2023 13:01:42.591 SEVERE [http-nio-8080-exec-22] org.glassfish.jersey.internal.Errors.logErrors Following issues have been detected: 
WARNING: A resource model has ambiguous (sub-)resource method for HTTP method GET and input mime-types as defined by"@Consumes" and "@Produces" annotations at Java methods public jakarta.ws.rs.core.Response exercises.People.show3(java.lang.String) and public jakarta.ws.rs.core.Response exercises.People.show2(java.lang.String) at matching regular expression /search. These two methods produces and consumes exactly the same mime-types and therefore their invocation as a resource methods will always fail.

07-Feb-2023 13:12:40.784 INFO [Catalina-utility-1] org.apache.catalina.startup.HostConfig.undeploy Undeploying context [/web-service]
07-Feb-2023 13:12:40.826 INFO [Catalina-utility-1] org.apache.catalina.startup.HostConfig.deployWAR Deploying web application archive [C:\Users\Gabriel\git\Data-Access\05-web-services\apache-tomcat-10.0.27\webapps\web-service.war]
07-Feb-2023 13:12:41.911 INFO [Catalina-utility-1] org.apache.jasper.servlet.TldScanner.scanJars At least one JAR was scanned for TLDs yet contained no TLDs. Enable debug logging for this logger for a complete list of JARs that were scanned but no TLDs were found in them. Skipping unneeded JARs during scanning can improve startup time and JSP compilation time.
07-Feb-2023 13:12:43.755 SEVERE [Catalina-utility-1] org.glassfish.jersey.internal.Errors.logErrors Following issues have been detected: 
WARNING: A resource model has ambiguous (sub-)resource method for HTTP method GET and input mime-types as defined by"@Consumes" and "@Produces" annotations at Java methods public jakarta.ws.rs.core.Response exercises.People.show3(java.lang.String) and public jakarta.ws.rs.core.Response exercises.People.show2(java.lang.String) at matching regular expression /search. These two methods produces and consumes exactly the same mime-types and therefore their invocation as a resource methods will always fail.

07-Feb-2023 13:12:43.760 INFO [Catalina-utility-1] org.apache.catalina.startup.HostConfig.deployWAR Deployment of web application archive [C:\Users\Gabriel\git\Data-Access\05-web-services\apache-tomcat-10.0.27\webapps\web-service.war] has finished in [2,934] ms
07-Feb-2023 13:12:58.188 SEVERE [http-nio-8080-exec-34] org.glassfish.jersey.internal.Errors.logErrors Following issues have been detected: 
WARNING: A resource model has ambiguous (sub-)resource method for HTTP method GET and input mime-types as defined by"@Consumes" and "@Produces" annotations at Java methods public jakarta.ws.rs.core.Response exercises.People.show3(java.lang.String) and public jakarta.ws.rs.core.Response exercises.People.show2(java.lang.String) at matching regular expression /search. These two methods produces and consumes exactly the same mime-types and therefore their invocation as a resource methods will always fail.

07-Feb-2023 13:13:19.352 INFO [main] org.apache.catalina.core.StandardServer.await A valid shutdown command was received via the shutdown port. Stopping the Server instance.
07-Feb-2023 13:13:19.353 INFO [main] org.apache.coyote.AbstractProtocol.pause Pausing ProtocolHandler ["http-nio-8080"]
07-Feb-2023 13:13:19.412 INFO [main] org.apache.catalina.core.StandardService.stopInternal Stopping service [Catalina]
07-Feb-2023 13:13:19.468 INFO [main] org.apache.coyote.AbstractProtocol.stop Stopping ProtocolHandler ["http-nio-8080"]
07-Feb-2023 13:13:19.479 INFO [main] org.apache.coyote.AbstractProtocol.destroy Destroying ProtocolHandler ["http-nio-8080"]
07-Feb-2023 13:17:11.289 INFO [main] org.apache.catalina.startup.VersionLoggerListener.log Server version name:   Apache Tomcat/10.0.27
07-Feb-2023 13:17:11.294 INFO [main] org.apache.catalina.startup.VersionLoggerListener.log Server built:          Oct 3 2022 14:18:31 UTC
07-Feb-2023 13:17:11.294 INFO [main] org.apache.catalina.startup.VersionLoggerListener.log Server version number: 10.0.27.0
07-Feb-2023 13:17:11.294 INFO [main] org.apache.catalina.startup.VersionLoggerListener.log OS Name:               Windows 10
07-Feb-2023 13:17:11.295 INFO [main] org.apache.catalina.startup.VersionLoggerListener.log OS Version:            10.0
07-Feb-2023 13:17:11.295 INFO [main] org.apache.catalina.startup.VersionLoggerListener.log Architecture:          amd64
07-Feb-2023 13:17:11.295 INFO [main] org.apache.catalina.startup.VersionLoggerListener.log Java Home:             C:\Program Files\Eclipse Adoptium\jdk-11.0.16.101-hotspot
07-Feb-2023 13:17:11.295 INFO [main] org.apache.catalina.startup.VersionLoggerListener.log JVM Version:           11.0.16.1+1
07-Feb-2023 13:17:11.295 INFO [main] org.apache.catalina.startup.VersionLoggerListener.log JVM Vendor:            Eclipse Adoptium
07-Feb-2023 13:17:11.296 INFO [main] org.apache.catalina.startup.VersionLoggerListener.log CATALINA_BASE:         C:\Users\Gabriel\git\Data-Access\05-web-services\apache-tomcat-10.0.27
07-Feb-2023 13:17:11.296 INFO [main] org.apache.catalina.startup.VersionLoggerListener.log CATALINA_HOME:         C:\Users\Gabriel\git\Data-Access\05-web-services\apache-tomcat-10.0.27
07-Feb-2023 13:17:11.313 INFO [main] org.apache.catalina.startup.VersionLoggerListener.log Command line argument: -Djava.util.logging.config.file=c:\Users\Gabriel\git\Data-Access\05-web-services\apache-tomcat-10.0.27/conf/logging.properties
07-Feb-2023 13:17:11.313 INFO [main] org.apache.catalina.startup.VersionLoggerListener.log Command line argument: -Djava.util.logging.manager=org.apache.juli.ClassLoaderLogManager
07-Feb-2023 13:17:11.313 INFO [main] org.apache.catalina.startup.VersionLoggerListener.log Command line argument: -Djdk.tls.ephemeralDHKeySize=2048
07-Feb-2023 13:17:11.313 INFO [main] org.apache.catalina.startup.VersionLoggerListener.log Command line argument: -Djava.protocol.handler.pkgs=org.apache.catalina.webresources
07-Feb-2023 13:17:11.313 INFO [main] org.apache.catalina.startup.VersionLoggerListener.log Command line argument: -Dorg.apache.catalina.security.SecurityListener.UMASK=0027
07-Feb-2023 13:17:11.313 INFO [main] org.apache.catalina.startup.VersionLoggerListener.log Command line argument: -Dcatalina.base=c:\Users\Gabriel\git\Data-Access\05-web-services\apache-tomcat-10.0.27
07-Feb-2023 13:17:11.314 INFO [main] org.apache.catalina.startup.VersionLoggerListener.log Command line argument: -Dcatalina.home=c:\Users\Gabriel\git\Data-Access\05-web-services\apache-tomcat-10.0.27
07-Feb-2023 13:17:11.314 INFO [main] org.apache.catalina.startup.VersionLoggerListener.log Command line argument: -Djava.io.tmpdir=c:\Users\Gabriel\git\Data-Access\05-web-services\apache-tomcat-10.0.27/temp
07-Feb-2023 13:17:11.340 INFO [main] org.apache.catalina.core.AprLifecycleListener.lifecycleEvent The Apache Tomcat Native library which allows using OpenSSL was not found on the java.library.path: [C:\Program Files\Eclipse Adoptium\jdk-11.0.16.101-hotspot\bin;C:\WINDOWS\Sun\Java\bin;C:\WINDOWS\system32;C:\WINDOWS;C:\Program Files\Microsoft\jdk-11.0.16.101-hotspot\bin;C:\Program Files\Microsoft\jdk-11.0.12.7-hotspot\bin;C:\Program Files\Eclipse Adoptium\jdk-17.0.5.8-hotspot\bin;C:\Program Files\Eclipse Adoptium\jdk-11.0.16.101-hotspot\bin;C:\Windows\system32;C:\Windows;C:\Windows\System32\Wbem;C:\Windows\System32\WindowsPowerShell\v1.0\;C:\Windows\System32\OpenSSH\;C:\Program Files\Microsoft VS Code\bin;C:\WINDOWS\system32;C:\WINDOWS;C:\WINDOWS\System32\Wbem;C:\WINDOWS\System32\WindowsPowerShell\v1.0\;C:\WINDOWS\System32\OpenSSH\;C:\Program Files\Git\cmd;C:\xampp\php;C:\Program Files\dotnet\;C:\Users\Gabriel\AppData\Local\Android\Sdk;;C:\Program Files\Docker\Docker\resources\bin;C:\ProgramData\ComposerSetup\bin;C:\Program Files\nodejs\;C:\Program Files\PowerShell\7\;C:\Users\Gabriel\scoop\apps\gcc\current\bin;C:\Users\Gabriel\scoop\shims;C:\Users\Gabriel\AppData\Local\Microsoft\WindowsApps;C:\Users\Gabriel\.dotnet\tools;C:\Users\Gabriel\AppData\Local\Programs\oh-my-posh\bin;C:\apache-maven-3.8.6\bin;C:\Users\Gabriel\AppData\Roaming\Composer\vendor\bin;C:\Users\Gabriel\.dotnet\tools;C:\Users\Gabriel\AppData\Roaming\npm;.]
07-Feb-2023 13:17:11.853 INFO [main] org.apache.coyote.AbstractProtocol.init Initializing ProtocolHandler ["http-nio-8080"]
07-Feb-2023 13:17:11.905 INFO [main] org.apache.catalina.startup.Catalina.load Server initialization in [851] milliseconds
07-Feb-2023 13:17:12.010 INFO [main] org.apache.catalina.core.StandardService.startInternal Starting service [Catalina]
07-Feb-2023 13:17:12.011 INFO [main] org.apache.catalina.core.StandardEngine.startInternal Starting Servlet engine: [Apache Tomcat/10.0.27]
07-Feb-2023 13:17:12.045 INFO [main] org.apache.catalina.startup.HostConfig.deployWAR Deploying web application archive [C:\Users\Gabriel\git\Data-Access\05-web-services\apache-tomcat-10.0.27\webapps\demo.war]
07-Feb-2023 13:17:13.689 INFO [main] org.apache.jasper.servlet.TldScanner.scanJars At least one JAR was scanned for TLDs yet contained no TLDs. Enable debug logging for this logger for a complete list of JARs that were scanned but no TLDs were found in them. Skipping unneeded JARs during scanning can improve startup time and JSP compilation time.
07-Feb-2023 13:17:16.108 INFO [main] org.apache.catalina.startup.HostConfig.deployWAR Deployment of web application archive [C:\Users\Gabriel\git\Data-Access\05-web-services\apache-tomcat-10.0.27\webapps\demo.war] has finished in [4,063] ms
07-Feb-2023 13:17:16.111 INFO [main] org.apache.catalina.startup.HostConfig.deployWAR Deploying web application archive [C:\Users\Gabriel\git\Data-Access\05-web-services\apache-tomcat-10.0.27\webapps\web-service.war]
07-Feb-2023 13:17:16.115 INFO [main] org.apache.catalina.startup.ExpandWar.expand An expanded directory [C:\Users\Gabriel\git\Data-Access\05-web-services\apache-tomcat-10.0.27\webapps\web-service] was found with a last modified time that did not match the associated WAR. It will be deleted.
07-Feb-2023 13:17:17.250 INFO [main] org.apache.jasper.servlet.TldScanner.scanJars At least one JAR was scanned for TLDs yet contained no TLDs. Enable debug logging for this logger for a complete list of JARs that were scanned but no TLDs were found in them. Skipping unneeded JARs during scanning can improve startup time and JSP compilation time.
07-Feb-2023 13:17:19.336 SEVERE [main] org.glassfish.jersey.internal.Errors.logErrors Following issues have been detected: 
WARNING: A resource model has ambiguous (sub-)resource method for HTTP method GET and input mime-types as defined by"@Consumes" and "@Produces" annotations at Java methods public jakarta.ws.rs.core.Response exercises.People.show3(java.lang.String) and public jakarta.ws.rs.core.Response exercises.People.show2(java.lang.String) at matching regular expression /search. These two methods produces and consumes exactly the same mime-types and therefore their invocation as a resource methods will always fail.

07-Feb-2023 13:17:19.344 INFO [main] org.apache.catalina.startup.HostConfig.deployWAR Deployment of web application archive [C:\Users\Gabriel\git\Data-Access\05-web-services\apache-tomcat-10.0.27\webapps\web-service.war] has finished in [3,233] ms
07-Feb-2023 13:17:19.346 INFO [main] org.apache.catalina.startup.HostConfig.deployDirectory Deploying web application directory [C:\Users\Gabriel\git\Data-Access\05-web-services\apache-tomcat-10.0.27\webapps\docs]
07-Feb-2023 13:17:19.382 INFO [main] org.apache.catalina.startup.HostConfig.deployDirectory Deployment of web application directory [C:\Users\Gabriel\git\Data-Access\05-web-services\apache-tomcat-10.0.27\webapps\docs] has finished in [37] ms
07-Feb-2023 13:17:19.383 INFO [main] org.apache.catalina.startup.HostConfig.deployDirectory Deploying web application directory [C:\Users\Gabriel\git\Data-Access\05-web-services\apache-tomcat-10.0.27\webapps\examples]
07-Feb-2023 13:17:19.853 INFO [main] org.apache.catalina.startup.HostConfig.deployDirectory Deployment of web application directory [C:\Users\Gabriel\git\Data-Access\05-web-services\apache-tomcat-10.0.27\webapps\examples] has finished in [470] ms
07-Feb-2023 13:17:19.854 INFO [main] org.apache.catalina.startup.HostConfig.deployDirectory Deploying web application directory [C:\Users\Gabriel\git\Data-Access\05-web-services\apache-tomcat-10.0.27\webapps\host-manager]
07-Feb-2023 13:17:19.909 INFO [main] org.apache.catalina.startup.HostConfig.deployDirectory Deployment of web application directory [C:\Users\Gabriel\git\Data-Access\05-web-services\apache-tomcat-10.0.27\webapps\host-manager] has finished in [54] ms
07-Feb-2023 13:17:19.909 INFO [main] org.apache.catalina.startup.HostConfig.deployDirectory Deploying web application directory [C:\Users\Gabriel\git\Data-Access\05-web-services\apache-tomcat-10.0.27\webapps\manager]
07-Feb-2023 13:17:19.956 INFO [main] org.apache.catalina.startup.HostConfig.deployDirectory Deployment of web application directory [C:\Users\Gabriel\git\Data-Access\05-web-services\apache-tomcat-10.0.27\webapps\manager] has finished in [47] ms
07-Feb-2023 13:17:19.957 INFO [main] org.apache.catalina.startup.HostConfig.deployDirectory Deploying web application directory [C:\Users\Gabriel\git\Data-Access\05-web-services\apache-tomcat-10.0.27\webapps\ROOT]
07-Feb-2023 13:17:19.993 INFO [main] org.apache.catalina.startup.HostConfig.deployDirectory Deployment of web application directory [C:\Users\Gabriel\git\Data-Access\05-web-services\apache-tomcat-10.0.27\webapps\ROOT] has finished in [36] ms
07-Feb-2023 13:17:20.007 INFO [main] org.apache.coyote.AbstractProtocol.start Starting ProtocolHandler ["http-nio-8080"]
07-Feb-2023 13:17:20.110 INFO [main] org.apache.catalina.startup.Catalina.start Server startup in [8204] milliseconds
07-Feb-2023 13:17:28.514 SEVERE [http-nio-8080-exec-2] org.glassfish.jersey.internal.Errors.logErrors Following issues have been detected: 
WARNING: A resource model has ambiguous (sub-)resource method for HTTP method GET and input mime-types as defined by"@Consumes" and "@Produces" annotations at Java methods public jakarta.ws.rs.core.Response exercises.People.show3(java.lang.String) and public jakarta.ws.rs.core.Response exercises.People.show2(java.lang.String) at matching regular expression /search. These two methods produces and consumes exactly the same mime-types and therefore their invocation as a resource methods will always fail.

07-Feb-2023 13:18:26.988 SEVERE [http-nio-8080-exec-3] org.glassfish.jersey.internal.Errors.logErrors Following issues have been detected: 
WARNING: A resource model has ambiguous (sub-)resource method for HTTP method GET and input mime-types as defined by"@Consumes" and "@Produces" annotations at Java methods public jakarta.ws.rs.core.Response exercises.People.show3(java.lang.String) and public jakarta.ws.rs.core.Response exercises.People.show2(java.lang.String) at matching regular expression /search. These two methods produces and consumes exactly the same mime-types and therefore their invocation as a resource methods will always fail.

07-Feb-2023 13:21:10.317 SEVERE [http-nio-8080-exec-4] org.glassfish.jersey.internal.Errors.logErrors Following issues have been detected: 
WARNING: A resource model has ambiguous (sub-)resource method for HTTP method GET and input mime-types as defined by"@Consumes" and "@Produces" annotations at Java methods public jakarta.ws.rs.core.Response exercises.People.show3(java.lang.String) and public jakarta.ws.rs.core.Response exercises.People.show2(java.lang.String) at matching regular expression /search. These two methods produces and consumes exactly the same mime-types and therefore their invocation as a resource methods will always fail.

07-Feb-2023 13:21:10.359 INFO [Catalina-utility-2] org.apache.catalina.startup.HostConfig.undeploy Undeploying context [/web-service]
07-Feb-2023 13:21:10.439 INFO [Catalina-utility-2] org.apache.catalina.startup.HostConfig.deployWAR Deploying web application archive [C:\Users\Gabriel\git\Data-Access\05-web-services\apache-tomcat-10.0.27\webapps\web-service.war]
07-Feb-2023 13:21:11.528 INFO [Catalina-utility-2] org.apache.jasper.servlet.TldScanner.scanJars At least one JAR was scanned for TLDs yet contained no TLDs. Enable debug logging for this logger for a complete list of JARs that were scanned but no TLDs were found in them. Skipping unneeded JARs during scanning can improve startup time and JSP compilation time.
07-Feb-2023 13:21:12.814 INFO [Catalina-utility-2] org.apache.catalina.startup.HostConfig.deployWAR Deployment of web application archive [C:\Users\Gabriel\git\Data-Access\05-web-services\apache-tomcat-10.0.27\webapps\web-service.war] has finished in [2,375] ms
07-Feb-2023 13:22:46.443 INFO [main] org.apache.catalina.core.StandardServer.await A valid shutdown command was received via the shutdown port. Stopping the Server instance.
07-Feb-2023 13:22:46.443 INFO [main] org.apache.coyote.AbstractProtocol.pause Pausing ProtocolHandler ["http-nio-8080"]
07-Feb-2023 13:22:46.511 INFO [main] org.apache.catalina.core.StandardService.stopInternal Stopping service [Catalina]
07-Feb-2023 13:22:46.562 INFO [main] org.apache.coyote.AbstractProtocol.stop Stopping ProtocolHandler ["http-nio-8080"]
07-Feb-2023 13:22:46.569 INFO [main] org.apache.coyote.AbstractProtocol.destroy Destroying ProtocolHandler ["http-nio-8080"]
07-Feb-2023 13:24:10.040 INFO [main] org.apache.catalina.startup.VersionLoggerListener.log Server version name:   Apache Tomcat/10.0.27
07-Feb-2023 13:24:10.044 INFO [main] org.apache.catalina.startup.VersionLoggerListener.log Server built:          Oct 3 2022 14:18:31 UTC
07-Feb-2023 13:24:10.044 INFO [main] org.apache.catalina.startup.VersionLoggerListener.log Server version number: 10.0.27.0
07-Feb-2023 13:24:10.045 INFO [main] org.apache.catalina.startup.VersionLoggerListener.log OS Name:               Windows 10
07-Feb-2023 13:24:10.045 INFO [main] org.apache.catalina.startup.VersionLoggerListener.log OS Version:            10.0
07-Feb-2023 13:24:10.045 INFO [main] org.apache.catalina.startup.VersionLoggerListener.log Architecture:          amd64
07-Feb-2023 13:24:10.045 INFO [main] org.apache.catalina.startup.VersionLoggerListener.log Java Home:             C:\Program Files\Eclipse Adoptium\jdk-11.0.16.101-hotspot
07-Feb-2023 13:24:10.045 INFO [main] org.apache.catalina.startup.VersionLoggerListener.log JVM Version:           11.0.16.1+1
07-Feb-2023 13:24:10.045 INFO [main] org.apache.catalina.startup.VersionLoggerListener.log JVM Vendor:            Eclipse Adoptium
07-Feb-2023 13:24:10.046 INFO [main] org.apache.catalina.startup.VersionLoggerListener.log CATALINA_BASE:         C:\Users\Gabriel\git\Data-Access\05-web-services\apache-tomcat-10.0.27
07-Feb-2023 13:24:10.046 INFO [main] org.apache.catalina.startup.VersionLoggerListener.log CATALINA_HOME:         C:\Users\Gabriel\git\Data-Access\05-web-services\apache-tomcat-10.0.27
07-Feb-2023 13:24:10.067 INFO [main] org.apache.catalina.startup.VersionLoggerListener.log Command line argument: -Djava.util.logging.config.file=c:\Users\Gabriel\git\Data-Access\05-web-services\apache-tomcat-10.0.27/conf/logging.properties
07-Feb-2023 13:24:10.067 INFO [main] org.apache.catalina.startup.VersionLoggerListener.log Command line argument: -Djava.util.logging.manager=org.apache.juli.ClassLoaderLogManager
07-Feb-2023 13:24:10.067 INFO [main] org.apache.catalina.startup.VersionLoggerListener.log Command line argument: -Djdk.tls.ephemeralDHKeySize=2048
07-Feb-2023 13:24:10.067 INFO [main] org.apache.catalina.startup.VersionLoggerListener.log Command line argument: -Djava.protocol.handler.pkgs=org.apache.catalina.webresources
07-Feb-2023 13:24:10.068 INFO [main] org.apache.catalina.startup.VersionLoggerListener.log Command line argument: -Dorg.apache.catalina.security.SecurityListener.UMASK=0027
07-Feb-2023 13:24:10.068 INFO [main] org.apache.catalina.startup.VersionLoggerListener.log Command line argument: -Dcatalina.base=c:\Users\Gabriel\git\Data-Access\05-web-services\apache-tomcat-10.0.27
07-Feb-2023 13:24:10.068 INFO [main] org.apache.catalina.startup.VersionLoggerListener.log Command line argument: -Dcatalina.home=c:\Users\Gabriel\git\Data-Access\05-web-services\apache-tomcat-10.0.27
07-Feb-2023 13:24:10.068 INFO [main] org.apache.catalina.startup.VersionLoggerListener.log Command line argument: -Djava.io.tmpdir=c:\Users\Gabriel\git\Data-Access\05-web-services\apache-tomcat-10.0.27/temp
07-Feb-2023 13:24:10.097 INFO [main] org.apache.catalina.core.AprLifecycleListener.lifecycleEvent The Apache Tomcat Native library which allows using OpenSSL was not found on the java.library.path: [C:\Program Files\Eclipse Adoptium\jdk-11.0.16.101-hotspot\bin;C:\WINDOWS\Sun\Java\bin;C:\WINDOWS\system32;C:\WINDOWS;C:\Program Files\Microsoft\jdk-11.0.16.101-hotspot\bin;C:\Program Files\Microsoft\jdk-11.0.12.7-hotspot\bin;C:\Program Files\Eclipse Adoptium\jdk-17.0.5.8-hotspot\bin;C:\Program Files\Eclipse Adoptium\jdk-11.0.16.101-hotspot\bin;C:\Windows\system32;C:\Windows;C:\Windows\System32\Wbem;C:\Windows\System32\WindowsPowerShell\v1.0\;C:\Windows\System32\OpenSSH\;C:\Program Files\Microsoft VS Code\bin;C:\WINDOWS\system32;C:\WINDOWS;C:\WINDOWS\System32\Wbem;C:\WINDOWS\System32\WindowsPowerShell\v1.0\;C:\WINDOWS\System32\OpenSSH\;C:\Program Files\Git\cmd;C:\xampp\php;C:\Program Files\dotnet\;C:\Users\Gabriel\AppData\Local\Android\Sdk;;C:\Program Files\Docker\Docker\resources\bin;C:\ProgramData\ComposerSetup\bin;C:\Program Files\nodejs\;C:\Program Files\PowerShell\7\;C:\Users\Gabriel\scoop\apps\gcc\current\bin;C:\Users\Gabriel\scoop\shims;C:\Users\Gabriel\AppData\Local\Microsoft\WindowsApps;C:\Users\Gabriel\.dotnet\tools;C:\Users\Gabriel\AppData\Local\Programs\oh-my-posh\bin;C:\apache-maven-3.8.6\bin;C:\Users\Gabriel\AppData\Roaming\Composer\vendor\bin;C:\Users\Gabriel\.dotnet\tools;C:\Users\Gabriel\AppData\Roaming\npm;.]
07-Feb-2023 13:24:10.561 INFO [main] org.apache.coyote.AbstractProtocol.init Initializing ProtocolHandler ["http-nio-8080"]
07-Feb-2023 13:24:10.602 INFO [main] org.apache.catalina.startup.Catalina.load Server initialization in [827] milliseconds
07-Feb-2023 13:24:10.702 INFO [main] org.apache.catalina.core.StandardService.startInternal Starting service [Catalina]
07-Feb-2023 13:24:10.702 INFO [main] org.apache.catalina.core.StandardEngine.startInternal Starting Servlet engine: [Apache Tomcat/10.0.27]
07-Feb-2023 13:24:10.726 INFO [main] org.apache.catalina.startup.HostConfig.deployWAR Deploying web application archive [C:\Users\Gabriel\git\Data-Access\05-web-services\apache-tomcat-10.0.27\webapps\demo.war]
07-Feb-2023 13:24:12.218 INFO [main] org.apache.jasper.servlet.TldScanner.scanJars At least one JAR was scanned for TLDs yet contained no TLDs. Enable debug logging for this logger for a complete list of JARs that were scanned but no TLDs were found in them. Skipping unneeded JARs during scanning can improve startup time and JSP compilation time.
07-Feb-2023 13:24:14.599 INFO [main] org.apache.catalina.startup.HostConfig.deployWAR Deployment of web application archive [C:\Users\Gabriel\git\Data-Access\05-web-services\apache-tomcat-10.0.27\webapps\demo.war] has finished in [3,872] ms
07-Feb-2023 13:24:14.601 INFO [main] org.apache.catalina.startup.HostConfig.deployWAR Deploying web application archive [C:\Users\Gabriel\git\Data-Access\05-web-services\apache-tomcat-10.0.27\webapps\web-service.war]
07-Feb-2023 13:24:14.608 INFO [main] org.apache.catalina.startup.ExpandWar.expand An expanded directory [C:\Users\Gabriel\git\Data-Access\05-web-services\apache-tomcat-10.0.27\webapps\web-service] was found with a last modified time that did not match the associated WAR. It will be deleted.
07-Feb-2023 13:24:15.982 INFO [main] org.apache.jasper.servlet.TldScanner.scanJars At least one JAR was scanned for TLDs yet contained no TLDs. Enable debug logging for this logger for a complete list of JARs that were scanned but no TLDs were found in them. Skipping unneeded JARs during scanning can improve startup time and JSP compilation time.
07-Feb-2023 13:24:18.264 INFO [main] org.apache.catalina.startup.HostConfig.deployWAR Deployment of web application archive [C:\Users\Gabriel\git\Data-Access\05-web-services\apache-tomcat-10.0.27\webapps\web-service.war] has finished in [3,663] ms
07-Feb-2023 13:24:18.266 INFO [main] org.apache.catalina.startup.HostConfig.deployDirectory Deploying web application directory [C:\Users\Gabriel\git\Data-Access\05-web-services\apache-tomcat-10.0.27\webapps\docs]
07-Feb-2023 13:24:18.297 INFO [main] org.apache.catalina.startup.HostConfig.deployDirectory Deployment of web application directory [C:\Users\Gabriel\git\Data-Access\05-web-services\apache-tomcat-10.0.27\webapps\docs] has finished in [32] ms
07-Feb-2023 13:24:18.298 INFO [main] org.apache.catalina.startup.HostConfig.deployDirectory Deploying web application directory [C:\Users\Gabriel\git\Data-Access\05-web-services\apache-tomcat-10.0.27\webapps\examples]
07-Feb-2023 13:24:18.747 INFO [main] org.apache.catalina.startup.HostConfig.deployDirectory Deployment of web application directory [C:\Users\Gabriel\git\Data-Access\05-web-services\apache-tomcat-10.0.27\webapps\examples] has finished in [448] ms
07-Feb-2023 13:24:18.747 INFO [main] org.apache.catalina.startup.HostConfig.deployDirectory Deploying web application directory [C:\Users\Gabriel\git\Data-Access\05-web-services\apache-tomcat-10.0.27\webapps\host-manager]
07-Feb-2023 13:24:18.794 INFO [main] org.apache.catalina.startup.HostConfig.deployDirectory Deployment of web application directory [C:\Users\Gabriel\git\Data-Access\05-web-services\apache-tomcat-10.0.27\webapps\host-manager] has finished in [47] ms
07-Feb-2023 13:24:18.794 INFO [main] org.apache.catalina.startup.HostConfig.deployDirectory Deploying web application directory [C:\Users\Gabriel\git\Data-Access\05-web-services\apache-tomcat-10.0.27\webapps\manager]
07-Feb-2023 13:24:18.831 INFO [main] org.apache.catalina.startup.HostConfig.deployDirectory Deployment of web application directory [C:\Users\Gabriel\git\Data-Access\05-web-services\apache-tomcat-10.0.27\webapps\manager] has finished in [37] ms
07-Feb-2023 13:24:18.832 INFO [main] org.apache.catalina.startup.HostConfig.deployDirectory Deploying web application directory [C:\Users\Gabriel\git\Data-Access\05-web-services\apache-tomcat-10.0.27\webapps\ROOT]
07-Feb-2023 13:24:18.862 INFO [main] org.apache.catalina.startup.HostConfig.deployDirectory Deployment of web application directory [C:\Users\Gabriel\git\Data-Access\05-web-services\apache-tomcat-10.0.27\webapps\ROOT] has finished in [30] ms
07-Feb-2023 13:24:18.876 INFO [main] org.apache.coyote.AbstractProtocol.start Starting ProtocolHandler ["http-nio-8080"]
07-Feb-2023 13:24:18.974 INFO [main] org.apache.catalina.startup.Catalina.start Server startup in [8372] milliseconds
07-Feb-2023 13:26:49.104 INFO [Catalina-utility-1] org.apache.catalina.startup.HostConfig.undeploy Undeploying context [/web-service]
07-Feb-2023 13:26:49.179 INFO [Catalina-utility-1] org.apache.catalina.startup.HostConfig.deployWAR Deploying web application archive [C:\Users\Gabriel\git\Data-Access\05-web-services\apache-tomcat-10.0.27\webapps\web-service.war]
07-Feb-2023 13:26:50.287 INFO [Catalina-utility-1] org.apache.jasper.servlet.TldScanner.scanJars At least one JAR was scanned for TLDs yet contained no TLDs. Enable debug logging for this logger for a complete list of JARs that were scanned but no TLDs were found in them. Skipping unneeded JARs during scanning can improve startup time and JSP compilation time.
07-Feb-2023 13:26:51.517 INFO [Catalina-utility-1] org.apache.catalina.startup.HostConfig.deployWAR Deployment of web application archive [C:\Users\Gabriel\git\Data-Access\05-web-services\apache-tomcat-10.0.27\webapps\web-service.war] has finished in [2,338] ms
07-Feb-2023 13:27:49.321 INFO [main] org.apache.catalina.core.StandardServer.await A valid shutdown command was received via the shutdown port. Stopping the Server instance.
07-Feb-2023 13:27:49.321 INFO [main] org.apache.coyote.AbstractProtocol.pause Pausing ProtocolHandler ["http-nio-8080"]
07-Feb-2023 13:27:49.376 INFO [main] org.apache.catalina.core.StandardService.stopInternal Stopping service [Catalina]
07-Feb-2023 13:27:49.408 INFO [main] org.apache.coyote.AbstractProtocol.stop Stopping ProtocolHandler ["http-nio-8080"]
07-Feb-2023 13:27:49.417 INFO [main] org.apache.coyote.AbstractProtocol.destroy Destroying ProtocolHandler ["http-nio-8080"]
07-Feb-2023 13:28:33.733 INFO [main] org.apache.catalina.startup.VersionLoggerListener.log Server version name:   Apache Tomcat/10.0.27
07-Feb-2023 13:28:33.738 INFO [main] org.apache.catalina.startup.VersionLoggerListener.log Server built:          Oct 3 2022 14:18:31 UTC
07-Feb-2023 13:28:33.738 INFO [main] org.apache.catalina.startup.VersionLoggerListener.log Server version number: 10.0.27.0
07-Feb-2023 13:28:33.738 INFO [main] org.apache.catalina.startup.VersionLoggerListener.log OS Name:               Windows 10
07-Feb-2023 13:28:33.738 INFO [main] org.apache.catalina.startup.VersionLoggerListener.log OS Version:            10.0
07-Feb-2023 13:28:33.738 INFO [main] org.apache.catalina.startup.VersionLoggerListener.log Architecture:          amd64
07-Feb-2023 13:28:33.739 INFO [main] org.apache.catalina.startup.VersionLoggerListener.log Java Home:             C:\Program Files\Eclipse Adoptium\jdk-11.0.16.101-hotspot
07-Feb-2023 13:28:33.739 INFO [main] org.apache.catalina.startup.VersionLoggerListener.log JVM Version:           11.0.16.1+1
07-Feb-2023 13:28:33.739 INFO [main] org.apache.catalina.startup.VersionLoggerListener.log JVM Vendor:            Eclipse Adoptium
07-Feb-2023 13:28:33.739 INFO [main] org.apache.catalina.startup.VersionLoggerListener.log CATALINA_BASE:         C:\Users\Gabriel\git\Data-Access\05-web-services\apache-tomcat-10.0.27
07-Feb-2023 13:28:33.739 INFO [main] org.apache.catalina.startup.VersionLoggerListener.log CATALINA_HOME:         C:\Users\Gabriel\git\Data-Access\05-web-services\apache-tomcat-10.0.27
07-Feb-2023 13:28:33.756 INFO [main] org.apache.catalina.startup.VersionLoggerListener.log Command line argument: -Djava.util.logging.config.file=c:\Users\Gabriel\git\Data-Access\05-web-services\apache-tomcat-10.0.27/conf/logging.properties
07-Feb-2023 13:28:33.757 INFO [main] org.apache.catalina.startup.VersionLoggerListener.log Command line argument: -Djava.util.logging.manager=org.apache.juli.ClassLoaderLogManager
07-Feb-2023 13:28:33.757 INFO [main] org.apache.catalina.startup.VersionLoggerListener.log Command line argument: -Djdk.tls.ephemeralDHKeySize=2048
07-Feb-2023 13:28:33.757 INFO [main] org.apache.catalina.startup.VersionLoggerListener.log Command line argument: -Djava.protocol.handler.pkgs=org.apache.catalina.webresources
07-Feb-2023 13:28:33.757 INFO [main] org.apache.catalina.startup.VersionLoggerListener.log Command line argument: -Dorg.apache.catalina.security.SecurityListener.UMASK=0027
07-Feb-2023 13:28:33.757 INFO [main] org.apache.catalina.startup.VersionLoggerListener.log Command line argument: -Dcatalina.base=c:\Users\Gabriel\git\Data-Access\05-web-services\apache-tomcat-10.0.27
07-Feb-2023 13:28:33.758 INFO [main] org.apache.catalina.startup.VersionLoggerListener.log Command line argument: -Dcatalina.home=c:\Users\Gabriel\git\Data-Access\05-web-services\apache-tomcat-10.0.27
07-Feb-2023 13:28:33.758 INFO [main] org.apache.catalina.startup.VersionLoggerListener.log Command line argument: -Djava.io.tmpdir=c:\Users\Gabriel\git\Data-Access\05-web-services\apache-tomcat-10.0.27/temp
07-Feb-2023 13:28:33.786 INFO [main] org.apache.catalina.core.AprLifecycleListener.lifecycleEvent The Apache Tomcat Native library which allows using OpenSSL was not found on the java.library.path: [C:\Program Files\Eclipse Adoptium\jdk-11.0.16.101-hotspot\bin;C:\WINDOWS\Sun\Java\bin;C:\WINDOWS\system32;C:\WINDOWS;C:\Program Files\Microsoft\jdk-11.0.16.101-hotspot\bin;C:\Program Files\Microsoft\jdk-11.0.12.7-hotspot\bin;C:\Program Files\Eclipse Adoptium\jdk-17.0.5.8-hotspot\bin;C:\Program Files\Eclipse Adoptium\jdk-11.0.16.101-hotspot\bin;C:\Windows\system32;C:\Windows;C:\Windows\System32\Wbem;C:\Windows\System32\WindowsPowerShell\v1.0\;C:\Windows\System32\OpenSSH\;C:\Program Files\Microsoft VS Code\bin;C:\WINDOWS\system32;C:\WINDOWS;C:\WINDOWS\System32\Wbem;C:\WINDOWS\System32\WindowsPowerShell\v1.0\;C:\WINDOWS\System32\OpenSSH\;C:\Program Files\Git\cmd;C:\xampp\php;C:\Program Files\dotnet\;C:\Users\Gabriel\AppData\Local\Android\Sdk;;C:\Program Files\Docker\Docker\resources\bin;C:\ProgramData\ComposerSetup\bin;C:\Program Files\nodejs\;C:\Program Files\PowerShell\7\;C:\Users\Gabriel\scoop\apps\gcc\current\bin;C:\Users\Gabriel\scoop\shims;C:\Users\Gabriel\AppData\Local\Microsoft\WindowsApps;C:\Users\Gabriel\.dotnet\tools;C:\Users\Gabriel\AppData\Local\Programs\oh-my-posh\bin;C:\apache-maven-3.8.6\bin;C:\Users\Gabriel\AppData\Roaming\Composer\vendor\bin;C:\Users\Gabriel\.dotnet\tools;C:\Users\Gabriel\AppData\Roaming\npm;.]
07-Feb-2023 13:28:34.219 INFO [main] org.apache.coyote.AbstractProtocol.init Initializing ProtocolHandler ["http-nio-8080"]
07-Feb-2023 13:28:34.257 INFO [main] org.apache.catalina.startup.Catalina.load Server initialization in [758] milliseconds
07-Feb-2023 13:28:34.352 INFO [main] org.apache.catalina.core.StandardService.startInternal Starting service [Catalina]
07-Feb-2023 13:28:34.352 INFO [main] org.apache.catalina.core.StandardEngine.startInternal Starting Servlet engine: [Apache Tomcat/10.0.27]
07-Feb-2023 13:28:34.378 INFO [main] org.apache.catalina.startup.HostConfig.deployWAR Deploying web application archive [C:\Users\Gabriel\git\Data-Access\05-web-services\apache-tomcat-10.0.27\webapps\demo.war]
07-Feb-2023 13:28:35.885 INFO [main] org.apache.jasper.servlet.TldScanner.scanJars At least one JAR was scanned for TLDs yet contained no TLDs. Enable debug logging for this logger for a complete list of JARs that were scanned but no TLDs were found in them. Skipping unneeded JARs during scanning can improve startup time and JSP compilation time.
07-Feb-2023 13:28:38.293 INFO [main] org.apache.catalina.startup.HostConfig.deployWAR Deployment of web application archive [C:\Users\Gabriel\git\Data-Access\05-web-services\apache-tomcat-10.0.27\webapps\demo.war] has finished in [3,916] ms
07-Feb-2023 13:28:38.296 INFO [main] org.apache.catalina.startup.HostConfig.deployWAR Deploying web application archive [C:\Users\Gabriel\git\Data-Access\05-web-services\apache-tomcat-10.0.27\webapps\web-service.war]
07-Feb-2023 13:28:38.306 INFO [main] org.apache.catalina.startup.ExpandWar.expand An expanded directory [C:\Users\Gabriel\git\Data-Access\05-web-services\apache-tomcat-10.0.27\webapps\web-service] was found with a last modified time that did not match the associated WAR. It will be deleted.
07-Feb-2023 13:28:39.419 INFO [main] org.apache.jasper.servlet.TldScanner.scanJars At least one JAR was scanned for TLDs yet contained no TLDs. Enable debug logging for this logger for a complete list of JARs that were scanned but no TLDs were found in them. Skipping unneeded JARs during scanning can improve startup time and JSP compilation time.
07-Feb-2023 13:28:40.802 INFO [main] org.apache.catalina.startup.HostConfig.deployWAR Deployment of web application archive [C:\Users\Gabriel\git\Data-Access\05-web-services\apache-tomcat-10.0.27\webapps\web-service.war] has finished in [2,506] ms
07-Feb-2023 13:28:40.803 INFO [main] org.apache.catalina.startup.HostConfig.deployDirectory Deploying web application directory [C:\Users\Gabriel\git\Data-Access\05-web-services\apache-tomcat-10.0.27\webapps\docs]
07-Feb-2023 13:28:40.832 INFO [main] org.apache.catalina.startup.HostConfig.deployDirectory Deployment of web application directory [C:\Users\Gabriel\git\Data-Access\05-web-services\apache-tomcat-10.0.27\webapps\docs] has finished in [29] ms
07-Feb-2023 13:28:40.832 INFO [main] org.apache.catalina.startup.HostConfig.deployDirectory Deploying web application directory [C:\Users\Gabriel\git\Data-Access\05-web-services\apache-tomcat-10.0.27\webapps\examples]
07-Feb-2023 13:28:41.238 INFO [main] org.apache.catalina.startup.HostConfig.deployDirectory Deployment of web application directory [C:\Users\Gabriel\git\Data-Access\05-web-services\apache-tomcat-10.0.27\webapps\examples] has finished in [406] ms
07-Feb-2023 13:28:41.238 INFO [main] org.apache.catalina.startup.HostConfig.deployDirectory Deploying web application directory [C:\Users\Gabriel\git\Data-Access\05-web-services\apache-tomcat-10.0.27\webapps\host-manager]
07-Feb-2023 13:28:41.280 INFO [main] org.apache.catalina.startup.HostConfig.deployDirectory Deployment of web application directory [C:\Users\Gabriel\git\Data-Access\05-web-services\apache-tomcat-10.0.27\webapps\host-manager] has finished in [42] ms
07-Feb-2023 13:28:41.280 INFO [main] org.apache.catalina.startup.HostConfig.deployDirectory Deploying web application directory [C:\Users\Gabriel\git\Data-Access\05-web-services\apache-tomcat-10.0.27\webapps\manager]
07-Feb-2023 13:28:41.319 INFO [main] org.apache.catalina.startup.HostConfig.deployDirectory Deployment of web application directory [C:\Users\Gabriel\git\Data-Access\05-web-services\apache-tomcat-10.0.27\webapps\manager] has finished in [39] ms
07-Feb-2023 13:28:41.319 INFO [main] org.apache.catalina.startup.HostConfig.deployDirectory Deploying web application directory [C:\Users\Gabriel\git\Data-Access\05-web-services\apache-tomcat-10.0.27\webapps\ROOT]
07-Feb-2023 13:28:41.350 INFO [main] org.apache.catalina.startup.HostConfig.deployDirectory Deployment of web application directory [C:\Users\Gabriel\git\Data-Access\05-web-services\apache-tomcat-10.0.27\webapps\ROOT] has finished in [31] ms
07-Feb-2023 13:28:41.359 INFO [main] org.apache.coyote.AbstractProtocol.start Starting ProtocolHandler ["http-nio-8080"]
07-Feb-2023 13:28:41.443 INFO [main] org.apache.catalina.startup.Catalina.start Server startup in [7186] milliseconds
07-Feb-2023 13:29:14.286 INFO [main] org.apache.catalina.core.StandardServer.await A valid shutdown command was received via the shutdown port. Stopping the Server instance.
07-Feb-2023 13:29:14.287 INFO [main] org.apache.coyote.AbstractProtocol.pause Pausing ProtocolHandler ["http-nio-8080"]
07-Feb-2023 13:29:14.339 INFO [main] org.apache.catalina.core.StandardService.stopInternal Stopping service [Catalina]
07-Feb-2023 13:29:14.383 INFO [main] org.apache.coyote.AbstractProtocol.stop Stopping ProtocolHandler ["http-nio-8080"]
07-Feb-2023 13:29:14.396 INFO [main] org.apache.coyote.AbstractProtocol.destroy Destroying ProtocolHandler ["http-nio-8080"]
07-Feb-2023 13:30:06.427 INFO [main] org.apache.catalina.startup.VersionLoggerListener.log Server version name:   Apache Tomcat/10.0.27
07-Feb-2023 13:30:06.430 INFO [main] org.apache.catalina.startup.VersionLoggerListener.log Server built:          Oct 3 2022 14:18:31 UTC
07-Feb-2023 13:30:06.431 INFO [main] org.apache.catalina.startup.VersionLoggerListener.log Server version number: 10.0.27.0
07-Feb-2023 13:30:06.431 INFO [main] org.apache.catalina.startup.VersionLoggerListener.log OS Name:               Windows 10
07-Feb-2023 13:30:06.431 INFO [main] org.apache.catalina.startup.VersionLoggerListener.log OS Version:            10.0
07-Feb-2023 13:30:06.431 INFO [main] org.apache.catalina.startup.VersionLoggerListener.log Architecture:          amd64
07-Feb-2023 13:30:06.431 INFO [main] org.apache.catalina.startup.VersionLoggerListener.log Java Home:             C:\Program Files\Eclipse Adoptium\jdk-11.0.16.101-hotspot
07-Feb-2023 13:30:06.431 INFO [main] org.apache.catalina.startup.VersionLoggerListener.log JVM Version:           11.0.16.1+1
07-Feb-2023 13:30:06.432 INFO [main] org.apache.catalina.startup.VersionLoggerListener.log JVM Vendor:            Eclipse Adoptium
07-Feb-2023 13:30:06.432 INFO [main] org.apache.catalina.startup.VersionLoggerListener.log CATALINA_BASE:         C:\Users\Gabriel\git\Data-Access\05-web-services\apache-tomcat-10.0.27
07-Feb-2023 13:30:06.432 INFO [main] org.apache.catalina.startup.VersionLoggerListener.log CATALINA_HOME:         C:\Users\Gabriel\git\Data-Access\05-web-services\apache-tomcat-10.0.27
07-Feb-2023 13:30:06.448 INFO [main] org.apache.catalina.startup.VersionLoggerListener.log Command line argument: -Djava.util.logging.config.file=c:\Users\Gabriel\git\Data-Access\05-web-services\apache-tomcat-10.0.27/conf/logging.properties
07-Feb-2023 13:30:06.448 INFO [main] org.apache.catalina.startup.VersionLoggerListener.log Command line argument: -Djava.util.logging.manager=org.apache.juli.ClassLoaderLogManager
07-Feb-2023 13:30:06.448 INFO [main] org.apache.catalina.startup.VersionLoggerListener.log Command line argument: -Djdk.tls.ephemeralDHKeySize=2048
07-Feb-2023 13:30:06.448 INFO [main] org.apache.catalina.startup.VersionLoggerListener.log Command line argument: -Djava.protocol.handler.pkgs=org.apache.catalina.webresources
07-Feb-2023 13:30:06.448 INFO [main] org.apache.catalina.startup.VersionLoggerListener.log Command line argument: -Dorg.apache.catalina.security.SecurityListener.UMASK=0027
07-Feb-2023 13:30:06.449 INFO [main] org.apache.catalina.startup.VersionLoggerListener.log Command line argument: -Dcatalina.base=c:\Users\Gabriel\git\Data-Access\05-web-services\apache-tomcat-10.0.27
07-Feb-2023 13:30:06.449 INFO [main] org.apache.catalina.startup.VersionLoggerListener.log Command line argument: -Dcatalina.home=c:\Users\Gabriel\git\Data-Access\05-web-services\apache-tomcat-10.0.27
07-Feb-2023 13:30:06.449 INFO [main] org.apache.catalina.startup.VersionLoggerListener.log Command line argument: -Djava.io.tmpdir=c:\Users\Gabriel\git\Data-Access\05-web-services\apache-tomcat-10.0.27/temp
07-Feb-2023 13:30:06.477 INFO [main] org.apache.catalina.core.AprLifecycleListener.lifecycleEvent The Apache Tomcat Native library which allows using OpenSSL was not found on the java.library.path: [C:\Program Files\Eclipse Adoptium\jdk-11.0.16.101-hotspot\bin;C:\WINDOWS\Sun\Java\bin;C:\WINDOWS\system32;C:\WINDOWS;C:\Program Files\Microsoft\jdk-11.0.16.101-hotspot\bin;C:\Program Files\Microsoft\jdk-11.0.12.7-hotspot\bin;C:\Program Files\Eclipse Adoptium\jdk-17.0.5.8-hotspot\bin;C:\Program Files\Eclipse Adoptium\jdk-11.0.16.101-hotspot\bin;C:\Windows\system32;C:\Windows;C:\Windows\System32\Wbem;C:\Windows\System32\WindowsPowerShell\v1.0\;C:\Windows\System32\OpenSSH\;C:\Program Files\Microsoft VS Code\bin;C:\WINDOWS\system32;C:\WINDOWS;C:\WINDOWS\System32\Wbem;C:\WINDOWS\System32\WindowsPowerShell\v1.0\;C:\WINDOWS\System32\OpenSSH\;C:\Program Files\Git\cmd;C:\xampp\php;C:\Program Files\dotnet\;C:\Users\Gabriel\AppData\Local\Android\Sdk;;C:\Program Files\Docker\Docker\resources\bin;C:\ProgramData\ComposerSetup\bin;C:\Program Files\nodejs\;C:\Program Files\PowerShell\7\;C:\Users\Gabriel\scoop\apps\gcc\current\bin;C:\Users\Gabriel\scoop\shims;C:\Users\Gabriel\AppData\Local\Microsoft\WindowsApps;C:\Users\Gabriel\.dotnet\tools;C:\Users\Gabriel\AppData\Local\Programs\oh-my-posh\bin;C:\apache-maven-3.8.6\bin;C:\Users\Gabriel\AppData\Roaming\Composer\vendor\bin;C:\Users\Gabriel\.dotnet\tools;C:\Users\Gabriel\AppData\Roaming\npm;.]
07-Feb-2023 13:30:06.944 INFO [main] org.apache.coyote.AbstractProtocol.init Initializing ProtocolHandler ["http-nio-8080"]
07-Feb-2023 13:30:06.994 INFO [main] org.apache.catalina.startup.Catalina.load Server initialization in [805] milliseconds
07-Feb-2023 13:30:07.107 INFO [main] org.apache.catalina.core.StandardService.startInternal Starting service [Catalina]
07-Feb-2023 13:30:07.108 INFO [main] org.apache.catalina.core.StandardEngine.startInternal Starting Servlet engine: [Apache Tomcat/10.0.27]
07-Feb-2023 13:30:07.133 INFO [main] org.apache.catalina.startup.HostConfig.deployWAR Deploying web application archive [C:\Users\Gabriel\git\Data-Access\05-web-services\apache-tomcat-10.0.27\webapps\demo.war]
07-Feb-2023 13:30:08.638 INFO [main] org.apache.jasper.servlet.TldScanner.scanJars At least one JAR was scanned for TLDs yet contained no TLDs. Enable debug logging for this logger for a complete list of JARs that were scanned but no TLDs were found in them. Skipping unneeded JARs during scanning can improve startup time and JSP compilation time.
07-Feb-2023 13:30:10.928 INFO [main] org.apache.catalina.startup.HostConfig.deployWAR Deployment of web application archive [C:\Users\Gabriel\git\Data-Access\05-web-services\apache-tomcat-10.0.27\webapps\demo.war] has finished in [3,795] ms
07-Feb-2023 13:30:10.931 INFO [main] org.apache.catalina.startup.HostConfig.deployWAR Deploying web application archive [C:\Users\Gabriel\git\Data-Access\05-web-services\apache-tomcat-10.0.27\webapps\web-service.war]
07-Feb-2023 13:30:10.936 INFO [main] org.apache.catalina.startup.ExpandWar.expand An expanded directory [C:\Users\Gabriel\git\Data-Access\05-web-services\apache-tomcat-10.0.27\webapps\web-service] was found with a last modified time that did not match the associated WAR. It will be deleted.
07-Feb-2023 13:30:12.121 INFO [main] org.apache.jasper.servlet.TldScanner.scanJars At least one JAR was scanned for TLDs yet contained no TLDs. Enable debug logging for this logger for a complete list of JARs that were scanned but no TLDs were found in them. Skipping unneeded JARs during scanning can improve startup time and JSP compilation time.
07-Feb-2023 13:30:14.175 INFO [main] org.apache.catalina.startup.HostConfig.deployWAR Deployment of web application archive [C:\Users\Gabriel\git\Data-Access\05-web-services\apache-tomcat-10.0.27\webapps\web-service.war] has finished in [3,244] ms
07-Feb-2023 13:30:14.176 INFO [main] org.apache.catalina.startup.HostConfig.deployDirectory Deploying web application directory [C:\Users\Gabriel\git\Data-Access\05-web-services\apache-tomcat-10.0.27\webapps\docs]
07-Feb-2023 13:30:14.204 INFO [main] org.apache.catalina.startup.HostConfig.deployDirectory Deployment of web application directory [C:\Users\Gabriel\git\Data-Access\05-web-services\apache-tomcat-10.0.27\webapps\docs] has finished in [28] ms
07-Feb-2023 13:30:14.204 INFO [main] org.apache.catalina.startup.HostConfig.deployDirectory Deploying web application directory [C:\Users\Gabriel\git\Data-Access\05-web-services\apache-tomcat-10.0.27\webapps\examples]
07-Feb-2023 13:30:14.640 INFO [main] org.apache.catalina.startup.HostConfig.deployDirectory Deployment of web application directory [C:\Users\Gabriel\git\Data-Access\05-web-services\apache-tomcat-10.0.27\webapps\examples] has finished in [436] ms
07-Feb-2023 13:30:14.640 INFO [main] org.apache.catalina.startup.HostConfig.deployDirectory Deploying web application directory [C:\Users\Gabriel\git\Data-Access\05-web-services\apache-tomcat-10.0.27\webapps\host-manager]
07-Feb-2023 13:30:14.686 INFO [main] org.apache.catalina.startup.HostConfig.deployDirectory Deployment of web application directory [C:\Users\Gabriel\git\Data-Access\05-web-services\apache-tomcat-10.0.27\webapps\host-manager] has finished in [46] ms
07-Feb-2023 13:30:14.686 INFO [main] org.apache.catalina.startup.HostConfig.deployDirectory Deploying web application directory [C:\Users\Gabriel\git\Data-Access\05-web-services\apache-tomcat-10.0.27\webapps\manager]
07-Feb-2023 13:30:14.725 INFO [main] org.apache.catalina.startup.HostConfig.deployDirectory Deployment of web application directory [C:\Users\Gabriel\git\Data-Access\05-web-services\apache-tomcat-10.0.27\webapps\manager] has finished in [39] ms
07-Feb-2023 13:30:14.726 INFO [main] org.apache.catalina.startup.HostConfig.deployDirectory Deploying web application directory [C:\Users\Gabriel\git\Data-Access\05-web-services\apache-tomcat-10.0.27\webapps\ROOT]
07-Feb-2023 13:30:14.757 INFO [main] org.apache.catalina.startup.HostConfig.deployDirectory Deployment of web application directory [C:\Users\Gabriel\git\Data-Access\05-web-services\apache-tomcat-10.0.27\webapps\ROOT] has finished in [31] ms
07-Feb-2023 13:30:14.767 INFO [main] org.apache.coyote.AbstractProtocol.start Starting ProtocolHandler ["http-nio-8080"]
07-Feb-2023 13:30:14.860 INFO [main] org.apache.catalina.startup.Catalina.start Server startup in [7865] milliseconds
07-Feb-2023 13:37:37.307 INFO [main] org.apache.catalina.core.StandardServer.await A valid shutdown command was received via the shutdown port. Stopping the Server instance.
07-Feb-2023 13:37:37.307 INFO [main] org.apache.coyote.AbstractProtocol.pause Pausing ProtocolHandler ["http-nio-8080"]
07-Feb-2023 13:37:37.358 INFO [main] org.apache.catalina.core.StandardService.stopInternal Stopping service [Catalina]
07-Feb-2023 13:37:37.409 INFO [main] org.apache.coyote.AbstractProtocol.stop Stopping ProtocolHandler ["http-nio-8080"]
07-Feb-2023 13:37:37.428 INFO [main] org.apache.coyote.AbstractProtocol.destroy Destroying ProtocolHandler ["http-nio-8080"]
07-Feb-2023 13:47:42.038 INFO [main] org.apache.catalina.startup.VersionLoggerListener.log Server version name:   Apache Tomcat/10.0.27
07-Feb-2023 13:47:42.042 INFO [main] org.apache.catalina.startup.VersionLoggerListener.log Server built:          Oct 3 2022 14:18:31 UTC
07-Feb-2023 13:47:42.042 INFO [main] org.apache.catalina.startup.VersionLoggerListener.log Server version number: 10.0.27.0
07-Feb-2023 13:47:42.042 INFO [main] org.apache.catalina.startup.VersionLoggerListener.log OS Name:               Windows 10
07-Feb-2023 13:47:42.042 INFO [main] org.apache.catalina.startup.VersionLoggerListener.log OS Version:            10.0
07-Feb-2023 13:47:42.042 INFO [main] org.apache.catalina.startup.VersionLoggerListener.log Architecture:          amd64
07-Feb-2023 13:47:42.043 INFO [main] org.apache.catalina.startup.VersionLoggerListener.log Java Home:             C:\Program Files\Eclipse Adoptium\jdk-11.0.16.101-hotspot
07-Feb-2023 13:47:42.043 INFO [main] org.apache.catalina.startup.VersionLoggerListener.log JVM Version:           11.0.16.1+1
07-Feb-2023 13:47:42.043 INFO [main] org.apache.catalina.startup.VersionLoggerListener.log JVM Vendor:            Eclipse Adoptium
07-Feb-2023 13:47:42.043 INFO [main] org.apache.catalina.startup.VersionLoggerListener.log CATALINA_BASE:         C:\Users\Gabriel\git\Data-Access\05-web-services\apache-tomcat-10.0.27
07-Feb-2023 13:47:42.043 INFO [main] org.apache.catalina.startup.VersionLoggerListener.log CATALINA_HOME:         C:\Users\Gabriel\git\Data-Access\05-web-services\apache-tomcat-10.0.27
07-Feb-2023 13:47:42.061 INFO [main] org.apache.catalina.startup.VersionLoggerListener.log Command line argument: -Djava.util.logging.config.file=c:\Users\Gabriel\git\Data-Access\05-web-services\apache-tomcat-10.0.27/conf/logging.properties
07-Feb-2023 13:47:42.061 INFO [main] org.apache.catalina.startup.VersionLoggerListener.log Command line argument: -Djava.util.logging.manager=org.apache.juli.ClassLoaderLogManager
07-Feb-2023 13:47:42.061 INFO [main] org.apache.catalina.startup.VersionLoggerListener.log Command line argument: -Djdk.tls.ephemeralDHKeySize=2048
07-Feb-2023 13:47:42.061 INFO [main] org.apache.catalina.startup.VersionLoggerListener.log Command line argument: -Djava.protocol.handler.pkgs=org.apache.catalina.webresources
07-Feb-2023 13:47:42.062 INFO [main] org.apache.catalina.startup.VersionLoggerListener.log Command line argument: -Dorg.apache.catalina.security.SecurityListener.UMASK=0027
07-Feb-2023 13:47:42.062 INFO [main] org.apache.catalina.startup.VersionLoggerListener.log Command line argument: -Dcatalina.base=c:\Users\Gabriel\git\Data-Access\05-web-services\apache-tomcat-10.0.27
07-Feb-2023 13:47:42.062 INFO [main] org.apache.catalina.startup.VersionLoggerListener.log Command line argument: -Dcatalina.home=c:\Users\Gabriel\git\Data-Access\05-web-services\apache-tomcat-10.0.27
07-Feb-2023 13:47:42.062 INFO [main] org.apache.catalina.startup.VersionLoggerListener.log Command line argument: -Djava.io.tmpdir=c:\Users\Gabriel\git\Data-Access\05-web-services\apache-tomcat-10.0.27/temp
07-Feb-2023 13:47:42.084 INFO [main] org.apache.catalina.core.AprLifecycleListener.lifecycleEvent The Apache Tomcat Native library which allows using OpenSSL was not found on the java.library.path: [C:\Program Files\Eclipse Adoptium\jdk-11.0.16.101-hotspot\bin;C:\WINDOWS\Sun\Java\bin;C:\WINDOWS\system32;C:\WINDOWS;C:\Program Files\Microsoft\jdk-11.0.16.101-hotspot\bin;C:\Program Files\Microsoft\jdk-11.0.12.7-hotspot\bin;C:\Program Files\Eclipse Adoptium\jdk-17.0.5.8-hotspot\bin;C:\Program Files\Eclipse Adoptium\jdk-11.0.16.101-hotspot\bin;C:\Windows\system32;C:\Windows;C:\Windows\System32\Wbem;C:\Windows\System32\WindowsPowerShell\v1.0\;C:\Windows\System32\OpenSSH\;C:\Program Files\Microsoft VS Code\bin;C:\WINDOWS\system32;C:\WINDOWS;C:\WINDOWS\System32\Wbem;C:\WINDOWS\System32\WindowsPowerShell\v1.0\;C:\WINDOWS\System32\OpenSSH\;C:\Program Files\Git\cmd;C:\xampp\php;C:\Program Files\dotnet\;C:\Users\Gabriel\AppData\Local\Android\Sdk;;C:\Program Files\Docker\Docker\resources\bin;C:\ProgramData\ComposerSetup\bin;C:\Program Files\nodejs\;C:\Program Files\PowerShell\7\;C:\Users\Gabriel\scoop\apps\gcc\current\bin;C:\Users\Gabriel\scoop\shims;C:\Users\Gabriel\AppData\Local\Microsoft\WindowsApps;C:\Users\Gabriel\.dotnet\tools;C:\Users\Gabriel\AppData\Local\Programs\oh-my-posh\bin;C:\apache-maven-3.8.6\bin;C:\Users\Gabriel\AppData\Roaming\Composer\vendor\bin;C:\Users\Gabriel\.dotnet\tools;C:\Users\Gabriel\AppData\Roaming\npm;.]
07-Feb-2023 13:47:42.625 INFO [main] org.apache.coyote.AbstractProtocol.init Initializing ProtocolHandler ["http-nio-8080"]
07-Feb-2023 13:47:42.672 INFO [main] org.apache.catalina.startup.Catalina.load Server initialization in [908] milliseconds
07-Feb-2023 13:47:42.798 INFO [main] org.apache.catalina.core.StandardService.startInternal Starting service [Catalina]
07-Feb-2023 13:47:42.798 INFO [main] org.apache.catalina.core.StandardEngine.startInternal Starting Servlet engine: [Apache Tomcat/10.0.27]
07-Feb-2023 13:47:42.829 INFO [main] org.apache.catalina.startup.HostConfig.deployWAR Deploying web application archive [C:\Users\Gabriel\git\Data-Access\05-web-services\apache-tomcat-10.0.27\webapps\demo.war]
07-Feb-2023 13:47:44.416 INFO [main] org.apache.jasper.servlet.TldScanner.scanJars At least one JAR was scanned for TLDs yet contained no TLDs. Enable debug logging for this logger for a complete list of JARs that were scanned but no TLDs were found in them. Skipping unneeded JARs during scanning can improve startup time and JSP compilation time.
07-Feb-2023 13:47:46.808 INFO [main] org.apache.catalina.startup.HostConfig.deployWAR Deployment of web application archive [C:\Users\Gabriel\git\Data-Access\05-web-services\apache-tomcat-10.0.27\webapps\demo.war] has finished in [3,978] ms
07-Feb-2023 13:47:46.811 INFO [main] org.apache.catalina.startup.HostConfig.deployWAR Deploying web application archive [C:\Users\Gabriel\git\Data-Access\05-web-services\apache-tomcat-10.0.27\webapps\web-service.war]
07-Feb-2023 13:47:46.817 INFO [main] org.apache.catalina.startup.ExpandWar.expand An expanded directory [C:\Users\Gabriel\git\Data-Access\05-web-services\apache-tomcat-10.0.27\webapps\web-service] was found with a last modified time that did not match the associated WAR. It will be deleted.
07-Feb-2023 13:47:48.043 INFO [main] org.apache.jasper.servlet.TldScanner.scanJars At least one JAR was scanned for TLDs yet contained no TLDs. Enable debug logging for this logger for a complete list of JARs that were scanned but no TLDs were found in them. Skipping unneeded JARs during scanning can improve startup time and JSP compilation time.
07-Feb-2023 13:47:50.145 INFO [main] org.apache.catalina.startup.HostConfig.deployWAR Deployment of web application archive [C:\Users\Gabriel\git\Data-Access\05-web-services\apache-tomcat-10.0.27\webapps\web-service.war] has finished in [3,334] ms
07-Feb-2023 13:47:50.147 INFO [main] org.apache.catalina.startup.HostConfig.deployDirectory Deploying web application directory [C:\Users\Gabriel\git\Data-Access\05-web-services\apache-tomcat-10.0.27\webapps\docs]
07-Feb-2023 13:47:50.188 INFO [main] org.apache.catalina.startup.HostConfig.deployDirectory Deployment of web application directory [C:\Users\Gabriel\git\Data-Access\05-web-services\apache-tomcat-10.0.27\webapps\docs] has finished in [41] ms
07-Feb-2023 13:47:50.188 INFO [main] org.apache.catalina.startup.HostConfig.deployDirectory Deploying web application directory [C:\Users\Gabriel\git\Data-Access\05-web-services\apache-tomcat-10.0.27\webapps\examples]
07-Feb-2023 13:47:50.711 INFO [main] org.apache.catalina.startup.HostConfig.deployDirectory Deployment of web application directory [C:\Users\Gabriel\git\Data-Access\05-web-services\apache-tomcat-10.0.27\webapps\examples] has finished in [523] ms
07-Feb-2023 13:47:50.711 INFO [main] org.apache.catalina.startup.HostConfig.deployDirectory Deploying web application directory [C:\Users\Gabriel\git\Data-Access\05-web-services\apache-tomcat-10.0.27\webapps\host-manager]
07-Feb-2023 13:47:50.772 INFO [main] org.apache.catalina.startup.HostConfig.deployDirectory Deployment of web application directory [C:\Users\Gabriel\git\Data-Access\05-web-services\apache-tomcat-10.0.27\webapps\host-manager] has finished in [61] ms
07-Feb-2023 13:47:50.773 INFO [main] org.apache.catalina.startup.HostConfig.deployDirectory Deploying web application directory [C:\Users\Gabriel\git\Data-Access\05-web-services\apache-tomcat-10.0.27\webapps\manager]
07-Feb-2023 13:47:50.826 INFO [main] org.apache.catalina.startup.HostConfig.deployDirectory Deployment of web application directory [C:\Users\Gabriel\git\Data-Access\05-web-services\apache-tomcat-10.0.27\webapps\manager] has finished in [53] ms
07-Feb-2023 13:47:50.826 INFO [main] org.apache.catalina.startup.HostConfig.deployDirectory Deploying web application directory [C:\Users\Gabriel\git\Data-Access\05-web-services\apache-tomcat-10.0.27\webapps\ROOT]
07-Feb-2023 13:47:50.872 INFO [main] org.apache.catalina.startup.HostConfig.deployDirectory Deployment of web application directory [C:\Users\Gabriel\git\Data-Access\05-web-services\apache-tomcat-10.0.27\webapps\ROOT] has finished in [46] ms
07-Feb-2023 13:47:50.890 INFO [main] org.apache.coyote.AbstractProtocol.start Starting ProtocolHandler ["http-nio-8080"]
07-Feb-2023 13:47:50.987 INFO [main] org.apache.catalina.startup.Catalina.start Server startup in [8313] milliseconds
07-Feb-2023 13:59:59.227 INFO [main] org.apache.catalina.core.StandardServer.await A valid shutdown command was received via the shutdown port. Stopping the Server instance.
07-Feb-2023 13:59:59.228 INFO [main] org.apache.coyote.AbstractProtocol.pause Pausing ProtocolHandler ["http-nio-8080"]
07-Feb-2023 13:59:59.282 INFO [main] org.apache.catalina.core.StandardService.stopInternal Stopping service [Catalina]
07-Feb-2023 13:59:59.329 INFO [main] org.apache.coyote.AbstractProtocol.stop Stopping ProtocolHandler ["http-nio-8080"]
07-Feb-2023 13:59:59.339 INFO [main] org.apache.coyote.AbstractProtocol.destroy Destroying ProtocolHandler ["http-nio-8080"]
