08-Feb-2023 16:18:03.928 INFO [main] org.apache.catalina.startup.VersionLoggerListener.log Server version name:   Apache Tomcat/10.0.27
08-Feb-2023 16:18:03.931 INFO [main] org.apache.catalina.startup.VersionLoggerListener.log Server built:          Oct 3 2022 14:18:31 UTC
08-Feb-2023 16:18:03.932 INFO [main] org.apache.catalina.startup.VersionLoggerListener.log Server version number: 10.0.27.0
08-Feb-2023 16:18:03.932 INFO [main] org.apache.catalina.startup.VersionLoggerListener.log OS Name:               Windows 10
08-Feb-2023 16:18:03.932 INFO [main] org.apache.catalina.startup.VersionLoggerListener.log OS Version:            10.0
08-Feb-2023 16:18:03.932 INFO [main] org.apache.catalina.startup.VersionLoggerListener.log Architecture:          amd64
08-Feb-2023 16:18:03.932 INFO [main] org.apache.catalina.startup.VersionLoggerListener.log Java Home:             C:\Program Files\Eclipse Adoptium\jdk-11.0.16.101-hotspot
08-Feb-2023 16:18:03.933 INFO [main] org.apache.catalina.startup.VersionLoggerListener.log JVM Version:           11.0.16.1+1
08-Feb-2023 16:18:03.933 INFO [main] org.apache.catalina.startup.VersionLoggerListener.log JVM Vendor:            Eclipse Adoptium
08-Feb-2023 16:18:03.933 INFO [main] org.apache.catalina.startup.VersionLoggerListener.log CATALINA_BASE:         C:\Users\Gabriel\git\Data-Access\05-web-services\apache-tomcat-10.0.27
08-Feb-2023 16:18:03.933 INFO [main] org.apache.catalina.startup.VersionLoggerListener.log CATALINA_HOME:         C:\Users\Gabriel\git\Data-Access\05-web-services\apache-tomcat-10.0.27
08-Feb-2023 16:18:03.970 INFO [main] org.apache.catalina.startup.VersionLoggerListener.log Command line argument: -Djava.util.logging.config.file=c:\Users\Gabriel\git\Data-Access\05-web-services\apache-tomcat-10.0.27/conf/logging.properties
08-Feb-2023 16:18:03.970 INFO [main] org.apache.catalina.startup.VersionLoggerListener.log Command line argument: -Djava.util.logging.manager=org.apache.juli.ClassLoaderLogManager
08-Feb-2023 16:18:03.970 INFO [main] org.apache.catalina.startup.VersionLoggerListener.log Command line argument: -Djdk.tls.ephemeralDHKeySize=2048
08-Feb-2023 16:18:03.970 INFO [main] org.apache.catalina.startup.VersionLoggerListener.log Command line argument: -Djava.protocol.handler.pkgs=org.apache.catalina.webresources
08-Feb-2023 16:18:03.971 INFO [main] org.apache.catalina.startup.VersionLoggerListener.log Command line argument: -Dorg.apache.catalina.security.SecurityListener.UMASK=0027
08-Feb-2023 16:18:03.971 INFO [main] org.apache.catalina.startup.VersionLoggerListener.log Command line argument: -Dcatalina.base=c:\Users\Gabriel\git\Data-Access\05-web-services\apache-tomcat-10.0.27
08-Feb-2023 16:18:03.971 INFO [main] org.apache.catalina.startup.VersionLoggerListener.log Command line argument: -Dcatalina.home=c:\Users\Gabriel\git\Data-Access\05-web-services\apache-tomcat-10.0.27
08-Feb-2023 16:18:03.971 INFO [main] org.apache.catalina.startup.VersionLoggerListener.log Command line argument: -Djava.io.tmpdir=c:\Users\Gabriel\git\Data-Access\05-web-services\apache-tomcat-10.0.27/temp
08-Feb-2023 16:18:03.991 INFO [main] org.apache.catalina.core.AprLifecycleListener.lifecycleEvent The Apache Tomcat Native library which allows using OpenSSL was not found on the java.library.path: [C:\Program Files\Eclipse Adoptium\jdk-11.0.16.101-hotspot\bin;C:\WINDOWS\Sun\Java\bin;C:\WINDOWS\system32;C:\WINDOWS;C:\Program Files\Microsoft\jdk-11.0.16.101-hotspot\bin;C:\Program Files\Microsoft\jdk-11.0.12.7-hotspot\bin;C:\Program Files\Eclipse Adoptium\jdk-17.0.5.8-hotspot\bin;C:\Program Files\Eclipse Adoptium\jdk-11.0.16.101-hotspot\bin;C:\Windows\system32;C:\Windows;C:\Windows\System32\Wbem;C:\Windows\System32\WindowsPowerShell\v1.0\;C:\Windows\System32\OpenSSH\;C:\Program Files\Microsoft VS Code\bin;C:\WINDOWS\system32;C:\WINDOWS;C:\WINDOWS\System32\Wbem;C:\WINDOWS\System32\WindowsPowerShell\v1.0\;C:\WINDOWS\System32\OpenSSH\;C:\Program Files\Git\cmd;C:\xampp\php;C:\Program Files\dotnet\;C:\Users\Gabriel\AppData\Local\Android\Sdk;;C:\Program Files\Docker\Docker\resources\bin;C:\ProgramData\ComposerSetup\bin;C:\Program Files\nodejs\;C:\Program Files\PowerShell\7\;C:\Users\Gabriel\scoop\apps\gcc\current\bin;C:\Users\Gabriel\scoop\shims;C:\Users\Gabriel\AppData\Local\Microsoft\WindowsApps;C:\Users\Gabriel\.dotnet\tools;C:\Users\Gabriel\AppData\Local\Programs\oh-my-posh\bin;C:\apache-maven-3.8.6\bin;C:\Users\Gabriel\AppData\Roaming\Composer\vendor\bin;C:\Users\Gabriel\.dotnet\tools;C:\Users\Gabriel\AppData\Roaming\npm;.]
08-Feb-2023 16:18:04.571 INFO [main] org.apache.coyote.AbstractProtocol.init Initializing ProtocolHandler ["http-nio-8080"]
08-Feb-2023 16:18:04.612 INFO [main] org.apache.catalina.startup.Catalina.load Server initialization in [961] milliseconds
08-Feb-2023 16:18:04.720 INFO [main] org.apache.catalina.core.StandardService.startInternal Starting service [Catalina]
08-Feb-2023 16:18:04.720 INFO [main] org.apache.catalina.core.StandardEngine.startInternal Starting Servlet engine: [Apache Tomcat/10.0.27]
08-Feb-2023 16:18:04.750 INFO [main] org.apache.catalina.startup.HostConfig.deployWAR Deploying web application archive [C:\Users\Gabriel\git\Data-Access\05-web-services\apache-tomcat-10.0.27\webapps\demo.war]
08-Feb-2023 16:18:06.425 INFO [main] org.apache.jasper.servlet.TldScanner.scanJars At least one JAR was scanned for TLDs yet contained no TLDs. Enable debug logging for this logger for a complete list of JARs that were scanned but no TLDs were found in them. Skipping unneeded JARs during scanning can improve startup time and JSP compilation time.
08-Feb-2023 16:18:09.006 INFO [main] org.apache.catalina.startup.HostConfig.deployWAR Deployment of web application archive [C:\Users\Gabriel\git\Data-Access\05-web-services\apache-tomcat-10.0.27\webapps\demo.war] has finished in [4,255] ms
08-Feb-2023 16:18:09.010 INFO [main] org.apache.catalina.startup.HostConfig.deployWAR Deploying web application archive [C:\Users\Gabriel\git\Data-Access\05-web-services\apache-tomcat-10.0.27\webapps\web-service.war]
08-Feb-2023 16:18:10.179 INFO [main] org.apache.jasper.servlet.TldScanner.scanJars At least one JAR was scanned for TLDs yet contained no TLDs. Enable debug logging for this logger for a complete list of JARs that were scanned but no TLDs were found in them. Skipping unneeded JARs during scanning can improve startup time and JSP compilation time.
08-Feb-2023 16:18:12.549 INFO [main] org.apache.catalina.startup.HostConfig.deployWAR Deployment of web application archive [C:\Users\Gabriel\git\Data-Access\05-web-services\apache-tomcat-10.0.27\webapps\web-service.war] has finished in [3,539] ms
08-Feb-2023 16:18:12.551 INFO [main] org.apache.catalina.startup.HostConfig.deployDirectory Deploying web application directory [C:\Users\Gabriel\git\Data-Access\05-web-services\apache-tomcat-10.0.27\webapps\docs]
08-Feb-2023 16:18:12.600 INFO [main] org.apache.catalina.startup.HostConfig.deployDirectory Deployment of web application directory [C:\Users\Gabriel\git\Data-Access\05-web-services\apache-tomcat-10.0.27\webapps\docs] has finished in [49] ms
08-Feb-2023 16:18:12.601 INFO [main] org.apache.catalina.startup.HostConfig.deployDirectory Deploying web application directory [C:\Users\Gabriel\git\Data-Access\05-web-services\apache-tomcat-10.0.27\webapps\examples]
08-Feb-2023 16:18:13.223 INFO [main] org.apache.catalina.startup.HostConfig.deployDirectory Deployment of web application directory [C:\Users\Gabriel\git\Data-Access\05-web-services\apache-tomcat-10.0.27\webapps\examples] has finished in [622] ms
08-Feb-2023 16:18:13.224 INFO [main] org.apache.catalina.startup.HostConfig.deployDirectory Deploying web application directory [C:\Users\Gabriel\git\Data-Access\05-web-services\apache-tomcat-10.0.27\webapps\host-manager]
08-Feb-2023 16:18:13.282 INFO [main] org.apache.catalina.startup.HostConfig.deployDirectory Deployment of web application directory [C:\Users\Gabriel\git\Data-Access\05-web-services\apache-tomcat-10.0.27\webapps\host-manager] has finished in [58] ms
08-Feb-2023 16:18:13.283 INFO [main] org.apache.catalina.startup.HostConfig.deployDirectory Deploying web application directory [C:\Users\Gabriel\git\Data-Access\05-web-services\apache-tomcat-10.0.27\webapps\manager]
08-Feb-2023 16:18:13.376 INFO [main] org.apache.catalina.startup.HostConfig.deployDirectory Deployment of web application directory [C:\Users\Gabriel\git\Data-Access\05-web-services\apache-tomcat-10.0.27\webapps\manager] has finished in [92] ms
08-Feb-2023 16:18:13.399 INFO [main] org.apache.catalina.startup.HostConfig.deployDirectory Deploying web application directory [C:\Users\Gabriel\git\Data-Access\05-web-services\apache-tomcat-10.0.27\webapps\ROOT]
08-Feb-2023 16:18:13.450 INFO [main] org.apache.catalina.startup.HostConfig.deployDirectory Deployment of web application directory [C:\Users\Gabriel\git\Data-Access\05-web-services\apache-tomcat-10.0.27\webapps\ROOT] has finished in [50] ms
08-Feb-2023 16:18:13.470 INFO [main] org.apache.coyote.AbstractProtocol.start Starting ProtocolHandler ["http-nio-8080"]
08-Feb-2023 16:18:13.588 INFO [main] org.apache.catalina.startup.Catalina.start Server startup in [8975] milliseconds
08-Feb-2023 16:18:33.482 INFO [Catalina-utility-2] org.apache.catalina.startup.HostConfig.undeploy Undeploying context [/web-service]
08-Feb-2023 16:18:33.555 INFO [Catalina-utility-2] org.apache.catalina.startup.HostConfig.deployWAR Deploying web application archive [C:\Users\Gabriel\git\Data-Access\05-web-services\apache-tomcat-10.0.27\webapps\web-service.war]
08-Feb-2023 16:18:35.173 INFO [Catalina-utility-2] org.apache.jasper.servlet.TldScanner.scanJars At least one JAR was scanned for TLDs yet contained no TLDs. Enable debug logging for this logger for a complete list of JARs that were scanned but no TLDs were found in them. Skipping unneeded JARs during scanning can improve startup time and JSP compilation time.
08-Feb-2023 16:18:37.164 WARNING [Catalina-utility-2] org.glassfish.jersey.internal.Errors.logErrors The following warnings have been detected: WARNING: A resource method, private jakarta.ws.rs.core.Response exercises.AthleteService.all(), MUST be public scoped otherwise the method is ignored
WARNING: A resource, Resource{"/", 0 child resources, 0 resource methods, 0 sub-resource locator, 0 method handler classes, 0 method handler instances}, with path "/" is empty. It has no resource (or sub resource) methods neither sub resource locators defined.

08-Feb-2023 16:18:37.174 INFO [Catalina-utility-2] org.apache.catalina.startup.HostConfig.deployWAR Deployment of web application archive [C:\Users\Gabriel\git\Data-Access\05-web-services\apache-tomcat-10.0.27\webapps\web-service.war] has finished in [3,619] ms
08-Feb-2023 16:20:17.317 INFO [Catalina-utility-1] org.apache.catalina.startup.HostConfig.undeploy Undeploying context [/web-service]
08-Feb-2023 16:20:17.392 INFO [Catalina-utility-1] org.apache.catalina.startup.HostConfig.deployWAR Deploying web application archive [C:\Users\Gabriel\git\Data-Access\05-web-services\apache-tomcat-10.0.27\webapps\web-service.war]
08-Feb-2023 16:20:19.037 INFO [Catalina-utility-1] org.apache.jasper.servlet.TldScanner.scanJars At least one JAR was scanned for TLDs yet contained no TLDs. Enable debug logging for this logger for a complete list of JARs that were scanned but no TLDs were found in them. Skipping unneeded JARs during scanning can improve startup time and JSP compilation time.
08-Feb-2023 16:20:21.223 WARNING [Catalina-utility-1] org.glassfish.jersey.internal.Errors.logErrors The following warnings have been detected: WARNING: A resource method, private jakarta.ws.rs.core.Response exercises.AthleteService.all(), MUST be public scoped otherwise the method is ignored
WARNING: A resource, Resource{"/athlete", 0 child resources, 0 resource methods, 0 sub-resource locator, 0 method handler classes, 0 method handler instances}, with path "/athlete" is empty. It has no resource (or sub resource) methods neither sub resource locators defined.

08-Feb-2023 16:20:21.231 INFO [Catalina-utility-1] org.apache.catalina.startup.HostConfig.deployWAR Deployment of web application archive [C:\Users\Gabriel\git\Data-Access\05-web-services\apache-tomcat-10.0.27\webapps\web-service.war] has finished in [3,839] ms
08-Feb-2023 16:27:31.824 INFO [Catalina-utility-2] org.apache.catalina.startup.HostConfig.undeploy Undeploying context [/web-service]
08-Feb-2023 16:27:31.895 INFO [Catalina-utility-2] org.apache.catalina.startup.HostConfig.deployWAR Deploying web application archive [C:\Users\Gabriel\git\Data-Access\05-web-services\apache-tomcat-10.0.27\webapps\web-service.war]
08-Feb-2023 16:27:33.570 INFO [Catalina-utility-2] org.apache.jasper.servlet.TldScanner.scanJars At least one JAR was scanned for TLDs yet contained no TLDs. Enable debug logging for this logger for a complete list of JARs that were scanned but no TLDs were found in them. Skipping unneeded JARs during scanning can improve startup time and JSP compilation time.
08-Feb-2023 16:27:35.517 WARNING [Catalina-utility-2] org.glassfish.jersey.internal.Errors.logErrors The following warnings have been detected: WARNING: A resource method, private jakarta.ws.rs.core.Response exercises.AthleteService.all(), MUST be public scoped otherwise the method is ignored
WARNING: A resource, Resource{"/athlete", 0 child resources, 0 resource methods, 0 sub-resource locator, 0 method handler classes, 0 method handler instances}, with path "/athlete" is empty. It has no resource (or sub resource) methods neither sub resource locators defined.

08-Feb-2023 16:27:35.526 INFO [Catalina-utility-2] org.apache.catalina.startup.HostConfig.deployWAR Deployment of web application archive [C:\Users\Gabriel\git\Data-Access\05-web-services\apache-tomcat-10.0.27\webapps\web-service.war] has finished in [3,631] ms
08-Feb-2023 16:28:21.033 INFO [main] org.apache.catalina.core.StandardServer.await A valid shutdown command was received via the shutdown port. Stopping the Server instance.
08-Feb-2023 16:28:21.034 INFO [main] org.apache.coyote.AbstractProtocol.pause Pausing ProtocolHandler ["http-nio-8080"]
08-Feb-2023 16:28:21.129 INFO [main] org.apache.catalina.core.StandardService.stopInternal Stopping service [Catalina]
08-Feb-2023 16:28:21.191 INFO [main] org.apache.coyote.AbstractProtocol.stop Stopping ProtocolHandler ["http-nio-8080"]
08-Feb-2023 16:28:21.201 INFO [main] org.apache.coyote.AbstractProtocol.destroy Destroying ProtocolHandler ["http-nio-8080"]
08-Feb-2023 16:29:16.811 INFO [main] org.apache.catalina.startup.VersionLoggerListener.log Server version name:   Apache Tomcat/10.0.27
08-Feb-2023 16:29:16.815 INFO [main] org.apache.catalina.startup.VersionLoggerListener.log Server built:          Oct 3 2022 14:18:31 UTC
08-Feb-2023 16:29:16.816 INFO [main] org.apache.catalina.startup.VersionLoggerListener.log Server version number: 10.0.27.0
08-Feb-2023 16:29:16.816 INFO [main] org.apache.catalina.startup.VersionLoggerListener.log OS Name:               Windows 10
08-Feb-2023 16:29:16.816 INFO [main] org.apache.catalina.startup.VersionLoggerListener.log OS Version:            10.0
08-Feb-2023 16:29:16.816 INFO [main] org.apache.catalina.startup.VersionLoggerListener.log Architecture:          amd64
08-Feb-2023 16:29:16.816 INFO [main] org.apache.catalina.startup.VersionLoggerListener.log Java Home:             C:\Program Files\Eclipse Adoptium\jdk-11.0.16.101-hotspot
08-Feb-2023 16:29:16.816 INFO [main] org.apache.catalina.startup.VersionLoggerListener.log JVM Version:           11.0.16.1+1
08-Feb-2023 16:29:16.817 INFO [main] org.apache.catalina.startup.VersionLoggerListener.log JVM Vendor:            Eclipse Adoptium
08-Feb-2023 16:29:16.817 INFO [main] org.apache.catalina.startup.VersionLoggerListener.log CATALINA_BASE:         C:\Users\Gabriel\git\Data-Access\05-web-services\apache-tomcat-10.0.27
08-Feb-2023 16:29:16.817 INFO [main] org.apache.catalina.startup.VersionLoggerListener.log CATALINA_HOME:         C:\Users\Gabriel\git\Data-Access\05-web-services\apache-tomcat-10.0.27
08-Feb-2023 16:29:16.834 INFO [main] org.apache.catalina.startup.VersionLoggerListener.log Command line argument: -Djava.util.logging.config.file=c:\Users\Gabriel\git\Data-Access\05-web-services\apache-tomcat-10.0.27/conf/logging.properties
08-Feb-2023 16:29:16.834 INFO [main] org.apache.catalina.startup.VersionLoggerListener.log Command line argument: -Djava.util.logging.manager=org.apache.juli.ClassLoaderLogManager
08-Feb-2023 16:29:16.835 INFO [main] org.apache.catalina.startup.VersionLoggerListener.log Command line argument: -Djdk.tls.ephemeralDHKeySize=2048
08-Feb-2023 16:29:16.835 INFO [main] org.apache.catalina.startup.VersionLoggerListener.log Command line argument: -Djava.protocol.handler.pkgs=org.apache.catalina.webresources
08-Feb-2023 16:29:16.835 INFO [main] org.apache.catalina.startup.VersionLoggerListener.log Command line argument: -Dorg.apache.catalina.security.SecurityListener.UMASK=0027
08-Feb-2023 16:29:16.835 INFO [main] org.apache.catalina.startup.VersionLoggerListener.log Command line argument: -Dcatalina.base=c:\Users\Gabriel\git\Data-Access\05-web-services\apache-tomcat-10.0.27
08-Feb-2023 16:29:16.835 INFO [main] org.apache.catalina.startup.VersionLoggerListener.log Command line argument: -Dcatalina.home=c:\Users\Gabriel\git\Data-Access\05-web-services\apache-tomcat-10.0.27
08-Feb-2023 16:29:16.835 INFO [main] org.apache.catalina.startup.VersionLoggerListener.log Command line argument: -Djava.io.tmpdir=c:\Users\Gabriel\git\Data-Access\05-web-services\apache-tomcat-10.0.27/temp
08-Feb-2023 16:29:16.861 INFO [main] org.apache.catalina.core.AprLifecycleListener.lifecycleEvent The Apache Tomcat Native library which allows using OpenSSL was not found on the java.library.path: [C:\Program Files\Eclipse Adoptium\jdk-11.0.16.101-hotspot\bin;C:\WINDOWS\Sun\Java\bin;C:\WINDOWS\system32;C:\WINDOWS;C:\Program Files\Microsoft\jdk-11.0.16.101-hotspot\bin;C:\Program Files\Microsoft\jdk-11.0.12.7-hotspot\bin;C:\Program Files\Eclipse Adoptium\jdk-17.0.5.8-hotspot\bin;C:\Program Files\Eclipse Adoptium\jdk-11.0.16.101-hotspot\bin;C:\Windows\system32;C:\Windows;C:\Windows\System32\Wbem;C:\Windows\System32\WindowsPowerShell\v1.0\;C:\Windows\System32\OpenSSH\;C:\Program Files\Microsoft VS Code\bin;C:\WINDOWS\system32;C:\WINDOWS;C:\WINDOWS\System32\Wbem;C:\WINDOWS\System32\WindowsPowerShell\v1.0\;C:\WINDOWS\System32\OpenSSH\;C:\Program Files\Git\cmd;C:\xampp\php;C:\Program Files\dotnet\;C:\Users\Gabriel\AppData\Local\Android\Sdk;;C:\Program Files\Docker\Docker\resources\bin;C:\ProgramData\ComposerSetup\bin;C:\Program Files\nodejs\;C:\Program Files\PowerShell\7\;C:\Users\Gabriel\scoop\apps\gcc\current\bin;C:\Users\Gabriel\scoop\shims;C:\Users\Gabriel\AppData\Local\Microsoft\WindowsApps;C:\Users\Gabriel\.dotnet\tools;C:\Users\Gabriel\AppData\Local\Programs\oh-my-posh\bin;C:\apache-maven-3.8.6\bin;C:\Users\Gabriel\AppData\Roaming\Composer\vendor\bin;C:\Users\Gabriel\.dotnet\tools;C:\Users\Gabriel\AppData\Roaming\npm;.]
08-Feb-2023 16:29:17.296 INFO [main] org.apache.coyote.AbstractProtocol.init Initializing ProtocolHandler ["http-nio-8080"]
08-Feb-2023 16:29:17.337 INFO [main] org.apache.catalina.startup.Catalina.load Server initialization in [771] milliseconds
08-Feb-2023 16:29:17.436 INFO [main] org.apache.catalina.core.StandardService.startInternal Starting service [Catalina]
08-Feb-2023 16:29:17.436 INFO [main] org.apache.catalina.core.StandardEngine.startInternal Starting Servlet engine: [Apache Tomcat/10.0.27]
08-Feb-2023 16:29:17.463 INFO [main] org.apache.catalina.startup.HostConfig.deployWAR Deploying web application archive [C:\Users\Gabriel\git\Data-Access\05-web-services\apache-tomcat-10.0.27\webapps\demo.war]
08-Feb-2023 16:29:19.057 INFO [main] org.apache.jasper.servlet.TldScanner.scanJars At least one JAR was scanned for TLDs yet contained no TLDs. Enable debug logging for this logger for a complete list of JARs that were scanned but no TLDs were found in them. Skipping unneeded JARs during scanning can improve startup time and JSP compilation time.
08-Feb-2023 16:29:21.346 INFO [main] org.apache.catalina.startup.HostConfig.deployWAR Deployment of web application archive [C:\Users\Gabriel\git\Data-Access\05-web-services\apache-tomcat-10.0.27\webapps\demo.war] has finished in [3,883] ms
08-Feb-2023 16:29:21.349 INFO [main] org.apache.catalina.startup.HostConfig.deployWAR Deploying web application archive [C:\Users\Gabriel\git\Data-Access\05-web-services\apache-tomcat-10.0.27\webapps\web-service.war]
08-Feb-2023 16:29:21.361 INFO [main] org.apache.catalina.startup.ExpandWar.expand An expanded directory [C:\Users\Gabriel\git\Data-Access\05-web-services\apache-tomcat-10.0.27\webapps\web-service] was found with a last modified time that did not match the associated WAR. It will be deleted.
08-Feb-2023 16:29:23.099 INFO [main] org.apache.jasper.servlet.TldScanner.scanJars At least one JAR was scanned for TLDs yet contained no TLDs. Enable debug logging for this logger for a complete list of JARs that were scanned but no TLDs were found in them. Skipping unneeded JARs during scanning can improve startup time and JSP compilation time.
08-Feb-2023 16:29:25.195 WARNING [main] org.glassfish.jersey.internal.Errors.logErrors The following warnings have been detected: WARNING: A resource method, private jakarta.ws.rs.core.Response exercises.AthleteService.all(), MUST be public scoped otherwise the method is ignored
WARNING: A resource, Resource{"/athlete", 0 child resources, 0 resource methods, 0 sub-resource locator, 0 method handler classes, 0 method handler instances}, with path "/athlete" is empty. It has no resource (or sub resource) methods neither sub resource locators defined.

08-Feb-2023 16:29:25.206 INFO [main] org.apache.catalina.startup.HostConfig.deployWAR Deployment of web application archive [C:\Users\Gabriel\git\Data-Access\05-web-services\apache-tomcat-10.0.27\webapps\web-service.war] has finished in [3,856] ms
08-Feb-2023 16:29:25.207 INFO [main] org.apache.catalina.startup.HostConfig.deployDirectory Deploying web application directory [C:\Users\Gabriel\git\Data-Access\05-web-services\apache-tomcat-10.0.27\webapps\docs]
08-Feb-2023 16:29:25.243 INFO [main] org.apache.catalina.startup.HostConfig.deployDirectory Deployment of web application directory [C:\Users\Gabriel\git\Data-Access\05-web-services\apache-tomcat-10.0.27\webapps\docs] has finished in [35] ms
08-Feb-2023 16:29:25.243 INFO [main] org.apache.catalina.startup.HostConfig.deployDirectory Deploying web application directory [C:\Users\Gabriel\git\Data-Access\05-web-services\apache-tomcat-10.0.27\webapps\examples]
08-Feb-2023 16:29:25.653 INFO [main] org.apache.catalina.startup.HostConfig.deployDirectory Deployment of web application directory [C:\Users\Gabriel\git\Data-Access\05-web-services\apache-tomcat-10.0.27\webapps\examples] has finished in [410] ms
08-Feb-2023 16:29:25.653 INFO [main] org.apache.catalina.startup.HostConfig.deployDirectory Deploying web application directory [C:\Users\Gabriel\git\Data-Access\05-web-services\apache-tomcat-10.0.27\webapps\host-manager]
08-Feb-2023 16:29:25.710 INFO [main] org.apache.catalina.startup.HostConfig.deployDirectory Deployment of web application directory [C:\Users\Gabriel\git\Data-Access\05-web-services\apache-tomcat-10.0.27\webapps\host-manager] has finished in [57] ms
08-Feb-2023 16:29:25.710 INFO [main] org.apache.catalina.startup.HostConfig.deployDirectory Deploying web application directory [C:\Users\Gabriel\git\Data-Access\05-web-services\apache-tomcat-10.0.27\webapps\manager]
08-Feb-2023 16:29:25.762 INFO [main] org.apache.catalina.startup.HostConfig.deployDirectory Deployment of web application directory [C:\Users\Gabriel\git\Data-Access\05-web-services\apache-tomcat-10.0.27\webapps\manager] has finished in [52] ms
08-Feb-2023 16:29:25.762 INFO [main] org.apache.catalina.startup.HostConfig.deployDirectory Deploying web application directory [C:\Users\Gabriel\git\Data-Access\05-web-services\apache-tomcat-10.0.27\webapps\ROOT]
08-Feb-2023 16:29:25.796 INFO [main] org.apache.catalina.startup.HostConfig.deployDirectory Deployment of web application directory [C:\Users\Gabriel\git\Data-Access\05-web-services\apache-tomcat-10.0.27\webapps\ROOT] has finished in [33] ms
08-Feb-2023 16:29:25.803 INFO [main] org.apache.coyote.AbstractProtocol.start Starting ProtocolHandler ["http-nio-8080"]
08-Feb-2023 16:29:25.888 INFO [main] org.apache.catalina.startup.Catalina.start Server startup in [8549] milliseconds
08-Feb-2023 16:32:16.045 INFO [Catalina-utility-2] org.apache.catalina.startup.HostConfig.undeploy Undeploying context [/web-service]
08-Feb-2023 16:32:16.130 INFO [Catalina-utility-2] org.apache.catalina.startup.HostConfig.deployWAR Deploying web application archive [C:\Users\Gabriel\git\Data-Access\05-web-services\apache-tomcat-10.0.27\webapps\web-service.war]
08-Feb-2023 16:32:17.958 INFO [Catalina-utility-2] org.apache.jasper.servlet.TldScanner.scanJars At least one JAR was scanned for TLDs yet contained no TLDs. Enable debug logging for this logger for a complete list of JARs that were scanned but no TLDs were found in them. Skipping unneeded JARs during scanning can improve startup time and JSP compilation time.
08-Feb-2023 16:32:20.056 WARNING [Catalina-utility-2] org.glassfish.jersey.internal.Errors.logErrors The following warnings have been detected: WARNING: A resource method, private jakarta.ws.rs.core.Response exercises.AthleteService.all(), MUST be public scoped otherwise the method is ignored
WARNING: A resource, Resource{"/athlete", 0 child resources, 0 resource methods, 0 sub-resource locator, 0 method handler classes, 0 method handler instances}, with path "/athlete" is empty. It has no resource (or sub resource) methods neither sub resource locators defined.

08-Feb-2023 16:32:20.065 INFO [Catalina-utility-2] org.apache.catalina.startup.HostConfig.deployWAR Deployment of web application archive [C:\Users\Gabriel\git\Data-Access\05-web-services\apache-tomcat-10.0.27\webapps\web-service.war] has finished in [3,935] ms
08-Feb-2023 16:33:40.193 INFO [Catalina-utility-1] org.apache.catalina.startup.HostConfig.undeploy Undeploying context [/web-service]
08-Feb-2023 16:33:40.259 INFO [Catalina-utility-1] org.apache.catalina.startup.HostConfig.deployWAR Deploying web application archive [C:\Users\Gabriel\git\Data-Access\05-web-services\apache-tomcat-10.0.27\webapps\web-service.war]
08-Feb-2023 16:33:41.985 INFO [Catalina-utility-1] org.apache.jasper.servlet.TldScanner.scanJars At least one JAR was scanned for TLDs yet contained no TLDs. Enable debug logging for this logger for a complete list of JARs that were scanned but no TLDs were found in them. Skipping unneeded JARs during scanning can improve startup time and JSP compilation time.
08-Feb-2023 16:33:44.165 WARNING [Catalina-utility-1] org.glassfish.jersey.internal.Errors.logErrors The following warnings have been detected: WARNING: A resource method, private jakarta.ws.rs.core.Response exercises.AthleteService.all(), MUST be public scoped otherwise the method is ignored
WARNING: A resource, Resource{"/athletes", 0 child resources, 0 resource methods, 0 sub-resource locator, 0 method handler classes, 0 method handler instances}, with path "/athletes" is empty. It has no resource (or sub resource) methods neither sub resource locators defined.

08-Feb-2023 16:33:44.173 INFO [Catalina-utility-1] org.apache.catalina.startup.HostConfig.deployWAR Deployment of web application archive [C:\Users\Gabriel\git\Data-Access\05-web-services\apache-tomcat-10.0.27\webapps\web-service.war] has finished in [3,914] ms
08-Feb-2023 16:34:44.282 INFO [Catalina-utility-1] org.apache.catalina.startup.HostConfig.undeploy Undeploying context [/web-service]
08-Feb-2023 16:34:44.334 INFO [Catalina-utility-1] org.apache.catalina.startup.HostConfig.deployWAR Deploying web application archive [C:\Users\Gabriel\git\Data-Access\05-web-services\apache-tomcat-10.0.27\webapps\web-service.war]
08-Feb-2023 16:34:45.943 INFO [Catalina-utility-1] org.apache.jasper.servlet.TldScanner.scanJars At least one JAR was scanned for TLDs yet contained no TLDs. Enable debug logging for this logger for a complete list of JARs that were scanned but no TLDs were found in them. Skipping unneeded JARs during scanning can improve startup time and JSP compilation time.
08-Feb-2023 16:34:47.885 INFO [Catalina-utility-1] org.apache.catalina.startup.HostConfig.deployWAR Deployment of web application archive [C:\Users\Gabriel\git\Data-Access\05-web-services\apache-tomcat-10.0.27\webapps\web-service.war] has finished in [3,551] ms
08-Feb-2023 16:42:58.558 INFO [Catalina-utility-2] org.apache.catalina.startup.HostConfig.undeploy Undeploying context [/web-service]
08-Feb-2023 16:42:58.576 WARNING [Catalina-utility-2] org.apache.catalina.loader.WebappClassLoaderBase.clearReferencesJdbc The web application [web-service] registered the JDBC driver [org.mariadb.jdbc.Driver] but failed to unregister it when the web application was stopped. To prevent a memory leak, the JDBC Driver has been forcibly unregistered.
08-Feb-2023 16:42:58.626 INFO [Catalina-utility-2] org.apache.catalina.startup.HostConfig.deployWAR Deploying web application archive [C:\Users\Gabriel\git\Data-Access\05-web-services\apache-tomcat-10.0.27\webapps\web-service.war]
08-Feb-2023 16:43:00.192 INFO [Catalina-utility-2] org.apache.jasper.servlet.TldScanner.scanJars At least one JAR was scanned for TLDs yet contained no TLDs. Enable debug logging for this logger for a complete list of JARs that were scanned but no TLDs were found in them. Skipping unneeded JARs during scanning can improve startup time and JSP compilation time.
08-Feb-2023 16:43:02.132 INFO [Catalina-utility-2] org.apache.catalina.startup.HostConfig.deployWAR Deployment of web application archive [C:\Users\Gabriel\git\Data-Access\05-web-services\apache-tomcat-10.0.27\webapps\web-service.war] has finished in [3,506] ms
08-Feb-2023 16:50:22.779 INFO [Catalina-utility-2] org.apache.catalina.startup.HostConfig.undeploy Undeploying context [/web-service]
08-Feb-2023 16:50:22.789 WARNING [Catalina-utility-2] org.apache.catalina.loader.WebappClassLoaderBase.clearReferencesJdbc The web application [web-service] registered the JDBC driver [org.mariadb.jdbc.Driver] but failed to unregister it when the web application was stopped. To prevent a memory leak, the JDBC Driver has been forcibly unregistered.
08-Feb-2023 16:50:22.821 INFO [Catalina-utility-2] org.apache.catalina.startup.HostConfig.deployWAR Deploying web application archive [C:\Users\Gabriel\git\Data-Access\05-web-services\apache-tomcat-10.0.27\webapps\web-service.war]
08-Feb-2023 16:50:24.458 INFO [Catalina-utility-2] org.apache.jasper.servlet.TldScanner.scanJars At least one JAR was scanned for TLDs yet contained no TLDs. Enable debug logging for this logger for a complete list of JARs that were scanned but no TLDs were found in them. Skipping unneeded JARs during scanning can improve startup time and JSP compilation time.
08-Feb-2023 16:50:26.486 INFO [Catalina-utility-2] org.apache.catalina.startup.HostConfig.deployWAR Deployment of web application archive [C:\Users\Gabriel\git\Data-Access\05-web-services\apache-tomcat-10.0.27\webapps\web-service.war] has finished in [3,664] ms
08-Feb-2023 16:51:06.537 INFO [Catalina-utility-2] org.apache.catalina.startup.HostConfig.undeploy Undeploying context [/web-service]
08-Feb-2023 16:51:06.592 INFO [Catalina-utility-2] org.apache.catalina.startup.HostConfig.deployWAR Deploying web application archive [C:\Users\Gabriel\git\Data-Access\05-web-services\apache-tomcat-10.0.27\webapps\web-service.war]
08-Feb-2023 16:51:08.212 INFO [Catalina-utility-2] org.apache.jasper.servlet.TldScanner.scanJars At least one JAR was scanned for TLDs yet contained no TLDs. Enable debug logging for this logger for a complete list of JARs that were scanned but no TLDs were found in them. Skipping unneeded JARs during scanning can improve startup time and JSP compilation time.
08-Feb-2023 16:51:10.198 INFO [Catalina-utility-2] org.apache.catalina.startup.HostConfig.deployWAR Deployment of web application archive [C:\Users\Gabriel\git\Data-Access\05-web-services\apache-tomcat-10.0.27\webapps\web-service.war] has finished in [3,606] ms
08-Feb-2023 16:55:30.539 INFO [Catalina-utility-2] org.apache.catalina.startup.HostConfig.undeploy Undeploying context [/web-service]
08-Feb-2023 16:55:30.545 WARNING [Catalina-utility-2] org.apache.catalina.loader.WebappClassLoaderBase.clearReferencesJdbc The web application [web-service] registered the JDBC driver [org.mariadb.jdbc.Driver] but failed to unregister it when the web application was stopped. To prevent a memory leak, the JDBC Driver has been forcibly unregistered.
08-Feb-2023 16:55:30.588 INFO [Catalina-utility-2] org.apache.catalina.startup.HostConfig.deployWAR Deploying web application archive [C:\Users\Gabriel\git\Data-Access\05-web-services\apache-tomcat-10.0.27\webapps\web-service.war]
08-Feb-2023 16:55:32.194 INFO [Catalina-utility-2] org.apache.jasper.servlet.TldScanner.scanJars At least one JAR was scanned for TLDs yet contained no TLDs. Enable debug logging for this logger for a complete list of JARs that were scanned but no TLDs were found in them. Skipping unneeded JARs during scanning can improve startup time and JSP compilation time.
08-Feb-2023 16:55:34.220 INFO [Catalina-utility-2] org.apache.catalina.startup.HostConfig.deployWAR Deployment of web application archive [C:\Users\Gabriel\git\Data-Access\05-web-services\apache-tomcat-10.0.27\webapps\web-service.war] has finished in [3,633] ms
08-Feb-2023 17:00:34.598 INFO [Catalina-utility-1] org.apache.catalina.startup.HostConfig.undeploy Undeploying context [/web-service]
08-Feb-2023 17:00:34.620 WARNING [Catalina-utility-1] org.apache.catalina.loader.WebappClassLoaderBase.clearReferencesJdbc The web application [web-service] registered the JDBC driver [org.mariadb.jdbc.Driver] but failed to unregister it when the web application was stopped. To prevent a memory leak, the JDBC Driver has been forcibly unregistered.
08-Feb-2023 17:00:34.660 INFO [Catalina-utility-1] org.apache.catalina.startup.HostConfig.deployWAR Deploying web application archive [C:\Users\Gabriel\git\Data-Access\05-web-services\apache-tomcat-10.0.27\webapps\web-service.war]
08-Feb-2023 17:00:36.175 INFO [Catalina-utility-1] org.apache.jasper.servlet.TldScanner.scanJars At least one JAR was scanned for TLDs yet contained no TLDs. Enable debug logging for this logger for a complete list of JARs that were scanned but no TLDs were found in them. Skipping unneeded JARs during scanning can improve startup time and JSP compilation time.
08-Feb-2023 17:00:38.116 INFO [Catalina-utility-1] org.apache.catalina.startup.HostConfig.deployWAR Deployment of web application archive [C:\Users\Gabriel\git\Data-Access\05-web-services\apache-tomcat-10.0.27\webapps\web-service.war] has finished in [3,455] ms
08-Feb-2023 17:06:18.676 INFO [Catalina-utility-1] org.apache.catalina.startup.HostConfig.undeploy Undeploying context [/web-service]
08-Feb-2023 17:06:18.686 WARNING [Catalina-utility-1] org.apache.catalina.loader.WebappClassLoaderBase.clearReferencesJdbc The web application [web-service] registered the JDBC driver [org.mariadb.jdbc.Driver] but failed to unregister it when the web application was stopped. To prevent a memory leak, the JDBC Driver has been forcibly unregistered.
08-Feb-2023 17:06:18.719 INFO [Catalina-utility-1] org.apache.catalina.startup.HostConfig.deployWAR Deploying web application archive [C:\Users\Gabriel\git\Data-Access\05-web-services\apache-tomcat-10.0.27\webapps\web-service.war]
08-Feb-2023 17:06:20.209 INFO [Catalina-utility-1] org.apache.jasper.servlet.TldScanner.scanJars At least one JAR was scanned for TLDs yet contained no TLDs. Enable debug logging for this logger for a complete list of JARs that were scanned but no TLDs were found in them. Skipping unneeded JARs during scanning can improve startup time and JSP compilation time.
08-Feb-2023 17:06:22.129 INFO [Catalina-utility-1] org.apache.catalina.startup.HostConfig.deployWAR Deployment of web application archive [C:\Users\Gabriel\git\Data-Access\05-web-services\apache-tomcat-10.0.27\webapps\web-service.war] has finished in [3,411] ms
08-Feb-2023 17:08:22.289 INFO [Catalina-utility-1] org.apache.catalina.startup.HostConfig.undeploy Undeploying context [/web-service]
08-Feb-2023 17:08:22.343 INFO [Catalina-utility-1] org.apache.catalina.startup.HostConfig.deployWAR Deploying web application archive [C:\Users\Gabriel\git\Data-Access\05-web-services\apache-tomcat-10.0.27\webapps\web-service.war]
08-Feb-2023 17:08:23.979 INFO [Catalina-utility-1] org.apache.jasper.servlet.TldScanner.scanJars At least one JAR was scanned for TLDs yet contained no TLDs. Enable debug logging for this logger for a complete list of JARs that were scanned but no TLDs were found in them. Skipping unneeded JARs during scanning can improve startup time and JSP compilation time.
08-Feb-2023 17:08:25.942 INFO [Catalina-utility-1] org.apache.catalina.startup.HostConfig.deployWAR Deployment of web application archive [C:\Users\Gabriel\git\Data-Access\05-web-services\apache-tomcat-10.0.27\webapps\web-service.war] has finished in [3,599] ms
08-Feb-2023 17:18:16.807 INFO [Catalina-utility-1] org.apache.catalina.startup.HostConfig.undeploy Undeploying context [/web-service]
08-Feb-2023 17:18:16.822 WARNING [Catalina-utility-1] org.apache.catalina.loader.WebappClassLoaderBase.clearReferencesJdbc The web application [web-service] registered the JDBC driver [org.mariadb.jdbc.Driver] but failed to unregister it when the web application was stopped. To prevent a memory leak, the JDBC Driver has been forcibly unregistered.
08-Feb-2023 17:18:16.864 INFO [Catalina-utility-1] org.apache.catalina.startup.HostConfig.deployWAR Deploying web application archive [C:\Users\Gabriel\git\Data-Access\05-web-services\apache-tomcat-10.0.27\webapps\web-service.war]
08-Feb-2023 17:18:18.556 INFO [Catalina-utility-1] org.apache.jasper.servlet.TldScanner.scanJars At least one JAR was scanned for TLDs yet contained no TLDs. Enable debug logging for this logger for a complete list of JARs that were scanned but no TLDs were found in them. Skipping unneeded JARs during scanning can improve startup time and JSP compilation time.
08-Feb-2023 17:18:20.649 INFO [Catalina-utility-1] org.apache.catalina.startup.HostConfig.deployWAR Deployment of web application archive [C:\Users\Gabriel\git\Data-Access\05-web-services\apache-tomcat-10.0.27\webapps\web-service.war] has finished in [3,786] ms
08-Feb-2023 17:32:11.856 INFO [Catalina-utility-1] org.apache.catalina.startup.HostConfig.undeploy Undeploying context [/web-service]
08-Feb-2023 17:32:11.868 WARNING [Catalina-utility-1] org.apache.catalina.loader.WebappClassLoaderBase.clearReferencesJdbc The web application [web-service] registered the JDBC driver [org.mariadb.jdbc.Driver] but failed to unregister it when the web application was stopped. To prevent a memory leak, the JDBC Driver has been forcibly unregistered.
08-Feb-2023 17:32:11.918 INFO [Catalina-utility-1] org.apache.catalina.startup.HostConfig.deployWAR Deploying web application archive [C:\Users\Gabriel\git\Data-Access\05-web-services\apache-tomcat-10.0.27\webapps\web-service.war]
08-Feb-2023 17:32:13.514 INFO [Catalina-utility-1] org.apache.jasper.servlet.TldScanner.scanJars At least one JAR was scanned for TLDs yet contained no TLDs. Enable debug logging for this logger for a complete list of JARs that were scanned but no TLDs were found in them. Skipping unneeded JARs during scanning can improve startup time and JSP compilation time.
08-Feb-2023 17:32:15.726 INFO [Catalina-utility-1] org.apache.catalina.startup.HostConfig.deployWAR Deployment of web application archive [C:\Users\Gabriel\git\Data-Access\05-web-services\apache-tomcat-10.0.27\webapps\web-service.war] has finished in [3,808] ms
08-Feb-2023 17:37:56.231 INFO [Catalina-utility-1] org.apache.catalina.startup.HostConfig.undeploy Undeploying context [/web-service]
08-Feb-2023 17:37:56.240 WARNING [Catalina-utility-1] org.apache.catalina.loader.WebappClassLoaderBase.clearReferencesJdbc The web application [web-service] registered the JDBC driver [org.mariadb.jdbc.Driver] but failed to unregister it when the web application was stopped. To prevent a memory leak, the JDBC Driver has been forcibly unregistered.
08-Feb-2023 17:37:56.280 INFO [Catalina-utility-1] org.apache.catalina.startup.HostConfig.deployWAR Deploying web application archive [C:\Users\Gabriel\git\Data-Access\05-web-services\apache-tomcat-10.0.27\webapps\web-service.war]
08-Feb-2023 17:37:57.967 INFO [Catalina-utility-1] org.apache.jasper.servlet.TldScanner.scanJars At least one JAR was scanned for TLDs yet contained no TLDs. Enable debug logging for this logger for a complete list of JARs that were scanned but no TLDs were found in them. Skipping unneeded JARs during scanning can improve startup time and JSP compilation time.
08-Feb-2023 17:38:00.142 INFO [Catalina-utility-1] org.apache.catalina.startup.HostConfig.deployWAR Deployment of web application archive [C:\Users\Gabriel\git\Data-Access\05-web-services\apache-tomcat-10.0.27\webapps\web-service.war] has finished in [3,862] ms
08-Feb-2023 18:24:47.434 INFO [main] org.apache.catalina.core.StandardServer.await A valid shutdown command was received via the shutdown port. Stopping the Server instance.
08-Feb-2023 18:24:47.435 INFO [main] org.apache.coyote.AbstractProtocol.pause Pausing ProtocolHandler ["http-nio-8080"]
08-Feb-2023 18:24:47.507 INFO [main] org.apache.catalina.core.StandardService.stopInternal Stopping service [Catalina]
08-Feb-2023 18:24:47.613 WARNING [main] org.apache.catalina.loader.WebappClassLoaderBase.clearReferencesJdbc The web application [web-service] registered the JDBC driver [org.mariadb.jdbc.Driver] but failed to unregister it when the web application was stopped. To prevent a memory leak, the JDBC Driver has been forcibly unregistered.
08-Feb-2023 18:24:47.622 INFO [main] org.apache.coyote.AbstractProtocol.stop Stopping ProtocolHandler ["http-nio-8080"]
08-Feb-2023 18:24:47.638 INFO [main] org.apache.coyote.AbstractProtocol.destroy Destroying ProtocolHandler ["http-nio-8080"]
