13-Feb-2023 16:32:49.735 INFO [main] org.apache.catalina.startup.VersionLoggerListener.log Server version name:   Apache Tomcat/10.0.27
13-Feb-2023 16:32:49.739 INFO [main] org.apache.catalina.startup.VersionLoggerListener.log Server built:          Oct 3 2022 14:18:31 UTC
13-Feb-2023 16:32:49.740 INFO [main] org.apache.catalina.startup.VersionLoggerListener.log Server version number: 10.0.27.0
13-Feb-2023 16:32:49.740 INFO [main] org.apache.catalina.startup.VersionLoggerListener.log OS Name:               Windows 10
13-Feb-2023 16:32:49.740 INFO [main] org.apache.catalina.startup.VersionLoggerListener.log OS Version:            10.0
13-Feb-2023 16:32:49.741 INFO [main] org.apache.catalina.startup.VersionLoggerListener.log Architecture:          amd64
13-Feb-2023 16:32:49.741 INFO [main] org.apache.catalina.startup.VersionLoggerListener.log Java Home:             C:\Program Files\Eclipse Adoptium\jdk-11.0.16.101-hotspot
13-Feb-2023 16:32:49.741 INFO [main] org.apache.catalina.startup.VersionLoggerListener.log JVM Version:           11.0.16.1+1
13-Feb-2023 16:32:49.741 INFO [main] org.apache.catalina.startup.VersionLoggerListener.log JVM Vendor:            Eclipse Adoptium
13-Feb-2023 16:32:49.741 INFO [main] org.apache.catalina.startup.VersionLoggerListener.log CATALINA_BASE:         C:\Users\Gabriel\git\Data-Access\05-web-services\apache-tomcat-10.0.27
13-Feb-2023 16:32:49.741 INFO [main] org.apache.catalina.startup.VersionLoggerListener.log CATALINA_HOME:         C:\Users\Gabriel\git\Data-Access\05-web-services\apache-tomcat-10.0.27
13-Feb-2023 16:32:49.880 INFO [main] org.apache.catalina.startup.VersionLoggerListener.log Command line argument: -Djava.util.logging.config.file=c:\Users\Gabriel\git\Data-Access\05-web-services\apache-tomcat-10.0.27/conf/logging.properties
13-Feb-2023 16:32:49.880 INFO [main] org.apache.catalina.startup.VersionLoggerListener.log Command line argument: -Djava.util.logging.manager=org.apache.juli.ClassLoaderLogManager
13-Feb-2023 16:32:49.881 INFO [main] org.apache.catalina.startup.VersionLoggerListener.log Command line argument: -Djdk.tls.ephemeralDHKeySize=2048
13-Feb-2023 16:32:49.881 INFO [main] org.apache.catalina.startup.VersionLoggerListener.log Command line argument: -Djava.protocol.handler.pkgs=org.apache.catalina.webresources
13-Feb-2023 16:32:49.881 INFO [main] org.apache.catalina.startup.VersionLoggerListener.log Command line argument: -Dorg.apache.catalina.security.SecurityListener.UMASK=0027
13-Feb-2023 16:32:49.881 INFO [main] org.apache.catalina.startup.VersionLoggerListener.log Command line argument: -Dcatalina.base=c:\Users\Gabriel\git\Data-Access\05-web-services\apache-tomcat-10.0.27
13-Feb-2023 16:32:49.882 INFO [main] org.apache.catalina.startup.VersionLoggerListener.log Command line argument: -Dcatalina.home=c:\Users\Gabriel\git\Data-Access\05-web-services\apache-tomcat-10.0.27
13-Feb-2023 16:32:49.882 INFO [main] org.apache.catalina.startup.VersionLoggerListener.log Command line argument: -Djava.io.tmpdir=c:\Users\Gabriel\git\Data-Access\05-web-services\apache-tomcat-10.0.27/temp
13-Feb-2023 16:32:49.907 INFO [main] org.apache.catalina.core.AprLifecycleListener.lifecycleEvent The Apache Tomcat Native library which allows using OpenSSL was not found on the java.library.path: [C:\Program Files\Eclipse Adoptium\jdk-11.0.16.101-hotspot\bin;C:\WINDOWS\Sun\Java\bin;C:\WINDOWS\system32;C:\WINDOWS;C:\Program Files\Microsoft\jdk-11.0.16.101-hotspot\bin;C:\Program Files\Microsoft\jdk-11.0.12.7-hotspot\bin;C:\Program Files\Eclipse Adoptium\jdk-17.0.5.8-hotspot\bin;C:\Program Files\Eclipse Adoptium\jdk-11.0.16.101-hotspot\bin;C:\Windows\system32;C:\Windows;C:\Windows\System32\Wbem;C:\Windows\System32\WindowsPowerShell\v1.0\;C:\Windows\System32\OpenSSH\;C:\Program Files\Microsoft VS Code\bin;C:\WINDOWS\system32;C:\WINDOWS;C:\WINDOWS\System32\Wbem;C:\WINDOWS\System32\WindowsPowerShell\v1.0\;C:\WINDOWS\System32\OpenSSH\;C:\Program Files\Git\cmd;C:\xampp\php;C:\Program Files\dotnet\;C:\Users\Gabriel\AppData\Local\Android\Sdk;;C:\Program Files\Docker\Docker\resources\bin;C:\ProgramData\ComposerSetup\bin;C:\Program Files\nodejs\;C:\Program Files\PowerShell\7\;C:\Users\Gabriel\scoop\apps\gcc\current\bin;C:\Users\Gabriel\scoop\shims;C:\Users\Gabriel\AppData\Local\Microsoft\WindowsApps;C:\Users\Gabriel\.dotnet\tools;C:\Users\Gabriel\AppData\Local\Programs\oh-my-posh\bin;C:\apache-maven-3.8.6\bin;C:\Users\Gabriel\AppData\Roaming\Composer\vendor\bin;C:\Users\Gabriel\.dotnet\tools;C:\Users\Gabriel\AppData\Roaming\npm;.]
13-Feb-2023 16:32:50.402 INFO [main] org.apache.coyote.AbstractProtocol.init Initializing ProtocolHandler ["http-nio-8080"]
13-Feb-2023 16:32:50.451 INFO [main] org.apache.catalina.startup.Catalina.load Server initialization in [986] milliseconds
13-Feb-2023 16:32:50.569 INFO [main] org.apache.catalina.core.StandardService.startInternal Starting service [Catalina]
13-Feb-2023 16:32:50.569 INFO [main] org.apache.catalina.core.StandardEngine.startInternal Starting Servlet engine: [Apache Tomcat/10.0.27]
13-Feb-2023 16:32:50.597 INFO [main] org.apache.catalina.startup.HostConfig.deployWAR Deploying web application archive [C:\Users\Gabriel\git\Data-Access\05-web-services\apache-tomcat-10.0.27\webapps\demo.war]
13-Feb-2023 16:32:52.492 INFO [main] org.apache.jasper.servlet.TldScanner.scanJars At least one JAR was scanned for TLDs yet contained no TLDs. Enable debug logging for this logger for a complete list of JARs that were scanned but no TLDs were found in them. Skipping unneeded JARs during scanning can improve startup time and JSP compilation time.
13-Feb-2023 16:33:03.415 INFO [main] org.apache.catalina.startup.HostConfig.deployWAR Deployment of web application archive [C:\Users\Gabriel\git\Data-Access\05-web-services\apache-tomcat-10.0.27\webapps\demo.war] has finished in [12,817] ms
13-Feb-2023 16:33:03.421 INFO [main] org.apache.catalina.startup.HostConfig.deployWAR Deploying web application archive [C:\Users\Gabriel\git\Data-Access\05-web-services\apache-tomcat-10.0.27\webapps\web-service.war]
13-Feb-2023 16:33:11.897 INFO [main] org.apache.jasper.servlet.TldScanner.scanJars At least one JAR was scanned for TLDs yet contained no TLDs. Enable debug logging for this logger for a complete list of JARs that were scanned but no TLDs were found in them. Skipping unneeded JARs during scanning can improve startup time and JSP compilation time.
13-Feb-2023 16:33:14.825 INFO [main] org.apache.catalina.startup.HostConfig.deployWAR Deployment of web application archive [C:\Users\Gabriel\git\Data-Access\05-web-services\apache-tomcat-10.0.27\webapps\web-service.war] has finished in [11,404] ms
13-Feb-2023 16:33:14.826 INFO [main] org.apache.catalina.startup.HostConfig.deployDirectory Deploying web application directory [C:\Users\Gabriel\git\Data-Access\05-web-services\apache-tomcat-10.0.27\webapps\docs]
13-Feb-2023 16:33:14.866 INFO [main] org.apache.catalina.startup.HostConfig.deployDirectory Deployment of web application directory [C:\Users\Gabriel\git\Data-Access\05-web-services\apache-tomcat-10.0.27\webapps\docs] has finished in [39] ms
13-Feb-2023 16:33:14.866 INFO [main] org.apache.catalina.startup.HostConfig.deployDirectory Deploying web application directory [C:\Users\Gabriel\git\Data-Access\05-web-services\apache-tomcat-10.0.27\webapps\examples]
13-Feb-2023 16:33:16.354 INFO [main] org.apache.catalina.startup.HostConfig.deployDirectory Deployment of web application directory [C:\Users\Gabriel\git\Data-Access\05-web-services\apache-tomcat-10.0.27\webapps\examples] has finished in [1,487] ms
13-Feb-2023 16:33:16.354 INFO [main] org.apache.catalina.startup.HostConfig.deployDirectory Deploying web application directory [C:\Users\Gabriel\git\Data-Access\05-web-services\apache-tomcat-10.0.27\webapps\host-manager]
13-Feb-2023 16:33:16.549 INFO [main] org.apache.catalina.startup.HostConfig.deployDirectory Deployment of web application directory [C:\Users\Gabriel\git\Data-Access\05-web-services\apache-tomcat-10.0.27\webapps\host-manager] has finished in [194] ms
13-Feb-2023 16:33:16.549 INFO [main] org.apache.catalina.startup.HostConfig.deployDirectory Deploying web application directory [C:\Users\Gabriel\git\Data-Access\05-web-services\apache-tomcat-10.0.27\webapps\manager]
13-Feb-2023 16:33:16.868 INFO [main] org.apache.catalina.startup.HostConfig.deployDirectory Deployment of web application directory [C:\Users\Gabriel\git\Data-Access\05-web-services\apache-tomcat-10.0.27\webapps\manager] has finished in [319] ms
13-Feb-2023 16:33:16.869 INFO [main] org.apache.catalina.startup.HostConfig.deployDirectory Deploying web application directory [C:\Users\Gabriel\git\Data-Access\05-web-services\apache-tomcat-10.0.27\webapps\ROOT]
13-Feb-2023 16:33:16.941 INFO [main] org.apache.catalina.startup.HostConfig.deployDirectory Deployment of web application directory [C:\Users\Gabriel\git\Data-Access\05-web-services\apache-tomcat-10.0.27\webapps\ROOT] has finished in [72] ms
13-Feb-2023 16:33:16.950 INFO [main] org.apache.coyote.AbstractProtocol.start Starting ProtocolHandler ["http-nio-8080"]
13-Feb-2023 16:33:17.137 INFO [main] org.apache.catalina.startup.Catalina.start Server startup in [26686] milliseconds
13-Feb-2023 16:33:31.023 INFO [main] org.apache.catalina.core.StandardServer.await A valid shutdown command was received via the shutdown port. Stopping the Server instance.
13-Feb-2023 16:33:31.024 INFO [main] org.apache.coyote.AbstractProtocol.pause Pausing ProtocolHandler ["http-nio-8080"]
13-Feb-2023 16:33:31.073 INFO [main] org.apache.catalina.core.StandardService.stopInternal Stopping service [Catalina]
13-Feb-2023 16:33:31.129 INFO [main] org.apache.coyote.AbstractProtocol.stop Stopping ProtocolHandler ["http-nio-8080"]
13-Feb-2023 16:33:31.143 INFO [main] org.apache.coyote.AbstractProtocol.destroy Destroying ProtocolHandler ["http-nio-8080"]
13-Feb-2023 16:34:09.962 INFO [main] org.apache.catalina.startup.VersionLoggerListener.log Server version name:   Apache Tomcat/10.0.27
13-Feb-2023 16:34:09.969 INFO [main] org.apache.catalina.startup.VersionLoggerListener.log Server built:          Oct 3 2022 14:18:31 UTC
13-Feb-2023 16:34:09.970 INFO [main] org.apache.catalina.startup.VersionLoggerListener.log Server version number: 10.0.27.0
13-Feb-2023 16:34:09.970 INFO [main] org.apache.catalina.startup.VersionLoggerListener.log OS Name:               Windows 10
13-Feb-2023 16:34:09.971 INFO [main] org.apache.catalina.startup.VersionLoggerListener.log OS Version:            10.0
13-Feb-2023 16:34:09.971 INFO [main] org.apache.catalina.startup.VersionLoggerListener.log Architecture:          amd64
13-Feb-2023 16:34:09.971 INFO [main] org.apache.catalina.startup.VersionLoggerListener.log Java Home:             C:\Program Files\Eclipse Adoptium\jdk-11.0.16.101-hotspot
13-Feb-2023 16:34:09.971 INFO [main] org.apache.catalina.startup.VersionLoggerListener.log JVM Version:           11.0.16.1+1
13-Feb-2023 16:34:09.971 INFO [main] org.apache.catalina.startup.VersionLoggerListener.log JVM Vendor:            Eclipse Adoptium
13-Feb-2023 16:34:09.972 INFO [main] org.apache.catalina.startup.VersionLoggerListener.log CATALINA_BASE:         C:\Users\Gabriel\git\Data-Access\05-web-services\apache-tomcat-10.0.27
13-Feb-2023 16:34:09.972 INFO [main] org.apache.catalina.startup.VersionLoggerListener.log CATALINA_HOME:         C:\Users\Gabriel\git\Data-Access\05-web-services\apache-tomcat-10.0.27
13-Feb-2023 16:34:10.002 INFO [main] org.apache.catalina.startup.VersionLoggerListener.log Command line argument: -Djava.util.logging.config.file=c:\Users\Gabriel\git\Data-Access\05-web-services\apache-tomcat-10.0.27/conf/logging.properties
13-Feb-2023 16:34:10.003 INFO [main] org.apache.catalina.startup.VersionLoggerListener.log Command line argument: -Djava.util.logging.manager=org.apache.juli.ClassLoaderLogManager
13-Feb-2023 16:34:10.003 INFO [main] org.apache.catalina.startup.VersionLoggerListener.log Command line argument: -Djdk.tls.ephemeralDHKeySize=2048
13-Feb-2023 16:34:10.004 INFO [main] org.apache.catalina.startup.VersionLoggerListener.log Command line argument: -Djava.protocol.handler.pkgs=org.apache.catalina.webresources
13-Feb-2023 16:34:10.004 INFO [main] org.apache.catalina.startup.VersionLoggerListener.log Command line argument: -Dorg.apache.catalina.security.SecurityListener.UMASK=0027
13-Feb-2023 16:34:10.004 INFO [main] org.apache.catalina.startup.VersionLoggerListener.log Command line argument: -Dcatalina.base=c:\Users\Gabriel\git\Data-Access\05-web-services\apache-tomcat-10.0.27
13-Feb-2023 16:34:10.004 INFO [main] org.apache.catalina.startup.VersionLoggerListener.log Command line argument: -Dcatalina.home=c:\Users\Gabriel\git\Data-Access\05-web-services\apache-tomcat-10.0.27
13-Feb-2023 16:34:10.004 INFO [main] org.apache.catalina.startup.VersionLoggerListener.log Command line argument: -Djava.io.tmpdir=c:\Users\Gabriel\git\Data-Access\05-web-services\apache-tomcat-10.0.27/temp
13-Feb-2023 16:34:10.047 INFO [main] org.apache.catalina.core.AprLifecycleListener.lifecycleEvent The Apache Tomcat Native library which allows using OpenSSL was not found on the java.library.path: [C:\Program Files\Eclipse Adoptium\jdk-11.0.16.101-hotspot\bin;C:\WINDOWS\Sun\Java\bin;C:\WINDOWS\system32;C:\WINDOWS;C:\Program Files\Microsoft\jdk-11.0.16.101-hotspot\bin;C:\Program Files\Microsoft\jdk-11.0.12.7-hotspot\bin;C:\Program Files\Eclipse Adoptium\jdk-17.0.5.8-hotspot\bin;C:\Program Files\Eclipse Adoptium\jdk-11.0.16.101-hotspot\bin;C:\Windows\system32;C:\Windows;C:\Windows\System32\Wbem;C:\Windows\System32\WindowsPowerShell\v1.0\;C:\Windows\System32\OpenSSH\;C:\Program Files\Microsoft VS Code\bin;C:\WINDOWS\system32;C:\WINDOWS;C:\WINDOWS\System32\Wbem;C:\WINDOWS\System32\WindowsPowerShell\v1.0\;C:\WINDOWS\System32\OpenSSH\;C:\Program Files\Git\cmd;C:\xampp\php;C:\Program Files\dotnet\;C:\Users\Gabriel\AppData\Local\Android\Sdk;;C:\Program Files\Docker\Docker\resources\bin;C:\ProgramData\ComposerSetup\bin;C:\Program Files\nodejs\;C:\Program Files\PowerShell\7\;C:\Users\Gabriel\scoop\apps\gcc\current\bin;C:\Users\Gabriel\scoop\shims;C:\Users\Gabriel\AppData\Local\Microsoft\WindowsApps;C:\Users\Gabriel\.dotnet\tools;C:\Users\Gabriel\AppData\Local\Programs\oh-my-posh\bin;C:\apache-maven-3.8.6\bin;C:\Users\Gabriel\AppData\Roaming\Composer\vendor\bin;C:\Users\Gabriel\.dotnet\tools;C:\Users\Gabriel\AppData\Roaming\npm;.]
13-Feb-2023 16:34:10.874 INFO [main] org.apache.coyote.AbstractProtocol.init Initializing ProtocolHandler ["http-nio-8080"]
13-Feb-2023 16:34:10.966 INFO [main] org.apache.catalina.startup.Catalina.load Server initialization in [1405] milliseconds
13-Feb-2023 16:34:11.157 INFO [main] org.apache.catalina.core.StandardService.startInternal Starting service [Catalina]
13-Feb-2023 16:34:11.157 INFO [main] org.apache.catalina.core.StandardEngine.startInternal Starting Servlet engine: [Apache Tomcat/10.0.27]
13-Feb-2023 16:34:11.204 INFO [main] org.apache.catalina.startup.HostConfig.deployWAR Deploying web application archive [C:\Users\Gabriel\git\Data-Access\05-web-services\apache-tomcat-10.0.27\webapps\demo.war]
13-Feb-2023 16:34:13.725 INFO [main] org.apache.jasper.servlet.TldScanner.scanJars At least one JAR was scanned for TLDs yet contained no TLDs. Enable debug logging for this logger for a complete list of JARs that were scanned but no TLDs were found in them. Skipping unneeded JARs during scanning can improve startup time and JSP compilation time.
13-Feb-2023 16:34:13.874 WARNING [main] org.apache.catalina.util.SessionIdGeneratorBase.createSecureRandom Creation of SecureRandom instance for session ID generation using [SHA1PRNG] took [105] milliseconds.
13-Feb-2023 16:34:16.456 INFO [main] org.apache.catalina.startup.HostConfig.deployWAR Deployment of web application archive [C:\Users\Gabriel\git\Data-Access\05-web-services\apache-tomcat-10.0.27\webapps\demo.war] has finished in [5,251] ms
13-Feb-2023 16:34:16.459 INFO [main] org.apache.catalina.startup.HostConfig.deployWAR Deploying web application archive [C:\Users\Gabriel\git\Data-Access\05-web-services\apache-tomcat-10.0.27\webapps\web-service.war]
13-Feb-2023 16:34:18.192 INFO [main] org.apache.jasper.servlet.TldScanner.scanJars At least one JAR was scanned for TLDs yet contained no TLDs. Enable debug logging for this logger for a complete list of JARs that were scanned but no TLDs were found in them. Skipping unneeded JARs during scanning can improve startup time and JSP compilation time.
13-Feb-2023 16:34:20.812 INFO [main] org.apache.catalina.startup.HostConfig.deployWAR Deployment of web application archive [C:\Users\Gabriel\git\Data-Access\05-web-services\apache-tomcat-10.0.27\webapps\web-service.war] has finished in [4,354] ms
13-Feb-2023 16:34:20.814 INFO [main] org.apache.catalina.startup.HostConfig.deployDirectory Deploying web application directory [C:\Users\Gabriel\git\Data-Access\05-web-services\apache-tomcat-10.0.27\webapps\docs]
13-Feb-2023 16:34:20.894 INFO [main] org.apache.catalina.startup.HostConfig.deployDirectory Deployment of web application directory [C:\Users\Gabriel\git\Data-Access\05-web-services\apache-tomcat-10.0.27\webapps\docs] has finished in [80] ms
13-Feb-2023 16:34:20.895 INFO [main] org.apache.catalina.startup.HostConfig.deployDirectory Deploying web application directory [C:\Users\Gabriel\git\Data-Access\05-web-services\apache-tomcat-10.0.27\webapps\examples]
13-Feb-2023 16:34:21.349 INFO [main] org.apache.catalina.startup.HostConfig.deployDirectory Deployment of web application directory [C:\Users\Gabriel\git\Data-Access\05-web-services\apache-tomcat-10.0.27\webapps\examples] has finished in [454] ms
13-Feb-2023 16:34:21.350 INFO [main] org.apache.catalina.startup.HostConfig.deployDirectory Deploying web application directory [C:\Users\Gabriel\git\Data-Access\05-web-services\apache-tomcat-10.0.27\webapps\host-manager]
13-Feb-2023 16:34:21.409 INFO [main] org.apache.catalina.startup.HostConfig.deployDirectory Deployment of web application directory [C:\Users\Gabriel\git\Data-Access\05-web-services\apache-tomcat-10.0.27\webapps\host-manager] has finished in [59] ms
13-Feb-2023 16:34:21.410 INFO [main] org.apache.catalina.startup.HostConfig.deployDirectory Deploying web application directory [C:\Users\Gabriel\git\Data-Access\05-web-services\apache-tomcat-10.0.27\webapps\manager]
13-Feb-2023 16:34:21.462 INFO [main] org.apache.catalina.startup.HostConfig.deployDirectory Deployment of web application directory [C:\Users\Gabriel\git\Data-Access\05-web-services\apache-tomcat-10.0.27\webapps\manager] has finished in [52] ms
13-Feb-2023 16:34:21.463 INFO [main] org.apache.catalina.startup.HostConfig.deployDirectory Deploying web application directory [C:\Users\Gabriel\git\Data-Access\05-web-services\apache-tomcat-10.0.27\webapps\ROOT]
13-Feb-2023 16:34:21.511 INFO [main] org.apache.catalina.startup.HostConfig.deployDirectory Deployment of web application directory [C:\Users\Gabriel\git\Data-Access\05-web-services\apache-tomcat-10.0.27\webapps\ROOT] has finished in [49] ms
13-Feb-2023 16:34:21.522 INFO [main] org.apache.coyote.AbstractProtocol.start Starting ProtocolHandler ["http-nio-8080"]
13-Feb-2023 16:34:21.638 INFO [main] org.apache.catalina.startup.Catalina.start Server startup in [10669] milliseconds
13-Feb-2023 16:38:10.151 INFO [main] org.apache.catalina.core.StandardServer.await A valid shutdown command was received via the shutdown port. Stopping the Server instance.
13-Feb-2023 16:38:10.151 INFO [main] org.apache.coyote.AbstractProtocol.pause Pausing ProtocolHandler ["http-nio-8080"]
13-Feb-2023 16:38:10.209 INFO [main] org.apache.catalina.core.StandardService.stopInternal Stopping service [Catalina]
13-Feb-2023 16:38:10.311 INFO [main] org.apache.coyote.AbstractProtocol.stop Stopping ProtocolHandler ["http-nio-8080"]
13-Feb-2023 16:38:10.328 INFO [main] org.apache.coyote.AbstractProtocol.destroy Destroying ProtocolHandler ["http-nio-8080"]
13-Feb-2023 16:38:55.569 INFO [main] org.apache.catalina.startup.VersionLoggerListener.log Server version name:   Apache Tomcat/10.0.27
13-Feb-2023 16:38:55.573 INFO [main] org.apache.catalina.startup.VersionLoggerListener.log Server built:          Oct 3 2022 14:18:31 UTC
13-Feb-2023 16:38:55.573 INFO [main] org.apache.catalina.startup.VersionLoggerListener.log Server version number: 10.0.27.0
13-Feb-2023 16:38:55.574 INFO [main] org.apache.catalina.startup.VersionLoggerListener.log OS Name:               Windows 10
13-Feb-2023 16:38:55.574 INFO [main] org.apache.catalina.startup.VersionLoggerListener.log OS Version:            10.0
13-Feb-2023 16:38:55.574 INFO [main] org.apache.catalina.startup.VersionLoggerListener.log Architecture:          amd64
13-Feb-2023 16:38:55.574 INFO [main] org.apache.catalina.startup.VersionLoggerListener.log Java Home:             C:\Program Files\Eclipse Adoptium\jdk-11.0.16.101-hotspot
13-Feb-2023 16:38:55.574 INFO [main] org.apache.catalina.startup.VersionLoggerListener.log JVM Version:           11.0.16.1+1
13-Feb-2023 16:38:55.575 INFO [main] org.apache.catalina.startup.VersionLoggerListener.log JVM Vendor:            Eclipse Adoptium
13-Feb-2023 16:38:55.576 INFO [main] org.apache.catalina.startup.VersionLoggerListener.log CATALINA_BASE:         C:\Users\Gabriel\git\Data-Access\05-web-services\apache-tomcat-10.0.27
13-Feb-2023 16:38:55.576 INFO [main] org.apache.catalina.startup.VersionLoggerListener.log CATALINA_HOME:         C:\Users\Gabriel\git\Data-Access\05-web-services\apache-tomcat-10.0.27
13-Feb-2023 16:38:55.592 INFO [main] org.apache.catalina.startup.VersionLoggerListener.log Command line argument: -Djava.util.logging.config.file=c:\Users\Gabriel\git\Data-Access\05-web-services\apache-tomcat-10.0.27/conf/logging.properties
13-Feb-2023 16:38:55.593 INFO [main] org.apache.catalina.startup.VersionLoggerListener.log Command line argument: -Djava.util.logging.manager=org.apache.juli.ClassLoaderLogManager
13-Feb-2023 16:38:55.593 INFO [main] org.apache.catalina.startup.VersionLoggerListener.log Command line argument: -Djdk.tls.ephemeralDHKeySize=2048
13-Feb-2023 16:38:55.593 INFO [main] org.apache.catalina.startup.VersionLoggerListener.log Command line argument: -Djava.protocol.handler.pkgs=org.apache.catalina.webresources
13-Feb-2023 16:38:55.593 INFO [main] org.apache.catalina.startup.VersionLoggerListener.log Command line argument: -Dorg.apache.catalina.security.SecurityListener.UMASK=0027
13-Feb-2023 16:38:55.593 INFO [main] org.apache.catalina.startup.VersionLoggerListener.log Command line argument: -Dcatalina.base=c:\Users\Gabriel\git\Data-Access\05-web-services\apache-tomcat-10.0.27
13-Feb-2023 16:38:55.593 INFO [main] org.apache.catalina.startup.VersionLoggerListener.log Command line argument: -Dcatalina.home=c:\Users\Gabriel\git\Data-Access\05-web-services\apache-tomcat-10.0.27
13-Feb-2023 16:38:55.594 INFO [main] org.apache.catalina.startup.VersionLoggerListener.log Command line argument: -Djava.io.tmpdir=c:\Users\Gabriel\git\Data-Access\05-web-services\apache-tomcat-10.0.27/temp
13-Feb-2023 16:38:55.617 INFO [main] org.apache.catalina.core.AprLifecycleListener.lifecycleEvent The Apache Tomcat Native library which allows using OpenSSL was not found on the java.library.path: [C:\Program Files\Eclipse Adoptium\jdk-11.0.16.101-hotspot\bin;C:\WINDOWS\Sun\Java\bin;C:\WINDOWS\system32;C:\WINDOWS;C:\Program Files\Microsoft\jdk-11.0.16.101-hotspot\bin;C:\Program Files\Microsoft\jdk-11.0.12.7-hotspot\bin;C:\Program Files\Eclipse Adoptium\jdk-17.0.5.8-hotspot\bin;C:\Program Files\Eclipse Adoptium\jdk-11.0.16.101-hotspot\bin;C:\Windows\system32;C:\Windows;C:\Windows\System32\Wbem;C:\Windows\System32\WindowsPowerShell\v1.0\;C:\Windows\System32\OpenSSH\;C:\Program Files\Microsoft VS Code\bin;C:\WINDOWS\system32;C:\WINDOWS;C:\WINDOWS\System32\Wbem;C:\WINDOWS\System32\WindowsPowerShell\v1.0\;C:\WINDOWS\System32\OpenSSH\;C:\Program Files\Git\cmd;C:\xampp\php;C:\Program Files\dotnet\;C:\Users\Gabriel\AppData\Local\Android\Sdk;;C:\Program Files\Docker\Docker\resources\bin;C:\ProgramData\ComposerSetup\bin;C:\Program Files\nodejs\;C:\Program Files\PowerShell\7\;C:\Users\Gabriel\scoop\apps\gcc\current\bin;C:\Users\Gabriel\scoop\shims;C:\Users\Gabriel\AppData\Local\Microsoft\WindowsApps;C:\Users\Gabriel\.dotnet\tools;C:\Users\Gabriel\AppData\Local\Programs\oh-my-posh\bin;C:\apache-maven-3.8.6\bin;C:\Users\Gabriel\AppData\Roaming\Composer\vendor\bin;C:\Users\Gabriel\.dotnet\tools;C:\Users\Gabriel\AppData\Roaming\npm;.]
13-Feb-2023 16:38:56.131 INFO [main] org.apache.coyote.AbstractProtocol.init Initializing ProtocolHandler ["http-nio-8080"]
13-Feb-2023 16:38:56.168 INFO [main] org.apache.catalina.startup.Catalina.load Server initialization in [842] milliseconds
13-Feb-2023 16:38:56.283 INFO [main] org.apache.catalina.core.StandardService.startInternal Starting service [Catalina]
13-Feb-2023 16:38:56.283 INFO [main] org.apache.catalina.core.StandardEngine.startInternal Starting Servlet engine: [Apache Tomcat/10.0.27]
13-Feb-2023 16:38:56.315 INFO [main] org.apache.catalina.startup.HostConfig.deployWAR Deploying web application archive [C:\Users\Gabriel\git\Data-Access\05-web-services\apache-tomcat-10.0.27\webapps\demo.war]
13-Feb-2023 16:38:57.968 INFO [main] org.apache.jasper.servlet.TldScanner.scanJars At least one JAR was scanned for TLDs yet contained no TLDs. Enable debug logging for this logger for a complete list of JARs that were scanned but no TLDs were found in them. Skipping unneeded JARs during scanning can improve startup time and JSP compilation time.
13-Feb-2023 16:38:58.120 WARNING [main] org.apache.catalina.util.SessionIdGeneratorBase.createSecureRandom Creation of SecureRandom instance for session ID generation using [SHA1PRNG] took [118] milliseconds.
13-Feb-2023 16:39:00.452 INFO [main] org.apache.catalina.startup.HostConfig.deployWAR Deployment of web application archive [C:\Users\Gabriel\git\Data-Access\05-web-services\apache-tomcat-10.0.27\webapps\demo.war] has finished in [4,138] ms
13-Feb-2023 16:39:00.455 INFO [main] org.apache.catalina.startup.HostConfig.deployWAR Deploying web application archive [C:\Users\Gabriel\git\Data-Access\05-web-services\apache-tomcat-10.0.27\webapps\web-service.war]
13-Feb-2023 16:39:00.461 INFO [main] org.apache.catalina.startup.ExpandWar.expand An expanded directory [C:\Users\Gabriel\git\Data-Access\05-web-services\apache-tomcat-10.0.27\webapps\web-service] was found with a last modified time that did not match the associated WAR. It will be deleted.
13-Feb-2023 16:39:02.208 INFO [main] org.apache.jasper.servlet.TldScanner.scanJars At least one JAR was scanned for TLDs yet contained no TLDs. Enable debug logging for this logger for a complete list of JARs that were scanned but no TLDs were found in them. Skipping unneeded JARs during scanning can improve startup time and JSP compilation time.
13-Feb-2023 16:39:04.305 SEVERE [main] org.glassfish.jersey.internal.Errors.logErrors Following issues have been detected: 
WARNING: A HTTP GET method, public jakarta.ws.rs.core.Response exercises.AthleteService.activeForSport(java.lang.String), should not consume any form parameter.

13-Feb-2023 16:39:04.313 INFO [main] org.apache.catalina.startup.HostConfig.deployWAR Deployment of web application archive [C:\Users\Gabriel\git\Data-Access\05-web-services\apache-tomcat-10.0.27\webapps\web-service.war] has finished in [3,858] ms
13-Feb-2023 16:39:04.315 INFO [main] org.apache.catalina.startup.HostConfig.deployDirectory Deploying web application directory [C:\Users\Gabriel\git\Data-Access\05-web-services\apache-tomcat-10.0.27\webapps\docs]
13-Feb-2023 16:39:04.354 INFO [main] org.apache.catalina.startup.HostConfig.deployDirectory Deployment of web application directory [C:\Users\Gabriel\git\Data-Access\05-web-services\apache-tomcat-10.0.27\webapps\docs] has finished in [40] ms
13-Feb-2023 16:39:04.355 INFO [main] org.apache.catalina.startup.HostConfig.deployDirectory Deploying web application directory [C:\Users\Gabriel\git\Data-Access\05-web-services\apache-tomcat-10.0.27\webapps\examples]
13-Feb-2023 16:39:04.795 INFO [main] org.apache.catalina.startup.HostConfig.deployDirectory Deployment of web application directory [C:\Users\Gabriel\git\Data-Access\05-web-services\apache-tomcat-10.0.27\webapps\examples] has finished in [440] ms
13-Feb-2023 16:39:04.795 INFO [main] org.apache.catalina.startup.HostConfig.deployDirectory Deploying web application directory [C:\Users\Gabriel\git\Data-Access\05-web-services\apache-tomcat-10.0.27\webapps\host-manager]
13-Feb-2023 16:39:04.834 INFO [main] org.apache.catalina.startup.HostConfig.deployDirectory Deployment of web application directory [C:\Users\Gabriel\git\Data-Access\05-web-services\apache-tomcat-10.0.27\webapps\host-manager] has finished in [39] ms
13-Feb-2023 16:39:04.834 INFO [main] org.apache.catalina.startup.HostConfig.deployDirectory Deploying web application directory [C:\Users\Gabriel\git\Data-Access\05-web-services\apache-tomcat-10.0.27\webapps\manager]
13-Feb-2023 16:39:04.877 INFO [main] org.apache.catalina.startup.HostConfig.deployDirectory Deployment of web application directory [C:\Users\Gabriel\git\Data-Access\05-web-services\apache-tomcat-10.0.27\webapps\manager] has finished in [43] ms
13-Feb-2023 16:39:04.878 INFO [main] org.apache.catalina.startup.HostConfig.deployDirectory Deploying web application directory [C:\Users\Gabriel\git\Data-Access\05-web-services\apache-tomcat-10.0.27\webapps\ROOT]
13-Feb-2023 16:39:04.920 INFO [main] org.apache.catalina.startup.HostConfig.deployDirectory Deployment of web application directory [C:\Users\Gabriel\git\Data-Access\05-web-services\apache-tomcat-10.0.27\webapps\ROOT] has finished in [42] ms
13-Feb-2023 16:39:04.928 INFO [main] org.apache.coyote.AbstractProtocol.start Starting ProtocolHandler ["http-nio-8080"]
13-Feb-2023 16:39:05.021 INFO [main] org.apache.catalina.startup.Catalina.start Server startup in [8852] milliseconds
13-Feb-2023 16:39:13.816 SEVERE [http-nio-8080-exec-2] org.glassfish.jersey.internal.Errors.logErrors Following issues have been detected: 
WARNING: A HTTP GET method, public jakarta.ws.rs.core.Response exercises.AthleteService.activeForSport(java.lang.String), should not consume any form parameter.

13-Feb-2023 16:39:36.611 SEVERE [http-nio-8080-exec-3] org.glassfish.jersey.internal.Errors.logErrors Following issues have been detected: 
WARNING: A HTTP GET method, public jakarta.ws.rs.core.Response exercises.AthleteService.activeForSport(java.lang.String), should not consume any form parameter.

13-Feb-2023 16:40:22.918 SEVERE [http-nio-8080-exec-4] org.glassfish.jersey.internal.Errors.logErrors Following issues have been detected: 
WARNING: A HTTP GET method, public jakarta.ws.rs.core.Response exercises.AthleteService.activeForSport(java.lang.String), should not consume any form parameter.

13-Feb-2023 16:40:25.054 INFO [Catalina-utility-1] org.apache.catalina.startup.HostConfig.undeploy Undeploying context [/web-service]
13-Feb-2023 16:40:25.116 INFO [Catalina-utility-1] org.apache.catalina.startup.HostConfig.deployWAR Deploying web application archive [C:\Users\Gabriel\git\Data-Access\05-web-services\apache-tomcat-10.0.27\webapps\web-service.war]
13-Feb-2023 16:40:26.721 INFO [Catalina-utility-1] org.apache.jasper.servlet.TldScanner.scanJars At least one JAR was scanned for TLDs yet contained no TLDs. Enable debug logging for this logger for a complete list of JARs that were scanned but no TLDs were found in them. Skipping unneeded JARs during scanning can improve startup time and JSP compilation time.
13-Feb-2023 16:40:28.813 INFO [Catalina-utility-1] org.apache.catalina.startup.HostConfig.deployWAR Deployment of web application archive [C:\Users\Gabriel\git\Data-Access\05-web-services\apache-tomcat-10.0.27\webapps\web-service.war] has finished in [3,697] ms
13-Feb-2023 16:45:39.300 INFO [Catalina-utility-2] org.apache.catalina.startup.HostConfig.undeploy Undeploying context [/web-service]
13-Feb-2023 16:45:39.325 WARNING [Catalina-utility-2] org.apache.catalina.loader.WebappClassLoaderBase.clearReferencesJdbc The web application [web-service] registered the JDBC driver [org.mariadb.jdbc.Driver] but failed to unregister it when the web application was stopped. To prevent a memory leak, the JDBC Driver has been forcibly unregistered.
13-Feb-2023 16:45:39.371 INFO [Catalina-utility-2] org.apache.catalina.startup.HostConfig.deployWAR Deploying web application archive [C:\Users\Gabriel\git\Data-Access\05-web-services\apache-tomcat-10.0.27\webapps\web-service.war]
13-Feb-2023 16:45:41.032 INFO [Catalina-utility-2] org.apache.jasper.servlet.TldScanner.scanJars At least one JAR was scanned for TLDs yet contained no TLDs. Enable debug logging for this logger for a complete list of JARs that were scanned but no TLDs were found in them. Skipping unneeded JARs during scanning can improve startup time and JSP compilation time.
13-Feb-2023 16:45:43.061 INFO [Catalina-utility-2] org.apache.catalina.startup.HostConfig.deployWAR Deployment of web application archive [C:\Users\Gabriel\git\Data-Access\05-web-services\apache-tomcat-10.0.27\webapps\web-service.war] has finished in [3,690] ms
13-Feb-2023 16:46:43.120 INFO [Catalina-utility-2] org.apache.catalina.startup.HostConfig.undeploy Undeploying context [/web-service]
13-Feb-2023 16:46:43.173 INFO [Catalina-utility-2] org.apache.catalina.startup.HostConfig.deployWAR Deploying web application archive [C:\Users\Gabriel\git\Data-Access\05-web-services\apache-tomcat-10.0.27\webapps\web-service.war]
13-Feb-2023 16:46:44.765 INFO [Catalina-utility-2] org.apache.jasper.servlet.TldScanner.scanJars At least one JAR was scanned for TLDs yet contained no TLDs. Enable debug logging for this logger for a complete list of JARs that were scanned but no TLDs were found in them. Skipping unneeded JARs during scanning can improve startup time and JSP compilation time.
13-Feb-2023 16:46:46.727 INFO [Catalina-utility-2] org.apache.catalina.startup.HostConfig.deployWAR Deployment of web application archive [C:\Users\Gabriel\git\Data-Access\05-web-services\apache-tomcat-10.0.27\webapps\web-service.war] has finished in [3,554] ms
13-Feb-2023 16:49:36.949 INFO [Catalina-utility-1] org.apache.catalina.startup.HostConfig.undeploy Undeploying context [/web-service]
13-Feb-2023 16:49:36.969 WARNING [Catalina-utility-1] org.apache.catalina.loader.WebappClassLoaderBase.clearReferencesJdbc The web application [web-service] registered the JDBC driver [org.mariadb.jdbc.Driver] but failed to unregister it when the web application was stopped. To prevent a memory leak, the JDBC Driver has been forcibly unregistered.
13-Feb-2023 16:49:37.016 INFO [Catalina-utility-1] org.apache.catalina.startup.HostConfig.deployWAR Deploying web application archive [C:\Users\Gabriel\git\Data-Access\05-web-services\apache-tomcat-10.0.27\webapps\web-service.war]
13-Feb-2023 16:49:38.641 INFO [Catalina-utility-1] org.apache.jasper.servlet.TldScanner.scanJars At least one JAR was scanned for TLDs yet contained no TLDs. Enable debug logging for this logger for a complete list of JARs that were scanned but no TLDs were found in them. Skipping unneeded JARs during scanning can improve startup time and JSP compilation time.
13-Feb-2023 16:49:40.745 INFO [Catalina-utility-1] org.apache.catalina.startup.HostConfig.deployWAR Deployment of web application archive [C:\Users\Gabriel\git\Data-Access\05-web-services\apache-tomcat-10.0.27\webapps\web-service.war] has finished in [3,728] ms
13-Feb-2023 16:51:00.828 INFO [Catalina-utility-1] org.apache.catalina.startup.HostConfig.undeploy Undeploying context [/web-service]
13-Feb-2023 16:51:00.837 WARNING [Catalina-utility-1] org.apache.catalina.loader.WebappClassLoaderBase.clearReferencesJdbc The web application [web-service] registered the JDBC driver [org.mariadb.jdbc.Driver] but failed to unregister it when the web application was stopped. To prevent a memory leak, the JDBC Driver has been forcibly unregistered.
13-Feb-2023 16:51:00.874 INFO [Catalina-utility-1] org.apache.catalina.startup.HostConfig.deployWAR Deploying web application archive [C:\Users\Gabriel\git\Data-Access\05-web-services\apache-tomcat-10.0.27\webapps\web-service.war]
13-Feb-2023 16:51:02.375 INFO [Catalina-utility-1] org.apache.jasper.servlet.TldScanner.scanJars At least one JAR was scanned for TLDs yet contained no TLDs. Enable debug logging for this logger for a complete list of JARs that were scanned but no TLDs were found in them. Skipping unneeded JARs during scanning can improve startup time and JSP compilation time.
13-Feb-2023 16:51:04.387 INFO [Catalina-utility-1] org.apache.catalina.startup.HostConfig.deployWAR Deployment of web application archive [C:\Users\Gabriel\git\Data-Access\05-web-services\apache-tomcat-10.0.27\webapps\web-service.war] has finished in [3,512] ms
13-Feb-2023 16:53:24.619 INFO [Catalina-utility-2] org.apache.catalina.startup.HostConfig.undeploy Undeploying context [/web-service]
13-Feb-2023 16:53:24.639 WARNING [Catalina-utility-2] org.apache.catalina.loader.WebappClassLoaderBase.clearReferencesJdbc The web application [web-service] registered the JDBC driver [org.mariadb.jdbc.Driver] but failed to unregister it when the web application was stopped. To prevent a memory leak, the JDBC Driver has been forcibly unregistered.
13-Feb-2023 16:53:24.678 INFO [Catalina-utility-2] org.apache.catalina.startup.HostConfig.deployWAR Deploying web application archive [C:\Users\Gabriel\git\Data-Access\05-web-services\apache-tomcat-10.0.27\webapps\web-service.war]
13-Feb-2023 16:53:26.254 INFO [Catalina-utility-2] org.apache.jasper.servlet.TldScanner.scanJars At least one JAR was scanned for TLDs yet contained no TLDs. Enable debug logging for this logger for a complete list of JARs that were scanned but no TLDs were found in them. Skipping unneeded JARs during scanning can improve startup time and JSP compilation time.
13-Feb-2023 16:53:28.199 INFO [Catalina-utility-2] org.apache.catalina.startup.HostConfig.deployWAR Deployment of web application archive [C:\Users\Gabriel\git\Data-Access\05-web-services\apache-tomcat-10.0.27\webapps\web-service.war] has finished in [3,521] ms
13-Feb-2023 16:55:18.382 INFO [Catalina-utility-2] org.apache.catalina.startup.HostConfig.undeploy Undeploying context [/web-service]
13-Feb-2023 16:55:18.393 WARNING [Catalina-utility-2] org.apache.catalina.loader.WebappClassLoaderBase.clearReferencesJdbc The web application [web-service] registered the JDBC driver [org.mariadb.jdbc.Driver] but failed to unregister it when the web application was stopped. To prevent a memory leak, the JDBC Driver has been forcibly unregistered.
13-Feb-2023 16:55:18.431 INFO [Catalina-utility-2] org.apache.catalina.startup.HostConfig.deployWAR Deploying web application archive [C:\Users\Gabriel\git\Data-Access\05-web-services\apache-tomcat-10.0.27\webapps\web-service.war]
13-Feb-2023 16:55:20.001 INFO [Catalina-utility-2] org.apache.jasper.servlet.TldScanner.scanJars At least one JAR was scanned for TLDs yet contained no TLDs. Enable debug logging for this logger for a complete list of JARs that were scanned but no TLDs were found in them. Skipping unneeded JARs during scanning can improve startup time and JSP compilation time.
13-Feb-2023 16:55:21.997 INFO [Catalina-utility-2] org.apache.catalina.startup.HostConfig.deployWAR Deployment of web application archive [C:\Users\Gabriel\git\Data-Access\05-web-services\apache-tomcat-10.0.27\webapps\web-service.war] has finished in [3,566] ms
13-Feb-2023 17:16:53.760 INFO [Catalina-utility-1] org.apache.catalina.startup.HostConfig.undeploy Undeploying context [/web-service]
13-Feb-2023 17:16:53.780 WARNING [Catalina-utility-1] org.apache.catalina.loader.WebappClassLoaderBase.clearReferencesJdbc The web application [web-service] registered the JDBC driver [org.mariadb.jdbc.Driver] but failed to unregister it when the web application was stopped. To prevent a memory leak, the JDBC Driver has been forcibly unregistered.
13-Feb-2023 17:16:53.824 INFO [Catalina-utility-1] org.apache.catalina.startup.HostConfig.deployWAR Deploying web application archive [C:\Users\Gabriel\git\Data-Access\05-web-services\apache-tomcat-10.0.27\webapps\web-service.war]
13-Feb-2023 17:16:55.418 INFO [Catalina-utility-1] org.apache.jasper.servlet.TldScanner.scanJars At least one JAR was scanned for TLDs yet contained no TLDs. Enable debug logging for this logger for a complete list of JARs that were scanned but no TLDs were found in them. Skipping unneeded JARs during scanning can improve startup time and JSP compilation time.
13-Feb-2023 17:16:57.432 INFO [Catalina-utility-1] org.apache.catalina.startup.HostConfig.deployWAR Deployment of web application archive [C:\Users\Gabriel\git\Data-Access\05-web-services\apache-tomcat-10.0.27\webapps\web-service.war] has finished in [3,608] ms
13-Feb-2023 17:19:07.603 INFO [Catalina-utility-2] org.apache.catalina.startup.HostConfig.undeploy Undeploying context [/web-service]
13-Feb-2023 17:19:07.623 WARNING [Catalina-utility-2] org.apache.catalina.loader.WebappClassLoaderBase.clearReferencesJdbc The web application [web-service] registered the JDBC driver [org.mariadb.jdbc.Driver] but failed to unregister it when the web application was stopped. To prevent a memory leak, the JDBC Driver has been forcibly unregistered.
13-Feb-2023 17:19:07.669 INFO [Catalina-utility-2] org.apache.catalina.startup.HostConfig.deployWAR Deploying web application archive [C:\Users\Gabriel\git\Data-Access\05-web-services\apache-tomcat-10.0.27\webapps\web-service.war]
13-Feb-2023 17:19:09.246 INFO [Catalina-utility-2] org.apache.jasper.servlet.TldScanner.scanJars At least one JAR was scanned for TLDs yet contained no TLDs. Enable debug logging for this logger for a complete list of JARs that were scanned but no TLDs were found in them. Skipping unneeded JARs during scanning can improve startup time and JSP compilation time.
13-Feb-2023 17:19:11.195 INFO [Catalina-utility-2] org.apache.catalina.startup.HostConfig.deployWAR Deployment of web application archive [C:\Users\Gabriel\git\Data-Access\05-web-services\apache-tomcat-10.0.27\webapps\web-service.war] has finished in [3,526] ms
13-Feb-2023 17:41:12.937 INFO [Catalina-utility-2] org.apache.catalina.startup.HostConfig.undeploy Undeploying context [/web-service]
13-Feb-2023 17:41:12.944 WARNING [Catalina-utility-2] org.apache.catalina.loader.WebappClassLoaderBase.clearReferencesJdbc The web application [web-service] registered the JDBC driver [org.mariadb.jdbc.Driver] but failed to unregister it when the web application was stopped. To prevent a memory leak, the JDBC Driver has been forcibly unregistered.
13-Feb-2023 17:41:12.987 INFO [Catalina-utility-2] org.apache.catalina.startup.HostConfig.deployWAR Deploying web application archive [C:\Users\Gabriel\git\Data-Access\05-web-services\apache-tomcat-10.0.27\webapps\web-service.war]
13-Feb-2023 17:41:14.604 INFO [Catalina-utility-2] org.apache.jasper.servlet.TldScanner.scanJars At least one JAR was scanned for TLDs yet contained no TLDs. Enable debug logging for this logger for a complete list of JARs that were scanned but no TLDs were found in them. Skipping unneeded JARs during scanning can improve startup time and JSP compilation time.
13-Feb-2023 17:41:16.548 INFO [Catalina-utility-2] org.apache.catalina.startup.HostConfig.deployWAR Deployment of web application archive [C:\Users\Gabriel\git\Data-Access\05-web-services\apache-tomcat-10.0.27\webapps\web-service.war] has finished in [3,561] ms
13-Feb-2023 17:41:56.593 INFO [Catalina-utility-1] org.apache.catalina.startup.HostConfig.undeploy Undeploying context [/web-service]
13-Feb-2023 17:41:56.654 INFO [Catalina-utility-1] org.apache.catalina.startup.HostConfig.deployWAR Deploying web application archive [C:\Users\Gabriel\git\Data-Access\05-web-services\apache-tomcat-10.0.27\webapps\web-service.war]
13-Feb-2023 17:41:58.361 INFO [Catalina-utility-1] org.apache.jasper.servlet.TldScanner.scanJars At least one JAR was scanned for TLDs yet contained no TLDs. Enable debug logging for this logger for a complete list of JARs that were scanned but no TLDs were found in them. Skipping unneeded JARs during scanning can improve startup time and JSP compilation time.
13-Feb-2023 17:42:00.351 INFO [Catalina-utility-1] org.apache.catalina.startup.HostConfig.deployWAR Deployment of web application archive [C:\Users\Gabriel\git\Data-Access\05-web-services\apache-tomcat-10.0.27\webapps\web-service.war] has finished in [3,698] ms
13-Feb-2023 17:42:50.412 INFO [Catalina-utility-2] org.apache.catalina.startup.HostConfig.undeploy Undeploying context [/web-service]
13-Feb-2023 17:42:50.464 INFO [Catalina-utility-2] org.apache.catalina.startup.HostConfig.deployWAR Deploying web application archive [C:\Users\Gabriel\git\Data-Access\05-web-services\apache-tomcat-10.0.27\webapps\web-service.war]
13-Feb-2023 17:42:52.020 INFO [Catalina-utility-2] org.apache.jasper.servlet.TldScanner.scanJars At least one JAR was scanned for TLDs yet contained no TLDs. Enable debug logging for this logger for a complete list of JARs that were scanned but no TLDs were found in them. Skipping unneeded JARs during scanning can improve startup time and JSP compilation time.
13-Feb-2023 17:42:54.074 INFO [Catalina-utility-2] org.apache.catalina.startup.HostConfig.deployWAR Deployment of web application archive [C:\Users\Gabriel\git\Data-Access\05-web-services\apache-tomcat-10.0.27\webapps\web-service.war] has finished in [3,610] ms
13-Feb-2023 17:45:32.918 INFO [main] org.apache.catalina.core.StandardServer.await A valid shutdown command was received via the shutdown port. Stopping the Server instance.
13-Feb-2023 17:45:32.918 INFO [main] org.apache.coyote.AbstractProtocol.pause Pausing ProtocolHandler ["http-nio-8080"]
13-Feb-2023 17:45:32.973 INFO [main] org.apache.catalina.core.StandardService.stopInternal Stopping service [Catalina]
13-Feb-2023 17:45:33.024 INFO [main] org.apache.coyote.AbstractProtocol.stop Stopping ProtocolHandler ["http-nio-8080"]
13-Feb-2023 17:45:33.038 INFO [main] org.apache.coyote.AbstractProtocol.destroy Destroying ProtocolHandler ["http-nio-8080"]
13-Feb-2023 17:50:34.179 INFO [main] org.apache.catalina.startup.VersionLoggerListener.log Server version name:   Apache Tomcat/10.0.27
13-Feb-2023 17:50:34.183 INFO [main] org.apache.catalina.startup.VersionLoggerListener.log Server built:          Oct 3 2022 14:18:31 UTC
13-Feb-2023 17:50:34.183 INFO [main] org.apache.catalina.startup.VersionLoggerListener.log Server version number: 10.0.27.0
13-Feb-2023 17:50:34.183 INFO [main] org.apache.catalina.startup.VersionLoggerListener.log OS Name:               Windows 10
13-Feb-2023 17:50:34.183 INFO [main] org.apache.catalina.startup.VersionLoggerListener.log OS Version:            10.0
13-Feb-2023 17:50:34.183 INFO [main] org.apache.catalina.startup.VersionLoggerListener.log Architecture:          amd64
13-Feb-2023 17:50:34.184 INFO [main] org.apache.catalina.startup.VersionLoggerListener.log Java Home:             C:\Program Files\Eclipse Adoptium\jdk-11.0.16.101-hotspot
13-Feb-2023 17:50:34.184 INFO [main] org.apache.catalina.startup.VersionLoggerListener.log JVM Version:           11.0.16.1+1
13-Feb-2023 17:50:34.184 INFO [main] org.apache.catalina.startup.VersionLoggerListener.log JVM Vendor:            Eclipse Adoptium
13-Feb-2023 17:50:34.184 INFO [main] org.apache.catalina.startup.VersionLoggerListener.log CATALINA_BASE:         C:\Users\Gabriel\git\Data-Access\05-web-services\apache-tomcat-10.0.27
13-Feb-2023 17:50:34.184 INFO [main] org.apache.catalina.startup.VersionLoggerListener.log CATALINA_HOME:         C:\Users\Gabriel\git\Data-Access\05-web-services\apache-tomcat-10.0.27
13-Feb-2023 17:50:34.202 INFO [main] org.apache.catalina.startup.VersionLoggerListener.log Command line argument: -Djava.util.logging.config.file=c:\Users\Gabriel\git\Data-Access\05-web-services\apache-tomcat-10.0.27/conf/logging.properties
13-Feb-2023 17:50:34.202 INFO [main] org.apache.catalina.startup.VersionLoggerListener.log Command line argument: -Djava.util.logging.manager=org.apache.juli.ClassLoaderLogManager
13-Feb-2023 17:50:34.202 INFO [main] org.apache.catalina.startup.VersionLoggerListener.log Command line argument: -Djdk.tls.ephemeralDHKeySize=2048
13-Feb-2023 17:50:34.202 INFO [main] org.apache.catalina.startup.VersionLoggerListener.log Command line argument: -Djava.protocol.handler.pkgs=org.apache.catalina.webresources
13-Feb-2023 17:50:34.202 INFO [main] org.apache.catalina.startup.VersionLoggerListener.log Command line argument: -Dorg.apache.catalina.security.SecurityListener.UMASK=0027
13-Feb-2023 17:50:34.203 INFO [main] org.apache.catalina.startup.VersionLoggerListener.log Command line argument: -Dcatalina.base=c:\Users\Gabriel\git\Data-Access\05-web-services\apache-tomcat-10.0.27
13-Feb-2023 17:50:34.203 INFO [main] org.apache.catalina.startup.VersionLoggerListener.log Command line argument: -Dcatalina.home=c:\Users\Gabriel\git\Data-Access\05-web-services\apache-tomcat-10.0.27
13-Feb-2023 17:50:34.203 INFO [main] org.apache.catalina.startup.VersionLoggerListener.log Command line argument: -Djava.io.tmpdir=c:\Users\Gabriel\git\Data-Access\05-web-services\apache-tomcat-10.0.27/temp
13-Feb-2023 17:50:34.229 INFO [main] org.apache.catalina.core.AprLifecycleListener.lifecycleEvent The Apache Tomcat Native library which allows using OpenSSL was not found on the java.library.path: [C:\Program Files\Eclipse Adoptium\jdk-11.0.16.101-hotspot\bin;C:\WINDOWS\Sun\Java\bin;C:\WINDOWS\system32;C:\WINDOWS;C:\Program Files\Microsoft\jdk-11.0.16.101-hotspot\bin;C:\Program Files\Microsoft\jdk-11.0.12.7-hotspot\bin;C:\Program Files\Eclipse Adoptium\jdk-17.0.5.8-hotspot\bin;C:\Program Files\Eclipse Adoptium\jdk-11.0.16.101-hotspot\bin;C:\Windows\system32;C:\Windows;C:\Windows\System32\Wbem;C:\Windows\System32\WindowsPowerShell\v1.0\;C:\Windows\System32\OpenSSH\;C:\Program Files\Microsoft VS Code\bin;C:\WINDOWS\system32;C:\WINDOWS;C:\WINDOWS\System32\Wbem;C:\WINDOWS\System32\WindowsPowerShell\v1.0\;C:\WINDOWS\System32\OpenSSH\;C:\Program Files\Git\cmd;C:\xampp\php;C:\Program Files\dotnet\;C:\Users\Gabriel\AppData\Local\Android\Sdk;;C:\Program Files\Docker\Docker\resources\bin;C:\ProgramData\ComposerSetup\bin;C:\Program Files\nodejs\;C:\Program Files\PowerShell\7\;C:\Users\Gabriel\scoop\apps\gcc\current\bin;C:\Users\Gabriel\scoop\shims;C:\Users\Gabriel\AppData\Local\Microsoft\WindowsApps;C:\Users\Gabriel\.dotnet\tools;C:\Users\Gabriel\AppData\Local\Programs\oh-my-posh\bin;C:\apache-maven-3.8.6\bin;C:\Users\Gabriel\AppData\Roaming\Composer\vendor\bin;C:\Users\Gabriel\.dotnet\tools;C:\Users\Gabriel\AppData\Roaming\npm;.]
13-Feb-2023 17:50:34.766 INFO [main] org.apache.coyote.AbstractProtocol.init Initializing ProtocolHandler ["http-nio-8080"]
13-Feb-2023 17:50:34.818 INFO [main] org.apache.catalina.startup.Catalina.load Server initialization in [897] milliseconds
13-Feb-2023 17:50:34.948 INFO [main] org.apache.catalina.core.StandardService.startInternal Starting service [Catalina]
13-Feb-2023 17:50:34.948 INFO [main] org.apache.catalina.core.StandardEngine.startInternal Starting Servlet engine: [Apache Tomcat/10.0.27]
13-Feb-2023 17:50:34.986 INFO [main] org.apache.catalina.startup.HostConfig.deployWAR Deploying web application archive [C:\Users\Gabriel\git\Data-Access\05-web-services\apache-tomcat-10.0.27\webapps\demo.war]
13-Feb-2023 17:50:36.536 INFO [main] org.apache.jasper.servlet.TldScanner.scanJars At least one JAR was scanned for TLDs yet contained no TLDs. Enable debug logging for this logger for a complete list of JARs that were scanned but no TLDs were found in them. Skipping unneeded JARs during scanning can improve startup time and JSP compilation time.
13-Feb-2023 17:50:38.901 INFO [main] org.apache.catalina.startup.HostConfig.deployWAR Deployment of web application archive [C:\Users\Gabriel\git\Data-Access\05-web-services\apache-tomcat-10.0.27\webapps\demo.war] has finished in [3,914] ms
13-Feb-2023 17:50:38.903 INFO [main] org.apache.catalina.startup.HostConfig.deployWAR Deploying web application archive [C:\Users\Gabriel\git\Data-Access\05-web-services\apache-tomcat-10.0.27\webapps\web-service.war]
13-Feb-2023 17:50:38.908 INFO [main] org.apache.catalina.startup.ExpandWar.expand An expanded directory [C:\Users\Gabriel\git\Data-Access\05-web-services\apache-tomcat-10.0.27\webapps\web-service] was found with a last modified time that did not match the associated WAR. It will be deleted.
13-Feb-2023 17:50:40.716 INFO [main] org.apache.jasper.servlet.TldScanner.scanJars At least one JAR was scanned for TLDs yet contained no TLDs. Enable debug logging for this logger for a complete list of JARs that were scanned but no TLDs were found in them. Skipping unneeded JARs during scanning can improve startup time and JSP compilation time.
13-Feb-2023 17:50:42.809 INFO [main] org.apache.catalina.startup.HostConfig.deployWAR Deployment of web application archive [C:\Users\Gabriel\git\Data-Access\05-web-services\apache-tomcat-10.0.27\webapps\web-service.war] has finished in [3,906] ms
13-Feb-2023 17:50:42.810 INFO [main] org.apache.catalina.startup.HostConfig.deployDirectory Deploying web application directory [C:\Users\Gabriel\git\Data-Access\05-web-services\apache-tomcat-10.0.27\webapps\docs]
13-Feb-2023 17:50:42.844 INFO [main] org.apache.catalina.startup.HostConfig.deployDirectory Deployment of web application directory [C:\Users\Gabriel\git\Data-Access\05-web-services\apache-tomcat-10.0.27\webapps\docs] has finished in [34] ms
13-Feb-2023 17:50:42.845 INFO [main] org.apache.catalina.startup.HostConfig.deployDirectory Deploying web application directory [C:\Users\Gabriel\git\Data-Access\05-web-services\apache-tomcat-10.0.27\webapps\examples]
13-Feb-2023 17:50:43.320 INFO [main] org.apache.catalina.startup.HostConfig.deployDirectory Deployment of web application directory [C:\Users\Gabriel\git\Data-Access\05-web-services\apache-tomcat-10.0.27\webapps\examples] has finished in [475] ms
13-Feb-2023 17:50:43.320 INFO [main] org.apache.catalina.startup.HostConfig.deployDirectory Deploying web application directory [C:\Users\Gabriel\git\Data-Access\05-web-services\apache-tomcat-10.0.27\webapps\host-manager]
13-Feb-2023 17:50:43.396 INFO [main] org.apache.catalina.startup.HostConfig.deployDirectory Deployment of web application directory [C:\Users\Gabriel\git\Data-Access\05-web-services\apache-tomcat-10.0.27\webapps\host-manager] has finished in [76] ms
13-Feb-2023 17:50:43.397 INFO [main] org.apache.catalina.startup.HostConfig.deployDirectory Deploying web application directory [C:\Users\Gabriel\git\Data-Access\05-web-services\apache-tomcat-10.0.27\webapps\manager]
13-Feb-2023 17:50:43.456 INFO [main] org.apache.catalina.startup.HostConfig.deployDirectory Deployment of web application directory [C:\Users\Gabriel\git\Data-Access\05-web-services\apache-tomcat-10.0.27\webapps\manager] has finished in [58] ms
13-Feb-2023 17:50:43.456 INFO [main] org.apache.catalina.startup.HostConfig.deployDirectory Deploying web application directory [C:\Users\Gabriel\git\Data-Access\05-web-services\apache-tomcat-10.0.27\webapps\ROOT]
13-Feb-2023 17:50:43.503 INFO [main] org.apache.catalina.startup.HostConfig.deployDirectory Deployment of web application directory [C:\Users\Gabriel\git\Data-Access\05-web-services\apache-tomcat-10.0.27\webapps\ROOT] has finished in [46] ms
13-Feb-2023 17:50:43.511 INFO [main] org.apache.coyote.AbstractProtocol.start Starting ProtocolHandler ["http-nio-8080"]
13-Feb-2023 17:50:43.634 INFO [main] org.apache.catalina.startup.Catalina.start Server startup in [8814] milliseconds
13-Feb-2023 18:02:44.598 INFO [Catalina-utility-2] org.apache.catalina.startup.HostConfig.undeploy Undeploying context [/web-service]
13-Feb-2023 18:02:44.644 WARNING [Catalina-utility-2] org.apache.catalina.loader.WebappClassLoaderBase.clearReferencesJdbc The web application [web-service] registered the JDBC driver [org.mariadb.jdbc.Driver] but failed to unregister it when the web application was stopped. To prevent a memory leak, the JDBC Driver has been forcibly unregistered.
13-Feb-2023 18:02:44.724 INFO [Catalina-utility-2] org.apache.catalina.startup.HostConfig.deployWAR Deploying web application archive [C:\Users\Gabriel\git\Data-Access\05-web-services\apache-tomcat-10.0.27\webapps\web-service.war]
13-Feb-2023 18:02:46.541 INFO [Catalina-utility-2] org.apache.jasper.servlet.TldScanner.scanJars At least one JAR was scanned for TLDs yet contained no TLDs. Enable debug logging for this logger for a complete list of JARs that were scanned but no TLDs were found in them. Skipping unneeded JARs during scanning can improve startup time and JSP compilation time.
13-Feb-2023 18:02:48.709 INFO [Catalina-utility-2] org.apache.catalina.startup.HostConfig.deployWAR Deployment of web application archive [C:\Users\Gabriel\git\Data-Access\05-web-services\apache-tomcat-10.0.27\webapps\web-service.war] has finished in [3,985] ms
13-Feb-2023 18:04:48.849 INFO [Catalina-utility-1] org.apache.catalina.startup.HostConfig.undeploy Undeploying context [/web-service]
13-Feb-2023 18:04:48.870 WARNING [Catalina-utility-1] org.apache.catalina.loader.WebappClassLoaderBase.clearReferencesJdbc The web application [web-service] registered the JDBC driver [org.mariadb.jdbc.Driver] but failed to unregister it when the web application was stopped. To prevent a memory leak, the JDBC Driver has been forcibly unregistered.
13-Feb-2023 18:04:48.916 INFO [Catalina-utility-1] org.apache.catalina.startup.HostConfig.deployWAR Deploying web application archive [C:\Users\Gabriel\git\Data-Access\05-web-services\apache-tomcat-10.0.27\webapps\web-service.war]
13-Feb-2023 18:04:50.550 INFO [Catalina-utility-1] org.apache.jasper.servlet.TldScanner.scanJars At least one JAR was scanned for TLDs yet contained no TLDs. Enable debug logging for this logger for a complete list of JARs that were scanned but no TLDs were found in them. Skipping unneeded JARs during scanning can improve startup time and JSP compilation time.
13-Feb-2023 18:04:52.689 INFO [Catalina-utility-1] org.apache.catalina.startup.HostConfig.deployWAR Deployment of web application archive [C:\Users\Gabriel\git\Data-Access\05-web-services\apache-tomcat-10.0.27\webapps\web-service.war] has finished in [3,773] ms
13-Feb-2023 18:05:52.775 INFO [Catalina-utility-2] org.apache.catalina.startup.HostConfig.undeploy Undeploying context [/web-service]
13-Feb-2023 18:05:52.838 INFO [Catalina-utility-2] org.apache.catalina.startup.HostConfig.deployWAR Deploying web application archive [C:\Users\Gabriel\git\Data-Access\05-web-services\apache-tomcat-10.0.27\webapps\web-service.war]
13-Feb-2023 18:05:54.385 INFO [Catalina-utility-2] org.apache.jasper.servlet.TldScanner.scanJars At least one JAR was scanned for TLDs yet contained no TLDs. Enable debug logging for this logger for a complete list of JARs that were scanned but no TLDs were found in them. Skipping unneeded JARs during scanning can improve startup time and JSP compilation time.
13-Feb-2023 18:05:56.395 INFO [Catalina-utility-2] org.apache.catalina.startup.HostConfig.deployWAR Deployment of web application archive [C:\Users\Gabriel\git\Data-Access\05-web-services\apache-tomcat-10.0.27\webapps\web-service.war] has finished in [3,557] ms
13-Feb-2023 18:06:56.037 INFO [main] org.apache.catalina.core.StandardServer.await A valid shutdown command was received via the shutdown port. Stopping the Server instance.
13-Feb-2023 18:06:56.038 INFO [main] org.apache.coyote.AbstractProtocol.pause Pausing ProtocolHandler ["http-nio-8080"]
13-Feb-2023 18:06:56.097 INFO [main] org.apache.catalina.core.StandardService.stopInternal Stopping service [Catalina]
13-Feb-2023 18:06:56.172 INFO [main] org.apache.coyote.AbstractProtocol.stop Stopping ProtocolHandler ["http-nio-8080"]
13-Feb-2023 18:06:56.190 INFO [main] org.apache.coyote.AbstractProtocol.destroy Destroying ProtocolHandler ["http-nio-8080"]
