14-Feb-2023 09:12:59.065 INFO [main] org.apache.catalina.startup.VersionLoggerListener.log Server version name:   Apache Tomcat/10.0.27
14-Feb-2023 09:12:59.069 INFO [main] org.apache.catalina.startup.VersionLoggerListener.log Server built:          Oct 3 2022 14:18:31 UTC
14-Feb-2023 09:12:59.070 INFO [main] org.apache.catalina.startup.VersionLoggerListener.log Server version number: 10.0.27.0
14-Feb-2023 09:12:59.070 INFO [main] org.apache.catalina.startup.VersionLoggerListener.log OS Name:               Windows 10
14-Feb-2023 09:12:59.070 INFO [main] org.apache.catalina.startup.VersionLoggerListener.log OS Version:            10.0
14-Feb-2023 09:12:59.070 INFO [main] org.apache.catalina.startup.VersionLoggerListener.log Architecture:          amd64
14-Feb-2023 09:12:59.070 INFO [main] org.apache.catalina.startup.VersionLoggerListener.log Java Home:             C:\Program Files\Eclipse Adoptium\jdk-11.0.16.101-hotspot
14-Feb-2023 09:12:59.070 INFO [main] org.apache.catalina.startup.VersionLoggerListener.log JVM Version:           11.0.16.1+1
14-Feb-2023 09:12:59.070 INFO [main] org.apache.catalina.startup.VersionLoggerListener.log JVM Vendor:            Eclipse Adoptium
14-Feb-2023 09:12:59.071 INFO [main] org.apache.catalina.startup.VersionLoggerListener.log CATALINA_BASE:         C:\Users\Gabriel\git\Data-Access\05-web-services\apache-tomcat-10.0.27
14-Feb-2023 09:12:59.071 INFO [main] org.apache.catalina.startup.VersionLoggerListener.log CATALINA_HOME:         C:\Users\Gabriel\git\Data-Access\05-web-services\apache-tomcat-10.0.27
14-Feb-2023 09:12:59.097 INFO [main] org.apache.catalina.startup.VersionLoggerListener.log Command line argument: -Djava.util.logging.config.file=c:\Users\Gabriel\git\Data-Access\05-web-services\apache-tomcat-10.0.27/conf/logging.properties
14-Feb-2023 09:12:59.097 INFO [main] org.apache.catalina.startup.VersionLoggerListener.log Command line argument: -Djava.util.logging.manager=org.apache.juli.ClassLoaderLogManager
14-Feb-2023 09:12:59.097 INFO [main] org.apache.catalina.startup.VersionLoggerListener.log Command line argument: -Djdk.tls.ephemeralDHKeySize=2048
14-Feb-2023 09:12:59.097 INFO [main] org.apache.catalina.startup.VersionLoggerListener.log Command line argument: -Djava.protocol.handler.pkgs=org.apache.catalina.webresources
14-Feb-2023 09:12:59.098 INFO [main] org.apache.catalina.startup.VersionLoggerListener.log Command line argument: -Dorg.apache.catalina.security.SecurityListener.UMASK=0027
14-Feb-2023 09:12:59.098 INFO [main] org.apache.catalina.startup.VersionLoggerListener.log Command line argument: -Dcatalina.base=c:\Users\Gabriel\git\Data-Access\05-web-services\apache-tomcat-10.0.27
14-Feb-2023 09:12:59.098 INFO [main] org.apache.catalina.startup.VersionLoggerListener.log Command line argument: -Dcatalina.home=c:\Users\Gabriel\git\Data-Access\05-web-services\apache-tomcat-10.0.27
14-Feb-2023 09:12:59.098 INFO [main] org.apache.catalina.startup.VersionLoggerListener.log Command line argument: -Djava.io.tmpdir=c:\Users\Gabriel\git\Data-Access\05-web-services\apache-tomcat-10.0.27/temp
14-Feb-2023 09:12:59.127 INFO [main] org.apache.catalina.core.AprLifecycleListener.lifecycleEvent The Apache Tomcat Native library which allows using OpenSSL was not found on the java.library.path: [C:\Program Files\Eclipse Adoptium\jdk-11.0.16.101-hotspot\bin;C:\WINDOWS\Sun\Java\bin;C:\WINDOWS\system32;C:\WINDOWS;C:\Program Files\Microsoft\jdk-11.0.16.101-hotspot\bin;C:\Program Files\Microsoft\jdk-11.0.12.7-hotspot\bin;C:\Program Files\Eclipse Adoptium\jdk-17.0.5.8-hotspot\bin;C:\Program Files\Eclipse Adoptium\jdk-11.0.16.101-hotspot\bin;C:\Windows\system32;C:\Windows;C:\Windows\System32\Wbem;C:\Windows\System32\WindowsPowerShell\v1.0\;C:\Windows\System32\OpenSSH\;C:\Program Files\Microsoft VS Code\bin;C:\WINDOWS\system32;C:\WINDOWS;C:\WINDOWS\System32\Wbem;C:\WINDOWS\System32\WindowsPowerShell\v1.0\;C:\WINDOWS\System32\OpenSSH\;C:\Program Files\Git\cmd;C:\xampp\php;C:\Program Files\dotnet\;C:\Users\Gabriel\AppData\Local\Android\Sdk;;C:\Program Files\Docker\Docker\resources\bin;C:\ProgramData\ComposerSetup\bin;C:\Program Files\nodejs\;C:\Program Files\PowerShell\7\;C:\Users\Gabriel\scoop\apps\gcc\current\bin;C:\Users\Gabriel\scoop\shims;C:\Users\Gabriel\AppData\Local\Microsoft\WindowsApps;C:\Users\Gabriel\.dotnet\tools;C:\Users\Gabriel\AppData\Local\Programs\oh-my-posh\bin;C:\apache-maven-3.8.6\bin;C:\Users\Gabriel\AppData\Roaming\Composer\vendor\bin;C:\Users\Gabriel\.dotnet\tools;C:\Users\Gabriel\AppData\Roaming\npm;.]
14-Feb-2023 09:12:59.649 INFO [main] org.apache.coyote.AbstractProtocol.init Initializing ProtocolHandler ["http-nio-8080"]
14-Feb-2023 09:12:59.691 INFO [main] org.apache.catalina.startup.Catalina.load Server initialization in [890] milliseconds
14-Feb-2023 09:12:59.797 INFO [main] org.apache.catalina.core.StandardService.startInternal Starting service [Catalina]
14-Feb-2023 09:12:59.798 INFO [main] org.apache.catalina.core.StandardEngine.startInternal Starting Servlet engine: [Apache Tomcat/10.0.27]
14-Feb-2023 09:12:59.833 INFO [main] org.apache.catalina.startup.HostConfig.deployWAR Deploying web application archive [C:\Users\Gabriel\git\Data-Access\05-web-services\apache-tomcat-10.0.27\webapps\demo.war]
14-Feb-2023 09:13:01.426 INFO [main] org.apache.jasper.servlet.TldScanner.scanJars At least one JAR was scanned for TLDs yet contained no TLDs. Enable debug logging for this logger for a complete list of JARs that were scanned but no TLDs were found in them. Skipping unneeded JARs during scanning can improve startup time and JSP compilation time.
14-Feb-2023 09:13:03.849 INFO [main] org.apache.catalina.startup.HostConfig.deployWAR Deployment of web application archive [C:\Users\Gabriel\git\Data-Access\05-web-services\apache-tomcat-10.0.27\webapps\demo.war] has finished in [4,015] ms
14-Feb-2023 09:13:03.855 INFO [main] org.apache.catalina.startup.HostConfig.deployWAR Deploying web application archive [C:\Users\Gabriel\git\Data-Access\05-web-services\apache-tomcat-10.0.27\webapps\web-service.war]
14-Feb-2023 09:13:05.596 INFO [main] org.apache.jasper.servlet.TldScanner.scanJars At least one JAR was scanned for TLDs yet contained no TLDs. Enable debug logging for this logger for a complete list of JARs that were scanned but no TLDs were found in them. Skipping unneeded JARs during scanning can improve startup time and JSP compilation time.
14-Feb-2023 09:13:07.830 INFO [main] org.apache.catalina.startup.HostConfig.deployWAR Deployment of web application archive [C:\Users\Gabriel\git\Data-Access\05-web-services\apache-tomcat-10.0.27\webapps\web-service.war] has finished in [3,975] ms
14-Feb-2023 09:13:07.831 INFO [main] org.apache.catalina.startup.HostConfig.deployDirectory Deploying web application directory [C:\Users\Gabriel\git\Data-Access\05-web-services\apache-tomcat-10.0.27\webapps\docs]
14-Feb-2023 09:13:07.876 INFO [main] org.apache.catalina.startup.HostConfig.deployDirectory Deployment of web application directory [C:\Users\Gabriel\git\Data-Access\05-web-services\apache-tomcat-10.0.27\webapps\docs] has finished in [45] ms
14-Feb-2023 09:13:07.877 INFO [main] org.apache.catalina.startup.HostConfig.deployDirectory Deploying web application directory [C:\Users\Gabriel\git\Data-Access\05-web-services\apache-tomcat-10.0.27\webapps\examples]
14-Feb-2023 09:13:08.456 INFO [main] org.apache.catalina.startup.HostConfig.deployDirectory Deployment of web application directory [C:\Users\Gabriel\git\Data-Access\05-web-services\apache-tomcat-10.0.27\webapps\examples] has finished in [579] ms
14-Feb-2023 09:13:08.457 INFO [main] org.apache.catalina.startup.HostConfig.deployDirectory Deploying web application directory [C:\Users\Gabriel\git\Data-Access\05-web-services\apache-tomcat-10.0.27\webapps\host-manager]
14-Feb-2023 09:13:08.534 INFO [main] org.apache.catalina.startup.HostConfig.deployDirectory Deployment of web application directory [C:\Users\Gabriel\git\Data-Access\05-web-services\apache-tomcat-10.0.27\webapps\host-manager] has finished in [77] ms
14-Feb-2023 09:13:08.535 INFO [main] org.apache.catalina.startup.HostConfig.deployDirectory Deploying web application directory [C:\Users\Gabriel\git\Data-Access\05-web-services\apache-tomcat-10.0.27\webapps\manager]
14-Feb-2023 09:13:08.605 INFO [main] org.apache.catalina.startup.HostConfig.deployDirectory Deployment of web application directory [C:\Users\Gabriel\git\Data-Access\05-web-services\apache-tomcat-10.0.27\webapps\manager] has finished in [70] ms
14-Feb-2023 09:13:08.605 INFO [main] org.apache.catalina.startup.HostConfig.deployDirectory Deploying web application directory [C:\Users\Gabriel\git\Data-Access\05-web-services\apache-tomcat-10.0.27\webapps\ROOT]
14-Feb-2023 09:13:08.699 INFO [main] org.apache.catalina.startup.HostConfig.deployDirectory Deployment of web application directory [C:\Users\Gabriel\git\Data-Access\05-web-services\apache-tomcat-10.0.27\webapps\ROOT] has finished in [92] ms
14-Feb-2023 09:13:08.713 INFO [main] org.apache.coyote.AbstractProtocol.start Starting ProtocolHandler ["http-nio-8080"]
14-Feb-2023 09:13:08.838 INFO [main] org.apache.catalina.startup.Catalina.start Server startup in [9145] milliseconds
14-Feb-2023 09:45:21.512 INFO [Catalina-utility-2] org.apache.catalina.startup.HostConfig.undeploy Undeploying context [/web-service]
14-Feb-2023 09:45:21.591 INFO [Catalina-utility-2] org.apache.catalina.startup.HostConfig.deployWAR Deploying web application archive [C:\Users\Gabriel\git\Data-Access\05-web-services\apache-tomcat-10.0.27\webapps\web-service.war]
14-Feb-2023 09:45:23.392 INFO [Catalina-utility-2] org.apache.jasper.servlet.TldScanner.scanJars At least one JAR was scanned for TLDs yet contained no TLDs. Enable debug logging for this logger for a complete list of JARs that were scanned but no TLDs were found in them. Skipping unneeded JARs during scanning can improve startup time and JSP compilation time.
14-Feb-2023 09:45:25.694 INFO [Catalina-utility-2] org.apache.catalina.startup.HostConfig.deployWAR Deployment of web application archive [C:\Users\Gabriel\git\Data-Access\05-web-services\apache-tomcat-10.0.27\webapps\web-service.war] has finished in [4,102] ms
14-Feb-2023 09:50:21.701 INFO [main] org.apache.catalina.core.StandardServer.await A valid shutdown command was received via the shutdown port. Stopping the Server instance.
14-Feb-2023 09:50:21.701 INFO [main] org.apache.coyote.AbstractProtocol.pause Pausing ProtocolHandler ["http-nio-8080"]
14-Feb-2023 09:50:21.772 INFO [main] org.apache.catalina.core.StandardService.stopInternal Stopping service [Catalina]
14-Feb-2023 09:50:21.893 WARNING [main] org.apache.catalina.loader.WebappClassLoaderBase.clearReferencesJdbc The web application [web-service] registered the JDBC driver [org.mariadb.jdbc.Driver] but failed to unregister it when the web application was stopped. To prevent a memory leak, the JDBC Driver has been forcibly unregistered.
14-Feb-2023 09:50:21.906 INFO [main] org.apache.coyote.AbstractProtocol.stop Stopping ProtocolHandler ["http-nio-8080"]
14-Feb-2023 09:50:21.925 INFO [main] org.apache.coyote.AbstractProtocol.destroy Destroying ProtocolHandler ["http-nio-8080"]
14-Feb-2023 09:52:55.607 INFO [main] org.apache.catalina.startup.VersionLoggerListener.log Server version name:   Apache Tomcat/10.0.27
14-Feb-2023 09:52:55.612 INFO [main] org.apache.catalina.startup.VersionLoggerListener.log Server built:          Oct 3 2022 14:18:31 UTC
14-Feb-2023 09:52:55.612 INFO [main] org.apache.catalina.startup.VersionLoggerListener.log Server version number: 10.0.27.0
14-Feb-2023 09:52:55.612 INFO [main] org.apache.catalina.startup.VersionLoggerListener.log OS Name:               Windows 10
14-Feb-2023 09:52:55.612 INFO [main] org.apache.catalina.startup.VersionLoggerListener.log OS Version:            10.0
14-Feb-2023 09:52:55.613 INFO [main] org.apache.catalina.startup.VersionLoggerListener.log Architecture:          amd64
14-Feb-2023 09:52:55.613 INFO [main] org.apache.catalina.startup.VersionLoggerListener.log Java Home:             C:\Program Files\Eclipse Adoptium\jdk-11.0.16.101-hotspot
14-Feb-2023 09:52:55.613 INFO [main] org.apache.catalina.startup.VersionLoggerListener.log JVM Version:           11.0.16.1+1
14-Feb-2023 09:52:55.613 INFO [main] org.apache.catalina.startup.VersionLoggerListener.log JVM Vendor:            Eclipse Adoptium
14-Feb-2023 09:52:55.613 INFO [main] org.apache.catalina.startup.VersionLoggerListener.log CATALINA_BASE:         C:\Users\Gabriel\git\Data-Access\05-web-services\apache-tomcat-10.0.27
14-Feb-2023 09:52:55.614 INFO [main] org.apache.catalina.startup.VersionLoggerListener.log CATALINA_HOME:         C:\Users\Gabriel\git\Data-Access\05-web-services\apache-tomcat-10.0.27
14-Feb-2023 09:52:55.639 INFO [main] org.apache.catalina.startup.VersionLoggerListener.log Command line argument: -Djava.util.logging.config.file=c:\Users\Gabriel\git\Data-Access\05-web-services\apache-tomcat-10.0.27/conf/logging.properties
14-Feb-2023 09:52:55.639 INFO [main] org.apache.catalina.startup.VersionLoggerListener.log Command line argument: -Djava.util.logging.manager=org.apache.juli.ClassLoaderLogManager
14-Feb-2023 09:52:55.640 INFO [main] org.apache.catalina.startup.VersionLoggerListener.log Command line argument: -Djdk.tls.ephemeralDHKeySize=2048
14-Feb-2023 09:52:55.640 INFO [main] org.apache.catalina.startup.VersionLoggerListener.log Command line argument: -Djava.protocol.handler.pkgs=org.apache.catalina.webresources
14-Feb-2023 09:52:55.640 INFO [main] org.apache.catalina.startup.VersionLoggerListener.log Command line argument: -Dorg.apache.catalina.security.SecurityListener.UMASK=0027
14-Feb-2023 09:52:55.640 INFO [main] org.apache.catalina.startup.VersionLoggerListener.log Command line argument: -Dcatalina.base=c:\Users\Gabriel\git\Data-Access\05-web-services\apache-tomcat-10.0.27
14-Feb-2023 09:52:55.640 INFO [main] org.apache.catalina.startup.VersionLoggerListener.log Command line argument: -Dcatalina.home=c:\Users\Gabriel\git\Data-Access\05-web-services\apache-tomcat-10.0.27
14-Feb-2023 09:52:55.641 INFO [main] org.apache.catalina.startup.VersionLoggerListener.log Command line argument: -Djava.io.tmpdir=c:\Users\Gabriel\git\Data-Access\05-web-services\apache-tomcat-10.0.27/temp
14-Feb-2023 09:52:55.668 INFO [main] org.apache.catalina.core.AprLifecycleListener.lifecycleEvent The Apache Tomcat Native library which allows using OpenSSL was not found on the java.library.path: [C:\Program Files\Eclipse Adoptium\jdk-11.0.16.101-hotspot\bin;C:\WINDOWS\Sun\Java\bin;C:\WINDOWS\system32;C:\WINDOWS;C:\Program Files\Microsoft\jdk-11.0.16.101-hotspot\bin;C:\Program Files\Microsoft\jdk-11.0.12.7-hotspot\bin;C:\Program Files\Eclipse Adoptium\jdk-17.0.5.8-hotspot\bin;C:\Program Files\Eclipse Adoptium\jdk-11.0.16.101-hotspot\bin;C:\Windows\system32;C:\Windows;C:\Windows\System32\Wbem;C:\Windows\System32\WindowsPowerShell\v1.0\;C:\Windows\System32\OpenSSH\;C:\Program Files\Microsoft VS Code\bin;C:\WINDOWS\system32;C:\WINDOWS;C:\WINDOWS\System32\Wbem;C:\WINDOWS\System32\WindowsPowerShell\v1.0\;C:\WINDOWS\System32\OpenSSH\;C:\Program Files\Git\cmd;C:\xampp\php;C:\Program Files\dotnet\;C:\Users\Gabriel\AppData\Local\Android\Sdk;;C:\Program Files\Docker\Docker\resources\bin;C:\ProgramData\ComposerSetup\bin;C:\Program Files\nodejs\;C:\Program Files\PowerShell\7\;C:\Users\Gabriel\scoop\apps\gcc\current\bin;C:\Users\Gabriel\scoop\shims;C:\Users\Gabriel\AppData\Local\Microsoft\WindowsApps;C:\Users\Gabriel\.dotnet\tools;C:\Users\Gabriel\AppData\Local\Programs\oh-my-posh\bin;C:\apache-maven-3.8.6\bin;C:\Users\Gabriel\AppData\Roaming\Composer\vendor\bin;C:\Users\Gabriel\.dotnet\tools;C:\Users\Gabriel\AppData\Roaming\npm;.]
14-Feb-2023 09:52:56.193 INFO [main] org.apache.coyote.AbstractProtocol.init Initializing ProtocolHandler ["http-nio-8080"]
14-Feb-2023 09:52:56.237 INFO [main] org.apache.catalina.startup.Catalina.load Server initialization in [868] milliseconds
14-Feb-2023 09:52:56.339 INFO [main] org.apache.catalina.core.StandardService.startInternal Starting service [Catalina]
14-Feb-2023 09:52:56.339 INFO [main] org.apache.catalina.core.StandardEngine.startInternal Starting Servlet engine: [Apache Tomcat/10.0.27]
14-Feb-2023 09:52:56.368 INFO [main] org.apache.catalina.startup.HostConfig.deployWAR Deploying web application archive [C:\Users\Gabriel\git\Data-Access\05-web-services\apache-tomcat-10.0.27\webapps\demo.war]
14-Feb-2023 09:52:58.057 INFO [main] org.apache.jasper.servlet.TldScanner.scanJars At least one JAR was scanned for TLDs yet contained no TLDs. Enable debug logging for this logger for a complete list of JARs that were scanned but no TLDs were found in them. Skipping unneeded JARs during scanning can improve startup time and JSP compilation time.
14-Feb-2023 09:53:00.477 INFO [main] org.apache.catalina.startup.HostConfig.deployWAR Deployment of web application archive [C:\Users\Gabriel\git\Data-Access\05-web-services\apache-tomcat-10.0.27\webapps\demo.war] has finished in [4,109] ms
14-Feb-2023 09:53:00.481 INFO [main] org.apache.catalina.startup.HostConfig.deployWAR Deploying web application archive [C:\Users\Gabriel\git\Data-Access\05-web-services\apache-tomcat-10.0.27\webapps\web-service.war]
14-Feb-2023 09:53:02.179 INFO [main] org.apache.jasper.servlet.TldScanner.scanJars At least one JAR was scanned for TLDs yet contained no TLDs. Enable debug logging for this logger for a complete list of JARs that were scanned but no TLDs were found in them. Skipping unneeded JARs during scanning can improve startup time and JSP compilation time.
14-Feb-2023 09:53:04.313 INFO [main] org.apache.catalina.startup.HostConfig.deployWAR Deployment of web application archive [C:\Users\Gabriel\git\Data-Access\05-web-services\apache-tomcat-10.0.27\webapps\web-service.war] has finished in [3,832] ms
14-Feb-2023 09:53:04.316 INFO [main] org.apache.catalina.startup.HostConfig.deployDirectory Deploying web application directory [C:\Users\Gabriel\git\Data-Access\05-web-services\apache-tomcat-10.0.27\webapps\docs]
14-Feb-2023 09:53:04.348 INFO [main] org.apache.catalina.startup.HostConfig.deployDirectory Deployment of web application directory [C:\Users\Gabriel\git\Data-Access\05-web-services\apache-tomcat-10.0.27\webapps\docs] has finished in [32] ms
14-Feb-2023 09:53:04.349 INFO [main] org.apache.catalina.startup.HostConfig.deployDirectory Deploying web application directory [C:\Users\Gabriel\git\Data-Access\05-web-services\apache-tomcat-10.0.27\webapps\examples]
14-Feb-2023 09:53:04.783 INFO [main] org.apache.catalina.startup.HostConfig.deployDirectory Deployment of web application directory [C:\Users\Gabriel\git\Data-Access\05-web-services\apache-tomcat-10.0.27\webapps\examples] has finished in [434] ms
14-Feb-2023 09:53:04.783 INFO [main] org.apache.catalina.startup.HostConfig.deployDirectory Deploying web application directory [C:\Users\Gabriel\git\Data-Access\05-web-services\apache-tomcat-10.0.27\webapps\host-manager]
14-Feb-2023 09:53:04.826 INFO [main] org.apache.catalina.startup.HostConfig.deployDirectory Deployment of web application directory [C:\Users\Gabriel\git\Data-Access\05-web-services\apache-tomcat-10.0.27\webapps\host-manager] has finished in [43] ms
14-Feb-2023 09:53:04.827 INFO [main] org.apache.catalina.startup.HostConfig.deployDirectory Deploying web application directory [C:\Users\Gabriel\git\Data-Access\05-web-services\apache-tomcat-10.0.27\webapps\manager]
14-Feb-2023 09:53:04.873 INFO [main] org.apache.catalina.startup.HostConfig.deployDirectory Deployment of web application directory [C:\Users\Gabriel\git\Data-Access\05-web-services\apache-tomcat-10.0.27\webapps\manager] has finished in [47] ms
14-Feb-2023 09:53:04.873 INFO [main] org.apache.catalina.startup.HostConfig.deployDirectory Deploying web application directory [C:\Users\Gabriel\git\Data-Access\05-web-services\apache-tomcat-10.0.27\webapps\ROOT]
14-Feb-2023 09:53:04.908 INFO [main] org.apache.catalina.startup.HostConfig.deployDirectory Deployment of web application directory [C:\Users\Gabriel\git\Data-Access\05-web-services\apache-tomcat-10.0.27\webapps\ROOT] has finished in [34] ms
14-Feb-2023 09:53:04.916 INFO [main] org.apache.coyote.AbstractProtocol.start Starting ProtocolHandler ["http-nio-8080"]
14-Feb-2023 09:53:05.014 INFO [main] org.apache.catalina.startup.Catalina.start Server startup in [8775] milliseconds
14-Feb-2023 09:54:07.363 INFO [main] org.apache.catalina.core.StandardServer.await A valid shutdown command was received via the shutdown port. Stopping the Server instance.
14-Feb-2023 09:54:07.364 INFO [main] org.apache.coyote.AbstractProtocol.pause Pausing ProtocolHandler ["http-nio-8080"]
14-Feb-2023 09:54:07.420 INFO [main] org.apache.catalina.core.StandardService.stopInternal Stopping service [Catalina]
14-Feb-2023 09:54:07.486 INFO [main] org.apache.coyote.AbstractProtocol.stop Stopping ProtocolHandler ["http-nio-8080"]
14-Feb-2023 09:54:07.506 INFO [main] org.apache.coyote.AbstractProtocol.destroy Destroying ProtocolHandler ["http-nio-8080"]
14-Feb-2023 09:58:38.456 INFO [main] org.apache.catalina.startup.VersionLoggerListener.log Server version name:   Apache Tomcat/10.0.27
14-Feb-2023 09:58:38.460 INFO [main] org.apache.catalina.startup.VersionLoggerListener.log Server built:          Oct 3 2022 14:18:31 UTC
14-Feb-2023 09:58:38.460 INFO [main] org.apache.catalina.startup.VersionLoggerListener.log Server version number: 10.0.27.0
14-Feb-2023 09:58:38.460 INFO [main] org.apache.catalina.startup.VersionLoggerListener.log OS Name:               Windows 10
14-Feb-2023 09:58:38.460 INFO [main] org.apache.catalina.startup.VersionLoggerListener.log OS Version:            10.0
14-Feb-2023 09:58:38.460 INFO [main] org.apache.catalina.startup.VersionLoggerListener.log Architecture:          amd64
14-Feb-2023 09:58:38.461 INFO [main] org.apache.catalina.startup.VersionLoggerListener.log Java Home:             C:\Program Files\Eclipse Adoptium\jdk-11.0.16.101-hotspot
14-Feb-2023 09:58:38.461 INFO [main] org.apache.catalina.startup.VersionLoggerListener.log JVM Version:           11.0.16.1+1
14-Feb-2023 09:58:38.461 INFO [main] org.apache.catalina.startup.VersionLoggerListener.log JVM Vendor:            Eclipse Adoptium
14-Feb-2023 09:58:38.461 INFO [main] org.apache.catalina.startup.VersionLoggerListener.log CATALINA_BASE:         C:\Users\Gabriel\git\Data-Access\05-web-services\apache-tomcat-10.0.27
14-Feb-2023 09:58:38.461 INFO [main] org.apache.catalina.startup.VersionLoggerListener.log CATALINA_HOME:         C:\Users\Gabriel\git\Data-Access\05-web-services\apache-tomcat-10.0.27
14-Feb-2023 09:58:38.477 INFO [main] org.apache.catalina.startup.VersionLoggerListener.log Command line argument: -Djava.util.logging.config.file=c:\Users\Gabriel\git\Data-Access\05-web-services\apache-tomcat-10.0.27/conf/logging.properties
14-Feb-2023 09:58:38.478 INFO [main] org.apache.catalina.startup.VersionLoggerListener.log Command line argument: -Djava.util.logging.manager=org.apache.juli.ClassLoaderLogManager
14-Feb-2023 09:58:38.478 INFO [main] org.apache.catalina.startup.VersionLoggerListener.log Command line argument: -Djdk.tls.ephemeralDHKeySize=2048
14-Feb-2023 09:58:38.478 INFO [main] org.apache.catalina.startup.VersionLoggerListener.log Command line argument: -Djava.protocol.handler.pkgs=org.apache.catalina.webresources
14-Feb-2023 09:58:38.478 INFO [main] org.apache.catalina.startup.VersionLoggerListener.log Command line argument: -Dorg.apache.catalina.security.SecurityListener.UMASK=0027
14-Feb-2023 09:58:38.478 INFO [main] org.apache.catalina.startup.VersionLoggerListener.log Command line argument: -Dcatalina.base=c:\Users\Gabriel\git\Data-Access\05-web-services\apache-tomcat-10.0.27
14-Feb-2023 09:58:38.479 INFO [main] org.apache.catalina.startup.VersionLoggerListener.log Command line argument: -Dcatalina.home=c:\Users\Gabriel\git\Data-Access\05-web-services\apache-tomcat-10.0.27
14-Feb-2023 09:58:38.479 INFO [main] org.apache.catalina.startup.VersionLoggerListener.log Command line argument: -Djava.io.tmpdir=c:\Users\Gabriel\git\Data-Access\05-web-services\apache-tomcat-10.0.27/temp
14-Feb-2023 09:58:38.502 INFO [main] org.apache.catalina.core.AprLifecycleListener.lifecycleEvent The Apache Tomcat Native library which allows using OpenSSL was not found on the java.library.path: [C:\Program Files\Eclipse Adoptium\jdk-11.0.16.101-hotspot\bin;C:\WINDOWS\Sun\Java\bin;C:\WINDOWS\system32;C:\WINDOWS;C:\Program Files\Microsoft\jdk-11.0.16.101-hotspot\bin;C:\Program Files\Microsoft\jdk-11.0.12.7-hotspot\bin;C:\Program Files\Eclipse Adoptium\jdk-17.0.5.8-hotspot\bin;C:\Program Files\Eclipse Adoptium\jdk-11.0.16.101-hotspot\bin;C:\Windows\system32;C:\Windows;C:\Windows\System32\Wbem;C:\Windows\System32\WindowsPowerShell\v1.0\;C:\Windows\System32\OpenSSH\;C:\Program Files\Microsoft VS Code\bin;C:\WINDOWS\system32;C:\WINDOWS;C:\WINDOWS\System32\Wbem;C:\WINDOWS\System32\WindowsPowerShell\v1.0\;C:\WINDOWS\System32\OpenSSH\;C:\Program Files\Git\cmd;C:\xampp\php;C:\Program Files\dotnet\;C:\Users\Gabriel\AppData\Local\Android\Sdk;;C:\Program Files\Docker\Docker\resources\bin;C:\ProgramData\ComposerSetup\bin;C:\Program Files\nodejs\;C:\Program Files\PowerShell\7\;C:\Users\Gabriel\scoop\apps\gcc\current\bin;C:\Users\Gabriel\scoop\shims;C:\Users\Gabriel\AppData\Local\Microsoft\WindowsApps;C:\Users\Gabriel\.dotnet\tools;C:\Users\Gabriel\AppData\Local\Programs\oh-my-posh\bin;C:\apache-maven-3.8.6\bin;C:\Users\Gabriel\AppData\Roaming\Composer\vendor\bin;C:\Users\Gabriel\.dotnet\tools;C:\Users\Gabriel\AppData\Roaming\npm;.]
14-Feb-2023 09:58:39.027 INFO [main] org.apache.coyote.AbstractProtocol.init Initializing ProtocolHandler ["http-nio-8080"]
14-Feb-2023 09:58:39.068 INFO [main] org.apache.catalina.startup.Catalina.load Server initialization in [854] milliseconds
14-Feb-2023 09:58:39.171 INFO [main] org.apache.catalina.core.StandardService.startInternal Starting service [Catalina]
14-Feb-2023 09:58:39.171 INFO [main] org.apache.catalina.core.StandardEngine.startInternal Starting Servlet engine: [Apache Tomcat/10.0.27]
14-Feb-2023 09:58:39.195 INFO [main] org.apache.catalina.startup.HostConfig.deployWAR Deploying web application archive [C:\Users\Gabriel\git\Data-Access\05-web-services\apache-tomcat-10.0.27\webapps\demo.war]
14-Feb-2023 09:58:40.701 INFO [main] org.apache.jasper.servlet.TldScanner.scanJars At least one JAR was scanned for TLDs yet contained no TLDs. Enable debug logging for this logger for a complete list of JARs that were scanned but no TLDs were found in them. Skipping unneeded JARs during scanning can improve startup time and JSP compilation time.
14-Feb-2023 09:58:43.028 INFO [main] org.apache.catalina.startup.HostConfig.deployWAR Deployment of web application archive [C:\Users\Gabriel\git\Data-Access\05-web-services\apache-tomcat-10.0.27\webapps\demo.war] has finished in [3,832] ms
14-Feb-2023 09:58:43.029 INFO [main] org.apache.catalina.startup.HostConfig.deployDirectory Deploying web application directory [C:\Users\Gabriel\git\Data-Access\05-web-services\apache-tomcat-10.0.27\webapps\docs]
14-Feb-2023 09:58:43.068 INFO [main] org.apache.catalina.startup.HostConfig.deployDirectory Deployment of web application directory [C:\Users\Gabriel\git\Data-Access\05-web-services\apache-tomcat-10.0.27\webapps\docs] has finished in [39] ms
14-Feb-2023 09:58:43.068 INFO [main] org.apache.catalina.startup.HostConfig.deployDirectory Deploying web application directory [C:\Users\Gabriel\git\Data-Access\05-web-services\apache-tomcat-10.0.27\webapps\examples]
14-Feb-2023 09:58:43.497 INFO [main] org.apache.catalina.startup.HostConfig.deployDirectory Deployment of web application directory [C:\Users\Gabriel\git\Data-Access\05-web-services\apache-tomcat-10.0.27\webapps\examples] has finished in [429] ms
14-Feb-2023 09:58:43.498 INFO [main] org.apache.catalina.startup.HostConfig.deployDirectory Deploying web application directory [C:\Users\Gabriel\git\Data-Access\05-web-services\apache-tomcat-10.0.27\webapps\host-manager]
14-Feb-2023 09:58:43.554 INFO [main] org.apache.catalina.startup.HostConfig.deployDirectory Deployment of web application directory [C:\Users\Gabriel\git\Data-Access\05-web-services\apache-tomcat-10.0.27\webapps\host-manager] has finished in [56] ms
14-Feb-2023 09:58:43.554 INFO [main] org.apache.catalina.startup.HostConfig.deployDirectory Deploying web application directory [C:\Users\Gabriel\git\Data-Access\05-web-services\apache-tomcat-10.0.27\webapps\manager]
14-Feb-2023 09:58:43.602 INFO [main] org.apache.catalina.startup.HostConfig.deployDirectory Deployment of web application directory [C:\Users\Gabriel\git\Data-Access\05-web-services\apache-tomcat-10.0.27\webapps\manager] has finished in [48] ms
14-Feb-2023 09:58:43.602 INFO [main] org.apache.catalina.startup.HostConfig.deployDirectory Deploying web application directory [C:\Users\Gabriel\git\Data-Access\05-web-services\apache-tomcat-10.0.27\webapps\ROOT]
14-Feb-2023 09:58:43.644 INFO [main] org.apache.catalina.startup.HostConfig.deployDirectory Deployment of web application directory [C:\Users\Gabriel\git\Data-Access\05-web-services\apache-tomcat-10.0.27\webapps\ROOT] has finished in [41] ms
14-Feb-2023 09:58:43.644 INFO [main] org.apache.catalina.startup.HostConfig.deployDirectory Deploying web application directory [C:\Users\Gabriel\git\Data-Access\05-web-services\apache-tomcat-10.0.27\webapps\web-service]
14-Feb-2023 09:58:45.334 INFO [main] org.apache.jasper.servlet.TldScanner.scanJars At least one JAR was scanned for TLDs yet contained no TLDs. Enable debug logging for this logger for a complete list of JARs that were scanned but no TLDs were found in them. Skipping unneeded JARs during scanning can improve startup time and JSP compilation time.
14-Feb-2023 09:58:47.477 INFO [main] org.apache.catalina.startup.HostConfig.deployDirectory Deployment of web application directory [C:\Users\Gabriel\git\Data-Access\05-web-services\apache-tomcat-10.0.27\webapps\web-service] has finished in [3,833] ms
14-Feb-2023 09:58:47.483 INFO [main] org.apache.coyote.AbstractProtocol.start Starting ProtocolHandler ["http-nio-8080"]
14-Feb-2023 09:58:47.570 INFO [main] org.apache.catalina.startup.Catalina.start Server startup in [8500] milliseconds
14-Feb-2023 10:06:48.212 INFO [Catalina-utility-2] org.apache.catalina.startup.HostConfig.undeploy Undeploying context [/web-service]
14-Feb-2023 10:06:48.331 INFO [Catalina-utility-2] org.apache.catalina.startup.HostConfig.deployWAR Deploying web application archive [C:\Users\Gabriel\git\Data-Access\05-web-services\apache-tomcat-10.0.27\webapps\web-service.war]
14-Feb-2023 10:06:49.946 INFO [Catalina-utility-2] org.apache.jasper.servlet.TldScanner.scanJars At least one JAR was scanned for TLDs yet contained no TLDs. Enable debug logging for this logger for a complete list of JARs that were scanned but no TLDs were found in them. Skipping unneeded JARs during scanning can improve startup time and JSP compilation time.
14-Feb-2023 10:06:52.080 INFO [Catalina-utility-2] org.apache.catalina.startup.HostConfig.deployWAR Deployment of web application archive [C:\Users\Gabriel\git\Data-Access\05-web-services\apache-tomcat-10.0.27\webapps\web-service.war] has finished in [3,749] ms
14-Feb-2023 10:11:16.963 INFO [main] org.apache.catalina.core.StandardServer.await A valid shutdown command was received via the shutdown port. Stopping the Server instance.
14-Feb-2023 10:11:16.963 INFO [main] org.apache.coyote.AbstractProtocol.pause Pausing ProtocolHandler ["http-nio-8080"]
14-Feb-2023 10:11:17.030 INFO [main] org.apache.catalina.core.StandardService.stopInternal Stopping service [Catalina]
14-Feb-2023 10:11:17.100 INFO [main] org.apache.coyote.AbstractProtocol.stop Stopping ProtocolHandler ["http-nio-8080"]
14-Feb-2023 10:11:17.118 INFO [main] org.apache.coyote.AbstractProtocol.destroy Destroying ProtocolHandler ["http-nio-8080"]
14-Feb-2023 10:12:30.429 INFO [main] org.apache.catalina.startup.VersionLoggerListener.log Server version name:   Apache Tomcat/10.0.27
14-Feb-2023 10:12:30.433 INFO [main] org.apache.catalina.startup.VersionLoggerListener.log Server built:          Oct 3 2022 14:18:31 UTC
14-Feb-2023 10:12:30.434 INFO [main] org.apache.catalina.startup.VersionLoggerListener.log Server version number: 10.0.27.0
14-Feb-2023 10:12:30.434 INFO [main] org.apache.catalina.startup.VersionLoggerListener.log OS Name:               Windows 10
14-Feb-2023 10:12:30.434 INFO [main] org.apache.catalina.startup.VersionLoggerListener.log OS Version:            10.0
14-Feb-2023 10:12:30.434 INFO [main] org.apache.catalina.startup.VersionLoggerListener.log Architecture:          amd64
14-Feb-2023 10:12:30.434 INFO [main] org.apache.catalina.startup.VersionLoggerListener.log Java Home:             C:\Program Files\Eclipse Adoptium\jdk-11.0.16.101-hotspot
14-Feb-2023 10:12:30.434 INFO [main] org.apache.catalina.startup.VersionLoggerListener.log JVM Version:           11.0.16.1+1
14-Feb-2023 10:12:30.435 INFO [main] org.apache.catalina.startup.VersionLoggerListener.log JVM Vendor:            Eclipse Adoptium
14-Feb-2023 10:12:30.435 INFO [main] org.apache.catalina.startup.VersionLoggerListener.log CATALINA_BASE:         C:\Users\Gabriel\git\Data-Access\05-web-services\apache-tomcat-10.0.27
14-Feb-2023 10:12:30.435 INFO [main] org.apache.catalina.startup.VersionLoggerListener.log CATALINA_HOME:         C:\Users\Gabriel\git\Data-Access\05-web-services\apache-tomcat-10.0.27
14-Feb-2023 10:12:30.457 INFO [main] org.apache.catalina.startup.VersionLoggerListener.log Command line argument: -Djava.util.logging.config.file=c:\Users\Gabriel\git\Data-Access\05-web-services\apache-tomcat-10.0.27/conf/logging.properties
14-Feb-2023 10:12:30.457 INFO [main] org.apache.catalina.startup.VersionLoggerListener.log Command line argument: -Djava.util.logging.manager=org.apache.juli.ClassLoaderLogManager
14-Feb-2023 10:12:30.457 INFO [main] org.apache.catalina.startup.VersionLoggerListener.log Command line argument: -Djdk.tls.ephemeralDHKeySize=2048
14-Feb-2023 10:12:30.457 INFO [main] org.apache.catalina.startup.VersionLoggerListener.log Command line argument: -Djava.protocol.handler.pkgs=org.apache.catalina.webresources
14-Feb-2023 10:12:30.458 INFO [main] org.apache.catalina.startup.VersionLoggerListener.log Command line argument: -Dorg.apache.catalina.security.SecurityListener.UMASK=0027
14-Feb-2023 10:12:30.458 INFO [main] org.apache.catalina.startup.VersionLoggerListener.log Command line argument: -Dcatalina.base=c:\Users\Gabriel\git\Data-Access\05-web-services\apache-tomcat-10.0.27
14-Feb-2023 10:12:30.458 INFO [main] org.apache.catalina.startup.VersionLoggerListener.log Command line argument: -Dcatalina.home=c:\Users\Gabriel\git\Data-Access\05-web-services\apache-tomcat-10.0.27
14-Feb-2023 10:12:30.458 INFO [main] org.apache.catalina.startup.VersionLoggerListener.log Command line argument: -Djava.io.tmpdir=c:\Users\Gabriel\git\Data-Access\05-web-services\apache-tomcat-10.0.27/temp
14-Feb-2023 10:12:30.482 INFO [main] org.apache.catalina.core.AprLifecycleListener.lifecycleEvent The Apache Tomcat Native library which allows using OpenSSL was not found on the java.library.path: [C:\Program Files\Eclipse Adoptium\jdk-11.0.16.101-hotspot\bin;C:\WINDOWS\Sun\Java\bin;C:\WINDOWS\system32;C:\WINDOWS;C:\Program Files\Microsoft\jdk-11.0.16.101-hotspot\bin;C:\Program Files\Microsoft\jdk-11.0.12.7-hotspot\bin;C:\Program Files\Eclipse Adoptium\jdk-17.0.5.8-hotspot\bin;C:\Program Files\Eclipse Adoptium\jdk-11.0.16.101-hotspot\bin;C:\Windows\system32;C:\Windows;C:\Windows\System32\Wbem;C:\Windows\System32\WindowsPowerShell\v1.0\;C:\Windows\System32\OpenSSH\;C:\Program Files\Microsoft VS Code\bin;C:\WINDOWS\system32;C:\WINDOWS;C:\WINDOWS\System32\Wbem;C:\WINDOWS\System32\WindowsPowerShell\v1.0\;C:\WINDOWS\System32\OpenSSH\;C:\Program Files\Git\cmd;C:\xampp\php;C:\Program Files\dotnet\;C:\Users\Gabriel\AppData\Local\Android\Sdk;;C:\Program Files\Docker\Docker\resources\bin;C:\ProgramData\ComposerSetup\bin;C:\Program Files\nodejs\;C:\Program Files\PowerShell\7\;C:\Users\Gabriel\scoop\apps\gcc\current\bin;C:\Users\Gabriel\scoop\shims;C:\Users\Gabriel\AppData\Local\Microsoft\WindowsApps;C:\Users\Gabriel\.dotnet\tools;C:\Users\Gabriel\AppData\Local\Programs\oh-my-posh\bin;C:\apache-maven-3.8.6\bin;C:\Users\Gabriel\AppData\Roaming\Composer\vendor\bin;C:\Users\Gabriel\.dotnet\tools;C:\Users\Gabriel\AppData\Roaming\npm;.]
14-Feb-2023 10:12:31.022 INFO [main] org.apache.coyote.AbstractProtocol.init Initializing ProtocolHandler ["http-nio-8080"]
14-Feb-2023 10:12:31.092 INFO [main] org.apache.catalina.startup.Catalina.load Server initialization in [929] milliseconds
14-Feb-2023 10:12:31.234 INFO [main] org.apache.catalina.core.StandardService.startInternal Starting service [Catalina]
14-Feb-2023 10:12:31.234 INFO [main] org.apache.catalina.core.StandardEngine.startInternal Starting Servlet engine: [Apache Tomcat/10.0.27]
14-Feb-2023 10:12:31.270 INFO [main] org.apache.catalina.startup.HostConfig.deployWAR Deploying web application archive [C:\Users\Gabriel\git\Data-Access\05-web-services\apache-tomcat-10.0.27\webapps\demo.war]
14-Feb-2023 10:12:33.077 INFO [main] org.apache.jasper.servlet.TldScanner.scanJars At least one JAR was scanned for TLDs yet contained no TLDs. Enable debug logging for this logger for a complete list of JARs that were scanned but no TLDs were found in them. Skipping unneeded JARs during scanning can improve startup time and JSP compilation time.
14-Feb-2023 10:12:35.806 INFO [main] org.apache.catalina.startup.HostConfig.deployWAR Deployment of web application archive [C:\Users\Gabriel\git\Data-Access\05-web-services\apache-tomcat-10.0.27\webapps\demo.war] has finished in [4,535] ms
14-Feb-2023 10:12:35.807 INFO [main] org.apache.catalina.startup.HostConfig.deployDirectory Deploying web application directory [C:\Users\Gabriel\git\Data-Access\05-web-services\apache-tomcat-10.0.27\webapps\docs]
14-Feb-2023 10:12:35.846 INFO [main] org.apache.catalina.startup.HostConfig.deployDirectory Deployment of web application directory [C:\Users\Gabriel\git\Data-Access\05-web-services\apache-tomcat-10.0.27\webapps\docs] has finished in [39] ms
14-Feb-2023 10:12:35.846 INFO [main] org.apache.catalina.startup.HostConfig.deployDirectory Deploying web application directory [C:\Users\Gabriel\git\Data-Access\05-web-services\apache-tomcat-10.0.27\webapps\examples]
14-Feb-2023 10:12:36.323 INFO [main] org.apache.catalina.startup.HostConfig.deployDirectory Deployment of web application directory [C:\Users\Gabriel\git\Data-Access\05-web-services\apache-tomcat-10.0.27\webapps\examples] has finished in [477] ms
14-Feb-2023 10:12:36.324 INFO [main] org.apache.catalina.startup.HostConfig.deployDirectory Deploying web application directory [C:\Users\Gabriel\git\Data-Access\05-web-services\apache-tomcat-10.0.27\webapps\host-manager]
14-Feb-2023 10:12:36.388 INFO [main] org.apache.catalina.startup.HostConfig.deployDirectory Deployment of web application directory [C:\Users\Gabriel\git\Data-Access\05-web-services\apache-tomcat-10.0.27\webapps\host-manager] has finished in [64] ms
14-Feb-2023 10:12:36.388 INFO [main] org.apache.catalina.startup.HostConfig.deployDirectory Deploying web application directory [C:\Users\Gabriel\git\Data-Access\05-web-services\apache-tomcat-10.0.27\webapps\manager]
14-Feb-2023 10:12:36.438 INFO [main] org.apache.catalina.startup.HostConfig.deployDirectory Deployment of web application directory [C:\Users\Gabriel\git\Data-Access\05-web-services\apache-tomcat-10.0.27\webapps\manager] has finished in [50] ms
14-Feb-2023 10:12:36.439 INFO [main] org.apache.catalina.startup.HostConfig.deployDirectory Deploying web application directory [C:\Users\Gabriel\git\Data-Access\05-web-services\apache-tomcat-10.0.27\webapps\ROOT]
14-Feb-2023 10:12:36.525 INFO [main] org.apache.catalina.startup.HostConfig.deployDirectory Deployment of web application directory [C:\Users\Gabriel\git\Data-Access\05-web-services\apache-tomcat-10.0.27\webapps\ROOT] has finished in [86] ms
14-Feb-2023 10:12:36.526 INFO [main] org.apache.catalina.startup.HostConfig.deployDirectory Deploying web application directory [C:\Users\Gabriel\git\Data-Access\05-web-services\apache-tomcat-10.0.27\webapps\web-service]
14-Feb-2023 10:12:38.262 INFO [main] org.apache.jasper.servlet.TldScanner.scanJars At least one JAR was scanned for TLDs yet contained no TLDs. Enable debug logging for this logger for a complete list of JARs that were scanned but no TLDs were found in them. Skipping unneeded JARs during scanning can improve startup time and JSP compilation time.
14-Feb-2023 10:12:40.486 INFO [main] org.apache.catalina.startup.HostConfig.deployDirectory Deployment of web application directory [C:\Users\Gabriel\git\Data-Access\05-web-services\apache-tomcat-10.0.27\webapps\web-service] has finished in [3,961] ms
14-Feb-2023 10:12:40.493 INFO [main] org.apache.coyote.AbstractProtocol.start Starting ProtocolHandler ["http-nio-8080"]
14-Feb-2023 10:12:40.580 INFO [main] org.apache.catalina.startup.Catalina.start Server startup in [9487] milliseconds
14-Feb-2023 10:17:41.129 INFO [Catalina-utility-1] org.apache.catalina.startup.HostConfig.undeploy Undeploying context [/web-service]
14-Feb-2023 10:17:41.205 INFO [Catalina-utility-1] org.apache.catalina.startup.HostConfig.deployWAR Deploying web application archive [C:\Users\Gabriel\git\Data-Access\05-web-services\apache-tomcat-10.0.27\webapps\web-service.war]
14-Feb-2023 10:17:42.933 INFO [Catalina-utility-1] org.apache.jasper.servlet.TldScanner.scanJars At least one JAR was scanned for TLDs yet contained no TLDs. Enable debug logging for this logger for a complete list of JARs that were scanned but no TLDs were found in them. Skipping unneeded JARs during scanning can improve startup time and JSP compilation time.
14-Feb-2023 10:17:46.079 INFO [Catalina-utility-1] org.apache.catalina.startup.HostConfig.deployWAR Deployment of web application archive [C:\Users\Gabriel\git\Data-Access\05-web-services\apache-tomcat-10.0.27\webapps\web-service.war] has finished in [4,874] ms
14-Feb-2023 13:56:32.750 INFO [main] org.apache.catalina.core.StandardServer.await A valid shutdown command was received via the shutdown port. Stopping the Server instance.
14-Feb-2023 13:56:32.797 INFO [main] org.apache.coyote.AbstractProtocol.pause Pausing ProtocolHandler ["http-nio-8080"]
14-Feb-2023 13:56:32.907 INFO [main] org.apache.catalina.core.StandardService.stopInternal Stopping service [Catalina]
14-Feb-2023 13:56:33.618 WARNING [main] org.apache.catalina.loader.WebappClassLoaderBase.clearReferencesJdbc The web application [web-service] registered the JDBC driver [org.mariadb.jdbc.Driver] but failed to unregister it when the web application was stopped. To prevent a memory leak, the JDBC Driver has been forcibly unregistered.
14-Feb-2023 13:56:33.714 INFO [main] org.apache.coyote.AbstractProtocol.stop Stopping ProtocolHandler ["http-nio-8080"]
14-Feb-2023 13:56:33.746 INFO [main] org.apache.coyote.AbstractProtocol.destroy Destroying ProtocolHandler ["http-nio-8080"]
