01-Feb-2023 11:11:14.038 INFO [main] org.apache.catalina.core.ApplicationContext.log ContextListener: contextInitialized()
01-Feb-2023 11:11:14.039 INFO [main] org.apache.catalina.core.ApplicationContext.log SessionListener: contextInitialized()
01-Feb-2023 11:11:14.041 INFO [main] org.apache.catalina.core.ApplicationContext.log ContextListener: attributeAdded('StockTicker', 'async.Stockticker@2640f5ea')
01-Feb-2023 11:12:05.030 INFO [main] org.apache.catalina.core.ApplicationContext.log SessionListener: contextDestroyed()
01-Feb-2023 11:12:05.030 INFO [main] org.apache.catalina.core.ApplicationContext.log ContextListener: contextDestroyed()
01-Feb-2023 11:15:43.084 INFO [main] org.apache.catalina.core.ApplicationContext.log ContextListener: contextInitialized()
01-Feb-2023 11:15:43.084 INFO [main] org.apache.catalina.core.ApplicationContext.log SessionListener: contextInitialized()
01-Feb-2023 11:15:43.087 INFO [main] org.apache.catalina.core.ApplicationContext.log ContextListener: attributeAdded('StockTicker', 'async.Stockticker@7a4ea134')
01-Feb-2023 11:21:29.021 INFO [main] org.apache.catalina.core.ApplicationContext.log SessionListener: contextDestroyed()
01-Feb-2023 11:21:29.021 INFO [main] org.apache.catalina.core.ApplicationContext.log ContextListener: contextDestroyed()
01-Feb-2023 11:21:47.729 INFO [main] org.apache.catalina.core.ApplicationContext.log ContextListener: contextInitialized()
01-Feb-2023 11:21:47.729 INFO [main] org.apache.catalina.core.ApplicationContext.log SessionListener: contextInitialized()
01-Feb-2023 11:21:47.732 INFO [main] org.apache.catalina.core.ApplicationContext.log ContextListener: attributeAdded('StockTicker', 'async.Stockticker@58ea2bc2')
01-Feb-2023 11:23:23.996 INFO [main] org.apache.catalina.core.ApplicationContext.log SessionListener: contextDestroyed()
01-Feb-2023 11:23:23.996 INFO [main] org.apache.catalina.core.ApplicationContext.log ContextListener: contextDestroyed()
01-Feb-2023 11:23:37.379 INFO [main] org.apache.catalina.core.ApplicationContext.log ContextListener: contextInitialized()
01-Feb-2023 11:23:37.379 INFO [main] org.apache.catalina.core.ApplicationContext.log SessionListener: contextInitialized()
01-Feb-2023 11:23:37.381 INFO [main] org.apache.catalina.core.ApplicationContext.log ContextListener: attributeAdded('StockTicker', 'async.Stockticker@8a1bd62')
01-Feb-2023 11:25:11.697 INFO [main] org.apache.catalina.core.ApplicationContext.log SessionListener: contextDestroyed()
01-Feb-2023 11:25:11.697 INFO [main] org.apache.catalina.core.ApplicationContext.log ContextListener: contextDestroyed()
01-Feb-2023 11:28:38.529 INFO [main] org.apache.catalina.core.ApplicationContext.log ContextListener: contextInitialized()
01-Feb-2023 11:28:38.530 INFO [main] org.apache.catalina.core.ApplicationContext.log SessionListener: contextInitialized()
01-Feb-2023 11:28:38.533 INFO [main] org.apache.catalina.core.ApplicationContext.log ContextListener: attributeAdded('StockTicker', 'async.Stockticker@75225415')
01-Feb-2023 11:42:43.829 INFO [main] org.apache.catalina.core.ApplicationContext.log SessionListener: contextDestroyed()
01-Feb-2023 11:42:43.829 INFO [main] org.apache.catalina.core.ApplicationContext.log ContextListener: contextDestroyed()
